[0.067s] Invoking command in '/home/keime/mros2_ws/build/micro_ros_msgs': CMAKE_PREFIX_PATH=/opt/ros/humble /usr/bin/cmake /home/keime/mros2_ws/src/uros/micro_ros_msgs -DCMAKE_INSTALL_PREFIX=/home/keime/mros2_ws/install/micro_ros_msgs
[0.111s] -- Found ament_cmake: 1.3.8 (/opt/ros/humble/share/ament_cmake/cmake)
[0.241s] -- Found rosidl_default_generators: 1.2.0 (/opt/ros/humble/share/rosidl_default_generators/cmake)
[0.243s] -- Using all available rosidl_typesupport_c: rosidl_typesupport_fastrtps_c;rosidl_typesupport_introspection_c
[0.247s] -- Found rosidl_adapter: 3.1.5 (/opt/ros/humble/share/rosidl_adapter/cmake)
[0.337s] -- Using all available rosidl_typesupport_cpp: rosidl_typesupport_fastrtps_cpp;rosidl_typesupport_introspection_cpp
[0.366s] -- Found ament_lint_auto: 0.12.10 (/opt/ros/humble/share/ament_lint_auto/cmake)
[0.559s] -- Found ament_cmake_ros: 0.10.0 (/opt/ros/humble/share/ament_cmake_ros/cmake)
[0.684s] -- Using all available rosidl_typesupport_c: rosidl_typesupport_fastrtps_c;rosidl_typesupport_introspection_c
[0.845s] -- Using all available rosidl_typesupport_cpp: rosidl_typesupport_fastrtps_cpp;rosidl_typesupport_introspection_cpp
[0.862s] -- Found python_cmake_module: 0.10.0 (/opt/ros/humble/share/python_cmake_module/cmake)
[0.880s] -- Using PYTHON_EXECUTABLE: /usr/bin/python3
[0.880s] -- Using PYTHON_INCLUDE_DIRS: /usr/include/python3.10
[0.880s] -- Using PYTHON_LIBRARIES: /usr/lib/x86_64-linux-gnu/libpython3.10.so
[0.892s] -- Added test 'copyright' to check source files copyright and LICENSE
[0.897s] -- Added test 'lint_cmake' to check CMake code style
[0.899s] -- Added test 'xmllint' to check XML markup files
[0.907s] -- Configuring done
[0.950s] -- Generating done
[0.952s] -- Build files have been written to: /home/keime/mros2_ws/build/micro_ros_msgs
[0.957s] Invoked command in '/home/keime/mros2_ws/build/micro_ros_msgs' returned '0': CMAKE_PREFIX_PATH=/opt/ros/humble /usr/bin/cmake /home/keime/mros2_ws/src/uros/micro_ros_msgs -DCMAKE_INSTALL_PREFIX=/home/keime/mros2_ws/install/micro_ros_msgs
[0.958s] Invoking command in '/home/keime/mros2_ws/build/micro_ros_msgs': CMAKE_PREFIX_PATH=/opt/ros/humble /usr/bin/cmake --build /home/keime/mros2_ws/build/micro_ros_msgs -- -j2 -l2
[0.979s] [35m[1mConsolidate compiler generated dependencies of target micro_ros_msgs__rosidl_generator_c[0m
[0.983s] [  2%] Built target micro_ros_msgs__cpp
[0.992s] [ 12%] Built target micro_ros_msgs__rosidl_generator_c
[0.999s] [35m[1mConsolidate compiler generated dependencies of target micro_ros_msgs__rosidl_typesupport_cpp[0m
[1.005s] [ 12%] Built target ament_cmake_python_copy_micro_ros_msgs
[1.011s] [ 23%] Built target micro_ros_msgs__rosidl_typesupport_cpp
[1.011s] [35m[1mConsolidate compiler generated dependencies of target micro_ros_msgs__rosidl_typesupport_fastrtps_c[0m
[1.017s] [35m[1mConsolidate compiler generated dependencies of target micro_ros_msgs__rosidl_typesupport_introspection_c[0m
[1.021s] [ 34%] Built target micro_ros_msgs__rosidl_typesupport_fastrtps_c
[1.023s] [ 44%] Built target micro_ros_msgs__rosidl_typesupport_introspection_c
[1.027s] [35m[1mConsolidate compiler generated dependencies of target micro_ros_msgs__rosidl_typesupport_c[0m
[1.030s] [35m[1mConsolidate compiler generated dependencies of target micro_ros_msgs__rosidl_typesupport_fastrtps_cpp[0m
[1.034s] [ 55%] Built target micro_ros_msgs__rosidl_typesupport_c
[1.037s] [ 65%] Built target micro_ros_msgs__rosidl_typesupport_fastrtps_cpp
[1.044s] [35m[1mConsolidate compiler generated dependencies of target micro_ros_msgs__rosidl_typesupport_introspection_cpp[0m
[1.050s] [ 76%] Built target micro_ros_msgs__rosidl_typesupport_introspection_cpp
[1.061s] [ 76%] Built target micro_ros_msgs
[1.071s] [ 78%] Built target micro_ros_msgs__py
[1.077s] [35m[1mConsolidate compiler generated dependencies of target micro_ros_msgs__rosidl_generator_py[0m
[1.088s] [ 87%] Built target micro_ros_msgs__rosidl_generator_py
[1.093s] [35m[1mConsolidate compiler generated dependencies of target micro_ros_msgs__rosidl_typesupport_fastrtps_c__pyext[0m
[1.099s] [ 91%] Built target micro_ros_msgs__rosidl_typesupport_fastrtps_c__pyext
[1.105s] [35m[1mConsolidate compiler generated dependencies of target micro_ros_msgs__rosidl_typesupport_introspection_c__pyext[0m
[1.112s] [ 95%] Built target micro_ros_msgs__rosidl_typesupport_introspection_c__pyext
[1.118s] [35m[1mConsolidate compiler generated dependencies of target micro_ros_msgs__rosidl_typesupport_c__pyext[0m
[1.125s] [100%] Built target micro_ros_msgs__rosidl_typesupport_c__pyext
[1.215s] running egg_info
[1.216s] writing micro_ros_msgs.egg-info/PKG-INFO
[1.216s] writing dependency_links to micro_ros_msgs.egg-info/dependency_links.txt
[1.216s] writing top-level names to micro_ros_msgs.egg-info/top_level.txt
[1.219s] reading manifest file 'micro_ros_msgs.egg-info/SOURCES.txt'
[1.219s] writing manifest file 'micro_ros_msgs.egg-info/SOURCES.txt'
[1.235s] [100%] Built target ament_cmake_python_build_micro_ros_msgs_egg
[1.241s] Invoked command in '/home/keime/mros2_ws/build/micro_ros_msgs' returned '0': CMAKE_PREFIX_PATH=/opt/ros/humble /usr/bin/cmake --build /home/keime/mros2_ws/build/micro_ros_msgs -- -j2 -l2
[1.284s] Invoking command in '/home/keime/mros2_ws/build/micro_ros_msgs': CMAKE_PREFIX_PATH=/opt/ros/humble /usr/bin/cmake --install /home/keime/mros2_ws/build/micro_ros_msgs
[1.289s] -- Install configuration: ""
[1.289s] -- Up-to-date: /home/keime/mros2_ws/install/micro_ros_msgs/share/ament_index/resource_index/rosidl_interfaces/micro_ros_msgs
[1.289s] -- Up-to-date: /home/keime/mros2_ws/install/micro_ros_msgs/include/micro_ros_msgs/micro_ros_msgs
[1.289s] -- Up-to-date: /home/keime/mros2_ws/install/micro_ros_msgs/include/micro_ros_msgs/micro_ros_msgs/msg
[1.289s] -- Up-to-date: /home/keime/mros2_ws/install/micro_ros_msgs/include/micro_ros_msgs/micro_ros_msgs/msg/graph.h
[1.289s] -- Up-to-date: /home/keime/mros2_ws/install/micro_ros_msgs/include/micro_ros_msgs/micro_ros_msgs/msg/entity.h
[1.289s] -- Up-to-date: /home/keime/mros2_ws/install/micro_ros_msgs/include/micro_ros_msgs/micro_ros_msgs/msg/node.h
[1.289s] -- Up-to-date: /home/keime/mros2_ws/install/micro_ros_msgs/include/micro_ros_msgs/micro_ros_msgs/msg/detail
[1.289s] -- Up-to-date: /home/keime/mros2_ws/install/micro_ros_msgs/include/micro_ros_msgs/micro_ros_msgs/msg/detail/node__functions.c
[1.289s] -- Up-to-date: /home/keime/mros2_ws/install/micro_ros_msgs/include/micro_ros_msgs/micro_ros_msgs/msg/detail/node__functions.h
[1.289s] -- Up-to-date: /home/keime/mros2_ws/install/micro_ros_msgs/include/micro_ros_msgs/micro_ros_msgs/msg/detail/entity__struct.h
[1.289s] -- Up-to-date: /home/keime/mros2_ws/install/micro_ros_msgs/include/micro_ros_msgs/micro_ros_msgs/msg/detail/entity__functions.h
[1.290s] -- Up-to-date: /home/keime/mros2_ws/install/micro_ros_msgs/include/micro_ros_msgs/micro_ros_msgs/msg/detail/node__struct.h
[1.290s] -- Up-to-date: /home/keime/mros2_ws/install/micro_ros_msgs/include/micro_ros_msgs/micro_ros_msgs/msg/detail/entity__type_support.h
[1.290s] -- Up-to-date: /home/keime/mros2_ws/install/micro_ros_msgs/include/micro_ros_msgs/micro_ros_msgs/msg/detail/entity__functions.c
[1.290s] -- Up-to-date: /home/keime/mros2_ws/install/micro_ros_msgs/include/micro_ros_msgs/micro_ros_msgs/msg/detail/graph__functions.h
[1.290s] -- Up-to-date: /home/keime/mros2_ws/install/micro_ros_msgs/include/micro_ros_msgs/micro_ros_msgs/msg/detail/graph__struct.h
[1.290s] -- Up-to-date: /home/keime/mros2_ws/install/micro_ros_msgs/include/micro_ros_msgs/micro_ros_msgs/msg/detail/node__type_support.h
[1.290s] -- Up-to-date: /home/keime/mros2_ws/install/micro_ros_msgs/include/micro_ros_msgs/micro_ros_msgs/msg/detail/graph__functions.c
[1.290s] -- Up-to-date: /home/keime/mros2_ws/install/micro_ros_msgs/include/micro_ros_msgs/micro_ros_msgs/msg/detail/graph__type_support.h
[1.290s] -- Up-to-date: /home/keime/mros2_ws/install/micro_ros_msgs/include/micro_ros_msgs/micro_ros_msgs/msg/rosidl_generator_c__visibility_control.h
[1.290s] -- Up-to-date: /home/keime/mros2_ws/install/micro_ros_msgs/share/micro_ros_msgs/environment/library_path.sh
[1.290s] -- Installing: /home/keime/mros2_ws/install/micro_ros_msgs/share/micro_ros_msgs/environment/library_path.dsv
[1.290s] -- Up-to-date: /home/keime/mros2_ws/install/micro_ros_msgs/lib/libmicro_ros_msgs__rosidl_generator_c.so
[1.290s] -- Up-to-date: /home/keime/mros2_ws/install/micro_ros_msgs/include/micro_ros_msgs/micro_ros_msgs
[1.290s] -- Up-to-date: /home/keime/mros2_ws/install/micro_ros_msgs/include/micro_ros_msgs/micro_ros_msgs/msg
[1.290s] -- Up-to-date: /home/keime/mros2_ws/install/micro_ros_msgs/include/micro_ros_msgs/micro_ros_msgs/msg/rosidl_typesupport_fastrtps_c__visibility_control.h
[1.290s] -- Up-to-date: /home/keime/mros2_ws/install/micro_ros_msgs/include/micro_ros_msgs/micro_ros_msgs/msg/detail
[1.290s] -- Up-to-date: /home/keime/mros2_ws/install/micro_ros_msgs/include/micro_ros_msgs/micro_ros_msgs/msg/detail/node__rosidl_typesupport_fastrtps_c.h
[1.290s] -- Up-to-date: /home/keime/mros2_ws/install/micro_ros_msgs/include/micro_ros_msgs/micro_ros_msgs/msg/detail/graph__rosidl_typesupport_fastrtps_c.h
[1.290s] -- Up-to-date: /home/keime/mros2_ws/install/micro_ros_msgs/include/micro_ros_msgs/micro_ros_msgs/msg/detail/entity__rosidl_typesupport_fastrtps_c.h
[1.291s] -- Up-to-date: /home/keime/mros2_ws/install/micro_ros_msgs/lib/libmicro_ros_msgs__rosidl_typesupport_fastrtps_c.so
[1.291s] -- Up-to-date: /home/keime/mros2_ws/install/micro_ros_msgs/include/micro_ros_msgs/micro_ros_msgs
[1.291s] -- Up-to-date: /home/keime/mros2_ws/install/micro_ros_msgs/include/micro_ros_msgs/micro_ros_msgs/msg
[1.291s] -- Up-to-date: /home/keime/mros2_ws/install/micro_ros_msgs/include/micro_ros_msgs/micro_ros_msgs/msg/rosidl_typesupport_introspection_c__visibility_control.h
[1.291s] -- Up-to-date: /home/keime/mros2_ws/install/micro_ros_msgs/include/micro_ros_msgs/micro_ros_msgs/msg/detail
[1.291s] -- Up-to-date: /home/keime/mros2_ws/install/micro_ros_msgs/include/micro_ros_msgs/micro_ros_msgs/msg/detail/entity__rosidl_typesupport_introspection_c.h
[1.291s] -- Up-to-date: /home/keime/mros2_ws/install/micro_ros_msgs/include/micro_ros_msgs/micro_ros_msgs/msg/detail/node__rosidl_typesupport_introspection_c.h
[1.291s] -- Up-to-date: /home/keime/mros2_ws/install/micro_ros_msgs/include/micro_ros_msgs/micro_ros_msgs/msg/detail/graph__rosidl_typesupport_introspection_c.h
[1.291s] -- Up-to-date: /home/keime/mros2_ws/install/micro_ros_msgs/include/micro_ros_msgs/micro_ros_msgs/msg/detail/graph__type_support.c
[1.291s] -- Up-to-date: /home/keime/mros2_ws/install/micro_ros_msgs/include/micro_ros_msgs/micro_ros_msgs/msg/detail/entity__type_support.c
[1.291s] -- Up-to-date: /home/keime/mros2_ws/install/micro_ros_msgs/include/micro_ros_msgs/micro_ros_msgs/msg/detail/node__type_support.c
[1.291s] -- Up-to-date: /home/keime/mros2_ws/install/micro_ros_msgs/lib/libmicro_ros_msgs__rosidl_typesupport_introspection_c.so
[1.292s] -- Up-to-date: /home/keime/mros2_ws/install/micro_ros_msgs/lib/libmicro_ros_msgs__rosidl_typesupport_c.so
[1.292s] -- Up-to-date: /home/keime/mros2_ws/install/micro_ros_msgs/include/micro_ros_msgs/micro_ros_msgs
[1.292s] -- Up-to-date: /home/keime/mros2_ws/install/micro_ros_msgs/include/micro_ros_msgs/micro_ros_msgs/msg
[1.292s] -- Up-to-date: /home/keime/mros2_ws/install/micro_ros_msgs/include/micro_ros_msgs/micro_ros_msgs/msg/entity.hpp
[1.292s] -- Up-to-date: /home/keime/mros2_ws/install/micro_ros_msgs/include/micro_ros_msgs/micro_ros_msgs/msg/graph.hpp
[1.292s] -- Up-to-date: /home/keime/mros2_ws/install/micro_ros_msgs/include/micro_ros_msgs/micro_ros_msgs/msg/node.hpp
[1.292s] -- Up-to-date: /home/keime/mros2_ws/install/micro_ros_msgs/include/micro_ros_msgs/micro_ros_msgs/msg/detail
[1.292s] -- Up-to-date: /home/keime/mros2_ws/install/micro_ros_msgs/include/micro_ros_msgs/micro_ros_msgs/msg/detail/entity__traits.hpp
[1.292s] -- Up-to-date: /home/keime/mros2_ws/install/micro_ros_msgs/include/micro_ros_msgs/micro_ros_msgs/msg/detail/entity__builder.hpp
[1.292s] -- Up-to-date: /home/keime/mros2_ws/install/micro_ros_msgs/include/micro_ros_msgs/micro_ros_msgs/msg/detail/node__builder.hpp
[1.292s] -- Up-to-date: /home/keime/mros2_ws/install/micro_ros_msgs/include/micro_ros_msgs/micro_ros_msgs/msg/detail/node__traits.hpp
[1.293s] -- Up-to-date: /home/keime/mros2_ws/install/micro_ros_msgs/include/micro_ros_msgs/micro_ros_msgs/msg/detail/node__struct.hpp
[1.293s] -- Up-to-date: /home/keime/mros2_ws/install/micro_ros_msgs/include/micro_ros_msgs/micro_ros_msgs/msg/detail/graph__builder.hpp
[1.293s] -- Up-to-date: /home/keime/mros2_ws/install/micro_ros_msgs/include/micro_ros_msgs/micro_ros_msgs/msg/detail/entity__struct.hpp
[1.293s] -- Up-to-date: /home/keime/mros2_ws/install/micro_ros_msgs/include/micro_ros_msgs/micro_ros_msgs/msg/detail/graph__struct.hpp
[1.293s] -- Up-to-date: /home/keime/mros2_ws/install/micro_ros_msgs/include/micro_ros_msgs/micro_ros_msgs/msg/detail/graph__traits.hpp
[1.293s] -- Up-to-date: /home/keime/mros2_ws/install/micro_ros_msgs/include/micro_ros_msgs/micro_ros_msgs
[1.293s] -- Up-to-date: /home/keime/mros2_ws/install/micro_ros_msgs/include/micro_ros_msgs/micro_ros_msgs/msg
[1.293s] -- Up-to-date: /home/keime/mros2_ws/install/micro_ros_msgs/include/micro_ros_msgs/micro_ros_msgs/msg/rosidl_typesupport_fastrtps_cpp__visibility_control.h
[1.293s] -- Up-to-date: /home/keime/mros2_ws/install/micro_ros_msgs/include/micro_ros_msgs/micro_ros_msgs/msg/detail
[1.293s] -- Up-to-date: /home/keime/mros2_ws/install/micro_ros_msgs/include/micro_ros_msgs/micro_ros_msgs/msg/detail/node__rosidl_typesupport_fastrtps_cpp.hpp
[1.293s] -- Up-to-date: /home/keime/mros2_ws/install/micro_ros_msgs/include/micro_ros_msgs/micro_ros_msgs/msg/detail/entity__rosidl_typesupport_fastrtps_cpp.hpp
[1.293s] -- Up-to-date: /home/keime/mros2_ws/install/micro_ros_msgs/include/micro_ros_msgs/micro_ros_msgs/msg/detail/graph__rosidl_typesupport_fastrtps_cpp.hpp
[1.293s] -- Up-to-date: /home/keime/mros2_ws/install/micro_ros_msgs/include/micro_ros_msgs/micro_ros_msgs/msg/detail/dds_fastrtps
[1.293s] -- Up-to-date: /home/keime/mros2_ws/install/micro_ros_msgs/lib/libmicro_ros_msgs__rosidl_typesupport_fastrtps_cpp.so
[1.293s] -- Up-to-date: /home/keime/mros2_ws/install/micro_ros_msgs/include/micro_ros_msgs/micro_ros_msgs
[1.293s] -- Up-to-date: /home/keime/mros2_ws/install/micro_ros_msgs/include/micro_ros_msgs/micro_ros_msgs/msg
[1.293s] -- Up-to-date: /home/keime/mros2_ws/install/micro_ros_msgs/include/micro_ros_msgs/micro_ros_msgs/msg/detail
[1.293s] -- Up-to-date: /home/keime/mros2_ws/install/micro_ros_msgs/include/micro_ros_msgs/micro_ros_msgs/msg/detail/node__type_support.cpp
[1.293s] -- Up-to-date: /home/keime/mros2_ws/install/micro_ros_msgs/include/micro_ros_msgs/micro_ros_msgs/msg/detail/node__rosidl_typesupport_introspection_cpp.hpp
[1.293s] -- Up-to-date: /home/keime/mros2_ws/install/micro_ros_msgs/include/micro_ros_msgs/micro_ros_msgs/msg/detail/entity__rosidl_typesupport_introspection_cpp.hpp
[1.293s] -- Up-to-date: /home/keime/mros2_ws/install/micro_ros_msgs/include/micro_ros_msgs/micro_ros_msgs/msg/detail/graph__rosidl_typesupport_introspection_cpp.hpp
[1.293s] -- Up-to-date: /home/keime/mros2_ws/install/micro_ros_msgs/include/micro_ros_msgs/micro_ros_msgs/msg/detail/entity__type_support.cpp
[1.293s] -- Up-to-date: /home/keime/mros2_ws/install/micro_ros_msgs/include/micro_ros_msgs/micro_ros_msgs/msg/detail/graph__type_support.cpp
[1.293s] -- Up-to-date: /home/keime/mros2_ws/install/micro_ros_msgs/lib/libmicro_ros_msgs__rosidl_typesupport_introspection_cpp.so
[1.294s] -- Up-to-date: /home/keime/mros2_ws/install/micro_ros_msgs/lib/libmicro_ros_msgs__rosidl_typesupport_cpp.so
[1.294s] -- Up-to-date: /home/keime/mros2_ws/install/micro_ros_msgs/share/micro_ros_msgs/environment/pythonpath.sh
[1.294s] -- Installing: /home/keime/mros2_ws/install/micro_ros_msgs/share/micro_ros_msgs/environment/pythonpath.dsv
[1.294s] -- Up-to-date: /home/keime/mros2_ws/install/micro_ros_msgs/local/lib/python3.10/dist-packages/micro_ros_msgs-3.0.1-py3.10.egg-info
[1.294s] -- Installing: /home/keime/mros2_ws/install/micro_ros_msgs/local/lib/python3.10/dist-packages/micro_ros_msgs-3.0.1-py3.10.egg-info/SOURCES.txt
[1.294s] -- Installing: /home/keime/mros2_ws/install/micro_ros_msgs/local/lib/python3.10/dist-packages/micro_ros_msgs-3.0.1-py3.10.egg-info/dependency_links.txt
[1.294s] -- Installing: /home/keime/mros2_ws/install/micro_ros_msgs/local/lib/python3.10/dist-packages/micro_ros_msgs-3.0.1-py3.10.egg-info/PKG-INFO
[1.294s] -- Installing: /home/keime/mros2_ws/install/micro_ros_msgs/local/lib/python3.10/dist-packages/micro_ros_msgs-3.0.1-py3.10.egg-info/top_level.txt
[1.295s] -- Up-to-date: /home/keime/mros2_ws/install/micro_ros_msgs/local/lib/python3.10/dist-packages/micro_ros_msgs
[1.295s] -- Up-to-date: /home/keime/mros2_ws/install/micro_ros_msgs/local/lib/python3.10/dist-packages/micro_ros_msgs/micro_ros_msgs_s__rosidl_typesupport_introspection_c.cpython-310-x86_64-linux-gnu.so
[1.295s] -- Up-to-date: /home/keime/mros2_ws/install/micro_ros_msgs/local/lib/python3.10/dist-packages/micro_ros_msgs/_micro_ros_msgs_s.ep.rosidl_typesupport_c.c
[1.295s] -- Up-to-date: /home/keime/mros2_ws/install/micro_ros_msgs/local/lib/python3.10/dist-packages/micro_ros_msgs/_micro_ros_msgs_s.ep.rosidl_typesupport_fastrtps_c.c
[1.295s] -- Installing: /home/keime/mros2_ws/install/micro_ros_msgs/local/lib/python3.10/dist-packages/micro_ros_msgs/__init__.py
[1.295s] -- Up-to-date: /home/keime/mros2_ws/install/micro_ros_msgs/local/lib/python3.10/dist-packages/micro_ros_msgs/micro_ros_msgs_s__rosidl_typesupport_c.cpython-310-x86_64-linux-gnu.so
[1.295s] -- Up-to-date: /home/keime/mros2_ws/install/micro_ros_msgs/local/lib/python3.10/dist-packages/micro_ros_msgs/micro_ros_msgs_s__rosidl_typesupport_fastrtps_c.cpython-310-x86_64-linux-gnu.so
[1.295s] -- Up-to-date: /home/keime/mros2_ws/install/micro_ros_msgs/local/lib/python3.10/dist-packages/micro_ros_msgs/libmicro_ros_msgs__rosidl_generator_py.so
[1.295s] -- Up-to-date: /home/keime/mros2_ws/install/micro_ros_msgs/local/lib/python3.10/dist-packages/micro_ros_msgs/_micro_ros_msgs_s.ep.rosidl_typesupport_introspection_c.c
[1.295s] -- Up-to-date: /home/keime/mros2_ws/install/micro_ros_msgs/local/lib/python3.10/dist-packages/micro_ros_msgs/msg
[1.295s] -- Up-to-date: /home/keime/mros2_ws/install/micro_ros_msgs/local/lib/python3.10/dist-packages/micro_ros_msgs/msg/_entity_s.c
[1.295s] -- Up-to-date: /home/keime/mros2_ws/install/micro_ros_msgs/local/lib/python3.10/dist-packages/micro_ros_msgs/msg/__init__.py
[1.295s] -- Up-to-date: /home/keime/mros2_ws/install/micro_ros_msgs/local/lib/python3.10/dist-packages/micro_ros_msgs/msg/_graph_s.c
[1.295s] -- Up-to-date: /home/keime/mros2_ws/install/micro_ros_msgs/local/lib/python3.10/dist-packages/micro_ros_msgs/msg/_node.py
[1.295s] -- Up-to-date: /home/keime/mros2_ws/install/micro_ros_msgs/local/lib/python3.10/dist-packages/micro_ros_msgs/msg/_entity.py
[1.296s] -- Up-to-date: /home/keime/mros2_ws/install/micro_ros_msgs/local/lib/python3.10/dist-packages/micro_ros_msgs/msg/_graph.py
[1.296s] -- Up-to-date: /home/keime/mros2_ws/install/micro_ros_msgs/local/lib/python3.10/dist-packages/micro_ros_msgs/msg/_node_s.c
[1.319s] Listing '/home/keime/mros2_ws/install/micro_ros_msgs/local/lib/python3.10/dist-packages/micro_ros_msgs'...
[1.319s] Compiling '/home/keime/mros2_ws/install/micro_ros_msgs/local/lib/python3.10/dist-packages/micro_ros_msgs/__init__.py'...
[1.319s] Listing '/home/keime/mros2_ws/install/micro_ros_msgs/local/lib/python3.10/dist-packages/micro_ros_msgs/msg'...
[1.324s] -- Up-to-date: /home/keime/mros2_ws/install/micro_ros_msgs/local/lib/python3.10/dist-packages/micro_ros_msgs/micro_ros_msgs_s__rosidl_typesupport_fastrtps_c.cpython-310-x86_64-linux-gnu.so
[1.324s] -- Up-to-date: /home/keime/mros2_ws/install/micro_ros_msgs/local/lib/python3.10/dist-packages/micro_ros_msgs/micro_ros_msgs_s__rosidl_typesupport_introspection_c.cpython-310-x86_64-linux-gnu.so
[1.325s] -- Up-to-date: /home/keime/mros2_ws/install/micro_ros_msgs/local/lib/python3.10/dist-packages/micro_ros_msgs/micro_ros_msgs_s__rosidl_typesupport_c.cpython-310-x86_64-linux-gnu.so
[1.326s] -- Up-to-date: /home/keime/mros2_ws/install/micro_ros_msgs/lib/libmicro_ros_msgs__rosidl_generator_py.so
[1.326s] -- Up-to-date: /home/keime/mros2_ws/install/micro_ros_msgs/share/micro_ros_msgs/msg/Graph.idl
[1.326s] -- Up-to-date: /home/keime/mros2_ws/install/micro_ros_msgs/share/micro_ros_msgs/msg/Node.idl
[1.326s] -- Up-to-date: /home/keime/mros2_ws/install/micro_ros_msgs/share/micro_ros_msgs/msg/Entity.idl
[1.326s] -- Up-to-date: /home/keime/mros2_ws/install/micro_ros_msgs/share/micro_ros_msgs/msg/Graph.msg
[1.326s] -- Up-to-date: /home/keime/mros2_ws/install/micro_ros_msgs/share/micro_ros_msgs/msg/Node.msg
[1.326s] -- Up-to-date: /home/keime/mros2_ws/install/micro_ros_msgs/share/micro_ros_msgs/msg/Entity.msg
[1.326s] -- Up-to-date: /home/keime/mros2_ws/install/micro_ros_msgs/share/ament_index/resource_index/package_run_dependencies/micro_ros_msgs
[1.326s] -- Installing: /home/keime/mros2_ws/install/micro_ros_msgs/share/ament_index/resource_index/parent_prefix_path/micro_ros_msgs
[1.326s] -- Up-to-date: /home/keime/mros2_ws/install/micro_ros_msgs/share/micro_ros_msgs/environment/ament_prefix_path.sh
[1.326s] -- Installing: /home/keime/mros2_ws/install/micro_ros_msgs/share/micro_ros_msgs/environment/ament_prefix_path.dsv
[1.326s] -- Up-to-date: /home/keime/mros2_ws/install/micro_ros_msgs/share/micro_ros_msgs/environment/path.sh
[1.326s] -- Installing: /home/keime/mros2_ws/install/micro_ros_msgs/share/micro_ros_msgs/environment/path.dsv
[1.326s] -- Up-to-date: /home/keime/mros2_ws/install/micro_ros_msgs/share/micro_ros_msgs/local_setup.bash
[1.326s] -- Up-to-date: /home/keime/mros2_ws/install/micro_ros_msgs/share/micro_ros_msgs/local_setup.sh
[1.326s] -- Up-to-date: /home/keime/mros2_ws/install/micro_ros_msgs/share/micro_ros_msgs/local_setup.zsh
[1.326s] -- Installing: /home/keime/mros2_ws/install/micro_ros_msgs/share/micro_ros_msgs/local_setup.dsv
[1.326s] -- Installing: /home/keime/mros2_ws/install/micro_ros_msgs/share/micro_ros_msgs/package.dsv
[1.326s] -- Up-to-date: /home/keime/mros2_ws/install/micro_ros_msgs/share/ament_index/resource_index/packages/micro_ros_msgs
[1.326s] -- Up-to-date: /home/keime/mros2_ws/install/micro_ros_msgs/share/micro_ros_msgs/cmake/export_micro_ros_msgs__rosidl_generator_cExport.cmake
[1.327s] -- Up-to-date: /home/keime/mros2_ws/install/micro_ros_msgs/share/micro_ros_msgs/cmake/export_micro_ros_msgs__rosidl_generator_cExport-noconfig.cmake
[1.327s] -- Up-to-date: /home/keime/mros2_ws/install/micro_ros_msgs/share/micro_ros_msgs/cmake/export_micro_ros_msgs__rosidl_typesupport_fastrtps_cExport.cmake
[1.327s] -- Up-to-date: /home/keime/mros2_ws/install/micro_ros_msgs/share/micro_ros_msgs/cmake/export_micro_ros_msgs__rosidl_typesupport_fastrtps_cExport-noconfig.cmake
[1.327s] -- Up-to-date: /home/keime/mros2_ws/install/micro_ros_msgs/share/micro_ros_msgs/cmake/micro_ros_msgs__rosidl_typesupport_introspection_cExport.cmake
[1.327s] -- Up-to-date: /home/keime/mros2_ws/install/micro_ros_msgs/share/micro_ros_msgs/cmake/micro_ros_msgs__rosidl_typesupport_introspection_cExport-noconfig.cmake
[1.327s] -- Up-to-date: /home/keime/mros2_ws/install/micro_ros_msgs/share/micro_ros_msgs/cmake/micro_ros_msgs__rosidl_typesupport_cExport.cmake
[1.327s] -- Up-to-date: /home/keime/mros2_ws/install/micro_ros_msgs/share/micro_ros_msgs/cmake/micro_ros_msgs__rosidl_typesupport_cExport-noconfig.cmake
[1.328s] -- Up-to-date: /home/keime/mros2_ws/install/micro_ros_msgs/share/micro_ros_msgs/cmake/export_micro_ros_msgs__rosidl_generator_cppExport.cmake
[1.328s] -- Up-to-date: /home/keime/mros2_ws/install/micro_ros_msgs/share/micro_ros_msgs/cmake/export_micro_ros_msgs__rosidl_typesupport_fastrtps_cppExport.cmake
[1.328s] -- Up-to-date: /home/keime/mros2_ws/install/micro_ros_msgs/share/micro_ros_msgs/cmake/export_micro_ros_msgs__rosidl_typesupport_fastrtps_cppExport-noconfig.cmake
[1.328s] -- Up-to-date: /home/keime/mros2_ws/install/micro_ros_msgs/share/micro_ros_msgs/cmake/micro_ros_msgs__rosidl_typesupport_introspection_cppExport.cmake
[1.328s] -- Up-to-date: /home/keime/mros2_ws/install/micro_ros_msgs/share/micro_ros_msgs/cmake/micro_ros_msgs__rosidl_typesupport_introspection_cppExport-noconfig.cmake
[1.328s] -- Up-to-date: /home/keime/mros2_ws/install/micro_ros_msgs/share/micro_ros_msgs/cmake/micro_ros_msgs__rosidl_typesupport_cppExport.cmake
[1.328s] -- Up-to-date: /home/keime/mros2_ws/install/micro_ros_msgs/share/micro_ros_msgs/cmake/micro_ros_msgs__rosidl_typesupport_cppExport-noconfig.cmake
[1.330s] -- Up-to-date: /home/keime/mros2_ws/install/micro_ros_msgs/share/micro_ros_msgs/cmake/export_micro_ros_msgs__rosidl_generator_pyExport.cmake
[1.330s] -- Up-to-date: /home/keime/mros2_ws/install/micro_ros_msgs/share/micro_ros_msgs/cmake/export_micro_ros_msgs__rosidl_generator_pyExport-noconfig.cmake
[1.330s] -- Up-to-date: /home/keime/mros2_ws/install/micro_ros_msgs/share/micro_ros_msgs/cmake/rosidl_cmake-extras.cmake
[1.330s] -- Up-to-date: /home/keime/mros2_ws/install/micro_ros_msgs/share/micro_ros_msgs/cmake/ament_cmake_export_include_directories-extras.cmake
[1.330s] -- Up-to-date: /home/keime/mros2_ws/install/micro_ros_msgs/share/micro_ros_msgs/cmake/ament_cmake_export_libraries-extras.cmake
[1.330s] -- Up-to-date: /home/keime/mros2_ws/install/micro_ros_msgs/share/micro_ros_msgs/cmake/ament_cmake_export_targets-extras.cmake
[1.330s] -- Up-to-date: /home/keime/mros2_ws/install/micro_ros_msgs/share/micro_ros_msgs/cmake/rosidl_cmake_export_typesupport_targets-extras.cmake
[1.330s] -- Up-to-date: /home/keime/mros2_ws/install/micro_ros_msgs/share/micro_ros_msgs/cmake/ament_cmake_export_dependencies-extras.cmake
[1.330s] -- Up-to-date: /home/keime/mros2_ws/install/micro_ros_msgs/share/micro_ros_msgs/cmake/rosidl_cmake_export_typesupport_libraries-extras.cmake
[1.331s] -- Up-to-date: /home/keime/mros2_ws/install/micro_ros_msgs/share/micro_ros_msgs/cmake/micro_ros_msgsConfig.cmake
[1.331s] -- Up-to-date: /home/keime/mros2_ws/install/micro_ros_msgs/share/micro_ros_msgs/cmake/micro_ros_msgsConfig-version.cmake
[1.331s] -- Up-to-date: /home/keime/mros2_ws/install/micro_ros_msgs/share/micro_ros_msgs/package.xml
[1.332s] Invoked command in '/home/keime/mros2_ws/build/micro_ros_msgs' returned '0': CMAKE_PREFIX_PATH=/opt/ros/humble /usr/bin/cmake --install /home/keime/mros2_ws/build/micro_ros_msgs
