[0.896s] DEBUG:colcon:Command line arguments: ['/usr/bin/colcon', 'build']
[0.897s] DEBUG:colcon:Parsed command line arguments: Namespace(log_base=None, log_level=None, verb_name='build', build_base='build', install_base='install', merge_install=False, symlink_install=False, test_result_base=None, continue_on_error=False, executor='parallel', parallel_workers=2, event_handlers=None, ignore_user_meta=False, metas=['./colcon.meta'], base_paths=['.'], packages_ignore=None, packages_ignore_regex=None, paths=None, packages_up_to=None, packages_up_to_regex=None, packages_above=None, packages_above_and_dependencies=None, packages_above_depth=None, packages_select_by_dep=None, packages_skip_by_dep=None, packages_skip_up_to=None, packages_select_build_failed=False, packages_skip_build_finished=False, packages_select_test_failures=False, packages_skip_test_passed=False, packages_select=None, packages_skip=None, packages_select_regex=None, packages_skip_regex=None, packages_start=None, packages_end=None, allow_overriding=[], cmake_args=None, cmake_target=None, cmake_target_skip_unavailable=False, cmake_clean_cache=False, cmake_clean_first=False, cmake_force_configure=False, ament_cmake_args=None, catkin_cmake_args=None, catkin_skip_building_tests=False, verb_parser=<colcon_defaults.argument_parser.defaults.DefaultArgumentsDecorator object at 0x7f5239874a90>, verb_extension=<colcon_core.verb.build.BuildVerb object at 0x7f52398751e0>, main=<bound method BuildVerb.main of <colcon_core.verb.build.BuildVerb object at 0x7f52398751e0>>)
[0.950s] Level 1:colcon.colcon_core.package_discovery:discover_packages(colcon_meta) check parameters
[0.950s] Level 1:colcon.colcon_core.package_discovery:discover_packages(recursive) check parameters
[0.950s] Level 1:colcon.colcon_core.package_discovery:discover_packages(ignore) check parameters
[0.950s] Level 1:colcon.colcon_core.package_discovery:discover_packages(path) check parameters
[0.950s] Level 1:colcon.colcon_core.package_discovery:discover_packages(colcon_meta) discover
[0.950s] Level 1:colcon.colcon_core.package_discovery:discover_packages(recursive) discover
[0.950s] INFO:colcon.colcon_core.package_discovery:Crawling recursively for packages in '/home/keime/mros2_ws'
[0.950s] Level 1:colcon.colcon_core.package_identification:_identify(.) by extensions ['ignore', 'ignore_ament_install']
[0.950s] Level 1:colcon.colcon_core.package_identification:_identify(.) by extension 'ignore'
[0.950s] Level 1:colcon.colcon_core.package_identification:_identify(.) by extension 'ignore_ament_install'
[0.950s] Level 1:colcon.colcon_core.package_identification:_identify(.) by extensions ['colcon_pkg']
[0.950s] Level 1:colcon.colcon_core.package_identification:_identify(.) by extension 'colcon_pkg'
[0.951s] Level 1:colcon.colcon_core.package_identification:_identify(.) by extensions ['colcon_meta']
[0.951s] Level 1:colcon.colcon_core.package_identification:_identify(.) by extension 'colcon_meta'
[0.951s] Level 1:colcon.colcon_core.package_identification:_identify(.) by extensions ['ros']
[0.951s] Level 1:colcon.colcon_core.package_identification:_identify(.) by extension 'ros'
[0.963s] Level 1:colcon.colcon_core.package_identification:_identify(.) by extensions ['cmake', 'python']
[0.963s] Level 1:colcon.colcon_core.package_identification:_identify(.) by extension 'cmake'
[0.963s] Level 1:colcon.colcon_core.package_identification:_identify(.) by extension 'python'
[0.964s] Level 1:colcon.colcon_core.package_identification:_identify(.) by extensions ['python_setup_py']
[0.964s] Level 1:colcon.colcon_core.package_identification:_identify(.) by extension 'python_setup_py'
[0.964s] Level 1:colcon.colcon_core.package_identification:_identify(build) by extensions ['ignore', 'ignore_ament_install']
[0.964s] Level 1:colcon.colcon_core.package_identification:_identify(build) by extension 'ignore'
[0.964s] Level 1:colcon.colcon_core.package_identification:_identify(build) ignored
[0.964s] Level 1:colcon.colcon_core.package_identification:_identify(install) by extensions ['ignore', 'ignore_ament_install']
[0.964s] Level 1:colcon.colcon_core.package_identification:_identify(install) by extension 'ignore'
[0.964s] Level 1:colcon.colcon_core.package_identification:_identify(install) ignored
[0.964s] Level 1:colcon.colcon_core.package_identification:_identify(log) by extensions ['ignore', 'ignore_ament_install']
[0.964s] Level 1:colcon.colcon_core.package_identification:_identify(log) by extension 'ignore'
[0.964s] Level 1:colcon.colcon_core.package_identification:_identify(log) ignored
[0.964s] Level 1:colcon.colcon_core.package_identification:_identify(src) by extensions ['ignore', 'ignore_ament_install']
[0.964s] Level 1:colcon.colcon_core.package_identification:_identify(src) by extension 'ignore'
[0.964s] Level 1:colcon.colcon_core.package_identification:_identify(src) by extension 'ignore_ament_install'
[0.964s] Level 1:colcon.colcon_core.package_identification:_identify(src) by extensions ['colcon_pkg']
[0.965s] Level 1:colcon.colcon_core.package_identification:_identify(src) by extension 'colcon_pkg'
[0.965s] Level 1:colcon.colcon_core.package_identification:_identify(src) by extensions ['colcon_meta']
[0.965s] Level 1:colcon.colcon_core.package_identification:_identify(src) by extension 'colcon_meta'
[0.965s] Level 1:colcon.colcon_core.package_identification:_identify(src) by extensions ['ros']
[0.965s] Level 1:colcon.colcon_core.package_identification:_identify(src) by extension 'ros'
[0.965s] Level 1:colcon.colcon_core.package_identification:_identify(src) by extensions ['cmake', 'python']
[0.965s] Level 1:colcon.colcon_core.package_identification:_identify(src) by extension 'cmake'
[0.965s] Level 1:colcon.colcon_core.package_identification:_identify(src) by extension 'python'
[0.965s] Level 1:colcon.colcon_core.package_identification:_identify(src) by extensions ['python_setup_py']
[0.965s] Level 1:colcon.colcon_core.package_identification:_identify(src) by extension 'python_setup_py'
[0.965s] Level 1:colcon.colcon_core.package_identification:_identify(src/micro_ros_setup) by extensions ['ignore', 'ignore_ament_install']
[0.965s] Level 1:colcon.colcon_core.package_identification:_identify(src/micro_ros_setup) by extension 'ignore'
[0.965s] Level 1:colcon.colcon_core.package_identification:_identify(src/micro_ros_setup) by extension 'ignore_ament_install'
[0.965s] Level 1:colcon.colcon_core.package_identification:_identify(src/micro_ros_setup) by extensions ['colcon_pkg']
[0.965s] Level 1:colcon.colcon_core.package_identification:_identify(src/micro_ros_setup) by extension 'colcon_pkg'
[0.965s] Level 1:colcon.colcon_core.package_identification:_identify(src/micro_ros_setup) by extensions ['colcon_meta']
[0.965s] Level 1:colcon.colcon_core.package_identification:_identify(src/micro_ros_setup) by extension 'colcon_meta'
[0.965s] Level 1:colcon.colcon_core.package_identification:_identify(src/micro_ros_setup) by extensions ['ros']
[0.965s] Level 1:colcon.colcon_core.package_identification:_identify(src/micro_ros_setup) by extension 'ros'
[0.969s] DEBUG:colcon.colcon_core.package_identification:Package 'src/micro_ros_setup' with type 'ros.ament_cmake' and name 'micro_ros_setup'
[0.969s] Level 1:colcon.colcon_core.package_identification:_identify(src/uros) by extensions ['ignore', 'ignore_ament_install']
[0.969s] Level 1:colcon.colcon_core.package_identification:_identify(src/uros) by extension 'ignore'
[0.969s] Level 1:colcon.colcon_core.package_identification:_identify(src/uros) by extension 'ignore_ament_install'
[0.969s] Level 1:colcon.colcon_core.package_identification:_identify(src/uros) by extensions ['colcon_pkg']
[0.969s] Level 1:colcon.colcon_core.package_identification:_identify(src/uros) by extension 'colcon_pkg'
[0.969s] Level 1:colcon.colcon_core.package_identification:_identify(src/uros) by extensions ['colcon_meta']
[0.969s] Level 1:colcon.colcon_core.package_identification:_identify(src/uros) by extension 'colcon_meta'
[0.969s] Level 1:colcon.colcon_core.package_identification:_identify(src/uros) by extensions ['ros']
[0.969s] Level 1:colcon.colcon_core.package_identification:_identify(src/uros) by extension 'ros'
[0.969s] Level 1:colcon.colcon_core.package_identification:_identify(src/uros) by extensions ['cmake', 'python']
[0.969s] Level 1:colcon.colcon_core.package_identification:_identify(src/uros) by extension 'cmake'
[0.969s] Level 1:colcon.colcon_core.package_identification:_identify(src/uros) by extension 'python'
[0.969s] Level 1:colcon.colcon_core.package_identification:_identify(src/uros) by extensions ['python_setup_py']
[0.969s] Level 1:colcon.colcon_core.package_identification:_identify(src/uros) by extension 'python_setup_py'
[0.970s] Level 1:colcon.colcon_core.package_identification:_identify(src/uros/micro-ROS-Agent) by extensions ['ignore', 'ignore_ament_install']
[0.970s] Level 1:colcon.colcon_core.package_identification:_identify(src/uros/micro-ROS-Agent) by extension 'ignore'
[0.970s] Level 1:colcon.colcon_core.package_identification:_identify(src/uros/micro-ROS-Agent) by extension 'ignore_ament_install'
[0.970s] Level 1:colcon.colcon_core.package_identification:_identify(src/uros/micro-ROS-Agent) by extensions ['colcon_pkg']
[0.970s] Level 1:colcon.colcon_core.package_identification:_identify(src/uros/micro-ROS-Agent) by extension 'colcon_pkg'
[0.970s] Level 1:colcon.colcon_core.package_identification:_identify(src/uros/micro-ROS-Agent) by extensions ['colcon_meta']
[0.970s] Level 1:colcon.colcon_core.package_identification:_identify(src/uros/micro-ROS-Agent) by extension 'colcon_meta'
[0.970s] Level 1:colcon.colcon_core.package_identification:_identify(src/uros/micro-ROS-Agent) by extensions ['ros']
[0.970s] Level 1:colcon.colcon_core.package_identification:_identify(src/uros/micro-ROS-Agent) by extension 'ros'
[0.970s] Level 1:colcon.colcon_core.package_identification:_identify(src/uros/micro-ROS-Agent) by extensions ['cmake', 'python']
[0.970s] Level 1:colcon.colcon_core.package_identification:_identify(src/uros/micro-ROS-Agent) by extension 'cmake'
[0.970s] Level 1:colcon.colcon_core.package_identification:_identify(src/uros/micro-ROS-Agent) by extension 'python'
[0.970s] Level 1:colcon.colcon_core.package_identification:_identify(src/uros/micro-ROS-Agent) by extensions ['python_setup_py']
[0.970s] Level 1:colcon.colcon_core.package_identification:_identify(src/uros/micro-ROS-Agent) by extension 'python_setup_py'
[0.970s] Level 1:colcon.colcon_core.package_identification:_identify(src/uros/micro-ROS-Agent/micro_ros_agent) by extensions ['ignore', 'ignore_ament_install']
[0.971s] Level 1:colcon.colcon_core.package_identification:_identify(src/uros/micro-ROS-Agent/micro_ros_agent) by extension 'ignore'
[0.971s] Level 1:colcon.colcon_core.package_identification:_identify(src/uros/micro-ROS-Agent/micro_ros_agent) by extension 'ignore_ament_install'
[0.971s] Level 1:colcon.colcon_core.package_identification:_identify(src/uros/micro-ROS-Agent/micro_ros_agent) by extensions ['colcon_pkg']
[0.971s] Level 1:colcon.colcon_core.package_identification:_identify(src/uros/micro-ROS-Agent/micro_ros_agent) by extension 'colcon_pkg'
[0.971s] Level 1:colcon.colcon_core.package_identification:_identify(src/uros/micro-ROS-Agent/micro_ros_agent) by extensions ['colcon_meta']
[0.971s] Level 1:colcon.colcon_core.package_identification:_identify(src/uros/micro-ROS-Agent/micro_ros_agent) by extension 'colcon_meta'
[0.971s] Level 1:colcon.colcon_core.package_identification:_identify(src/uros/micro-ROS-Agent/micro_ros_agent) by extensions ['ros']
[0.971s] Level 1:colcon.colcon_core.package_identification:_identify(src/uros/micro-ROS-Agent/micro_ros_agent) by extension 'ros'
[0.972s] DEBUG:colcon.colcon_core.package_identification:Package 'src/uros/micro-ROS-Agent/micro_ros_agent' with type 'ros.ament_cmake' and name 'micro_ros_agent'
[0.972s] Level 1:colcon.colcon_core.package_identification:_identify(src/uros/micro-ROS-Agent/snap) by extensions ['ignore', 'ignore_ament_install']
[0.972s] Level 1:colcon.colcon_core.package_identification:_identify(src/uros/micro-ROS-Agent/snap) by extension 'ignore'
[0.972s] Level 1:colcon.colcon_core.package_identification:_identify(src/uros/micro-ROS-Agent/snap) by extension 'ignore_ament_install'
[0.972s] Level 1:colcon.colcon_core.package_identification:_identify(src/uros/micro-ROS-Agent/snap) by extensions ['colcon_pkg']
[0.972s] Level 1:colcon.colcon_core.package_identification:_identify(src/uros/micro-ROS-Agent/snap) by extension 'colcon_pkg'
[0.972s] Level 1:colcon.colcon_core.package_identification:_identify(src/uros/micro-ROS-Agent/snap) by extensions ['colcon_meta']
[0.972s] Level 1:colcon.colcon_core.package_identification:_identify(src/uros/micro-ROS-Agent/snap) by extension 'colcon_meta'
[0.972s] Level 1:colcon.colcon_core.package_identification:_identify(src/uros/micro-ROS-Agent/snap) by extensions ['ros']
[0.972s] Level 1:colcon.colcon_core.package_identification:_identify(src/uros/micro-ROS-Agent/snap) by extension 'ros'
[0.972s] Level 1:colcon.colcon_core.package_identification:_identify(src/uros/micro-ROS-Agent/snap) by extensions ['cmake', 'python']
[0.972s] Level 1:colcon.colcon_core.package_identification:_identify(src/uros/micro-ROS-Agent/snap) by extension 'cmake'
[0.972s] Level 1:colcon.colcon_core.package_identification:_identify(src/uros/micro-ROS-Agent/snap) by extension 'python'
[0.972s] Level 1:colcon.colcon_core.package_identification:_identify(src/uros/micro-ROS-Agent/snap) by extensions ['python_setup_py']
[0.972s] Level 1:colcon.colcon_core.package_identification:_identify(src/uros/micro-ROS-Agent/snap) by extension 'python_setup_py'
[0.973s] Level 1:colcon.colcon_core.package_identification:_identify(src/uros/micro-ROS-Agent/snap/hooks) by extensions ['ignore', 'ignore_ament_install']
[0.973s] Level 1:colcon.colcon_core.package_identification:_identify(src/uros/micro-ROS-Agent/snap/hooks) by extension 'ignore'
[0.973s] Level 1:colcon.colcon_core.package_identification:_identify(src/uros/micro-ROS-Agent/snap/hooks) by extension 'ignore_ament_install'
[0.973s] Level 1:colcon.colcon_core.package_identification:_identify(src/uros/micro-ROS-Agent/snap/hooks) by extensions ['colcon_pkg']
[0.973s] Level 1:colcon.colcon_core.package_identification:_identify(src/uros/micro-ROS-Agent/snap/hooks) by extension 'colcon_pkg'
[0.973s] Level 1:colcon.colcon_core.package_identification:_identify(src/uros/micro-ROS-Agent/snap/hooks) by extensions ['colcon_meta']
[0.973s] Level 1:colcon.colcon_core.package_identification:_identify(src/uros/micro-ROS-Agent/snap/hooks) by extension 'colcon_meta'
[0.973s] Level 1:colcon.colcon_core.package_identification:_identify(src/uros/micro-ROS-Agent/snap/hooks) by extensions ['ros']
[0.973s] Level 1:colcon.colcon_core.package_identification:_identify(src/uros/micro-ROS-Agent/snap/hooks) by extension 'ros'
[0.973s] Level 1:colcon.colcon_core.package_identification:_identify(src/uros/micro-ROS-Agent/snap/hooks) by extensions ['cmake', 'python']
[0.973s] Level 1:colcon.colcon_core.package_identification:_identify(src/uros/micro-ROS-Agent/snap/hooks) by extension 'cmake'
[0.973s] Level 1:colcon.colcon_core.package_identification:_identify(src/uros/micro-ROS-Agent/snap/hooks) by extension 'python'
[0.973s] Level 1:colcon.colcon_core.package_identification:_identify(src/uros/micro-ROS-Agent/snap/hooks) by extensions ['python_setup_py']
[0.973s] Level 1:colcon.colcon_core.package_identification:_identify(src/uros/micro-ROS-Agent/snap/hooks) by extension 'python_setup_py'
[0.974s] Level 1:colcon.colcon_core.package_identification:_identify(src/uros/micro-ROS-Agent/snap/local) by extensions ['ignore', 'ignore_ament_install']
[0.974s] Level 1:colcon.colcon_core.package_identification:_identify(src/uros/micro-ROS-Agent/snap/local) by extension 'ignore'
[0.974s] Level 1:colcon.colcon_core.package_identification:_identify(src/uros/micro-ROS-Agent/snap/local) by extension 'ignore_ament_install'
[0.974s] Level 1:colcon.colcon_core.package_identification:_identify(src/uros/micro-ROS-Agent/snap/local) by extensions ['colcon_pkg']
[0.974s] Level 1:colcon.colcon_core.package_identification:_identify(src/uros/micro-ROS-Agent/snap/local) by extension 'colcon_pkg'
[0.974s] Level 1:colcon.colcon_core.package_identification:_identify(src/uros/micro-ROS-Agent/snap/local) by extensions ['colcon_meta']
[0.974s] Level 1:colcon.colcon_core.package_identification:_identify(src/uros/micro-ROS-Agent/snap/local) by extension 'colcon_meta'
[0.974s] Level 1:colcon.colcon_core.package_identification:_identify(src/uros/micro-ROS-Agent/snap/local) by extensions ['ros']
[0.974s] Level 1:colcon.colcon_core.package_identification:_identify(src/uros/micro-ROS-Agent/snap/local) by extension 'ros'
[0.974s] Level 1:colcon.colcon_core.package_identification:_identify(src/uros/micro-ROS-Agent/snap/local) by extensions ['cmake', 'python']
[0.974s] Level 1:colcon.colcon_core.package_identification:_identify(src/uros/micro-ROS-Agent/snap/local) by extension 'cmake'
[0.974s] Level 1:colcon.colcon_core.package_identification:_identify(src/uros/micro-ROS-Agent/snap/local) by extension 'python'
[0.974s] Level 1:colcon.colcon_core.package_identification:_identify(src/uros/micro-ROS-Agent/snap/local) by extensions ['python_setup_py']
[0.974s] Level 1:colcon.colcon_core.package_identification:_identify(src/uros/micro-ROS-Agent/snap/local) by extension 'python_setup_py'
[0.975s] Level 1:colcon.colcon_core.package_identification:_identify(src/uros/micro_ros_msgs) by extensions ['ignore', 'ignore_ament_install']
[0.975s] Level 1:colcon.colcon_core.package_identification:_identify(src/uros/micro_ros_msgs) by extension 'ignore'
[0.975s] Level 1:colcon.colcon_core.package_identification:_identify(src/uros/micro_ros_msgs) by extension 'ignore_ament_install'
[0.975s] Level 1:colcon.colcon_core.package_identification:_identify(src/uros/micro_ros_msgs) by extensions ['colcon_pkg']
[0.975s] Level 1:colcon.colcon_core.package_identification:_identify(src/uros/micro_ros_msgs) by extension 'colcon_pkg'
[0.975s] Level 1:colcon.colcon_core.package_identification:_identify(src/uros/micro_ros_msgs) by extensions ['colcon_meta']
[0.975s] Level 1:colcon.colcon_core.package_identification:_identify(src/uros/micro_ros_msgs) by extension 'colcon_meta'
[0.975s] Level 1:colcon.colcon_core.package_identification:_identify(src/uros/micro_ros_msgs) by extensions ['ros']
[0.975s] Level 1:colcon.colcon_core.package_identification:_identify(src/uros/micro_ros_msgs) by extension 'ros'
[0.976s] DEBUG:colcon.colcon_core.package_identification:Package 'src/uros/micro_ros_msgs' with type 'ros.ament_cmake' and name 'micro_ros_msgs'
[0.976s] Level 1:colcon.colcon_core.package_identification:_identify(tinyxml2) by extensions ['ignore', 'ignore_ament_install']
[0.976s] Level 1:colcon.colcon_core.package_identification:_identify(tinyxml2) by extension 'ignore'
[0.976s] Level 1:colcon.colcon_core.package_identification:_identify(tinyxml2) by extension 'ignore_ament_install'
[0.976s] Level 1:colcon.colcon_core.package_identification:_identify(tinyxml2) by extensions ['colcon_pkg']
[0.976s] Level 1:colcon.colcon_core.package_identification:_identify(tinyxml2) by extension 'colcon_pkg'
[0.976s] Level 1:colcon.colcon_core.package_identification:_identify(tinyxml2) by extensions ['colcon_meta']
[0.976s] Level 1:colcon.colcon_core.package_identification:_identify(tinyxml2) by extension 'colcon_meta'
[0.976s] Level 1:colcon.colcon_core.package_identification:_identify(tinyxml2) by extensions ['ros']
[0.976s] Level 1:colcon.colcon_core.package_identification:_identify(tinyxml2) by extension 'ros'
[0.976s] Level 1:colcon.colcon_core.package_identification:_identify(tinyxml2) by extensions ['cmake', 'python']
[0.976s] Level 1:colcon.colcon_core.package_identification:_identify(tinyxml2) by extension 'cmake'
[0.980s] Level 1:colcon.colcon_core.package_identification:_identify(tinyxml2) by extension 'python'
[0.980s] DEBUG:colcon.colcon_core.package_identification:Package 'tinyxml2' with type 'cmake' and name 'tinyxml2'
[0.980s] Level 1:colcon.colcon_core.package_discovery:discover_packages(recursive) using defaults
[0.980s] Level 1:colcon.colcon_core.package_discovery:discover_packages(ignore) discover
[0.980s] Level 1:colcon.colcon_core.package_discovery:discover_packages(ignore) using defaults
[0.980s] Level 1:colcon.colcon_core.package_discovery:discover_packages(path) discover
[0.980s] Level 1:colcon.colcon_core.package_discovery:discover_packages(path) using defaults
[1.055s] Level 1:colcon.colcon_core.package_discovery:discover_packages(prefix_path) check parameters
[1.055s] Level 1:colcon.colcon_core.package_discovery:discover_packages(prefix_path) discover
[1.078s] DEBUG:colcon.colcon_installed_package_information.package_discovery:Found 346 installed packages in /opt/ros/humble
[1.079s] Level 1:colcon.colcon_core.package_discovery:discover_packages(prefix_path) using defaults
[1.160s] Level 5:colcon.colcon_core.verb:set package 'micro_ros_msgs' build argument 'cmake_args' from command line to 'None'
[1.160s] Level 5:colcon.colcon_core.verb:set package 'micro_ros_msgs' build argument 'cmake_target' from command line to 'None'
[1.160s] Level 5:colcon.colcon_core.verb:set package 'micro_ros_msgs' build argument 'cmake_target_skip_unavailable' from command line to 'False'
[1.160s] Level 5:colcon.colcon_core.verb:set package 'micro_ros_msgs' build argument 'cmake_clean_cache' from command line to 'False'
[1.160s] Level 5:colcon.colcon_core.verb:set package 'micro_ros_msgs' build argument 'cmake_clean_first' from command line to 'False'
[1.160s] Level 5:colcon.colcon_core.verb:set package 'micro_ros_msgs' build argument 'cmake_force_configure' from command line to 'False'
[1.160s] Level 5:colcon.colcon_core.verb:set package 'micro_ros_msgs' build argument 'ament_cmake_args' from command line to 'None'
[1.160s] Level 5:colcon.colcon_core.verb:set package 'micro_ros_msgs' build argument 'catkin_cmake_args' from command line to 'None'
[1.160s] Level 5:colcon.colcon_core.verb:set package 'micro_ros_msgs' build argument 'catkin_skip_building_tests' from command line to 'False'
[1.161s] DEBUG:colcon.colcon_core.verb:Building package 'micro_ros_msgs' with the following arguments: {'ament_cmake_args': None, 'build_base': '/home/keime/mros2_ws/build/micro_ros_msgs', 'catkin_cmake_args': None, 'catkin_skip_building_tests': False, 'cmake_args': None, 'cmake_clean_cache': False, 'cmake_clean_first': False, 'cmake_force_configure': False, 'cmake_target': None, 'cmake_target_skip_unavailable': False, 'install_base': '/home/keime/mros2_ws/install/micro_ros_msgs', 'merge_install': False, 'path': '/home/keime/mros2_ws/src/uros/micro_ros_msgs', 'symlink_install': False, 'test_result_base': None}
[1.169s] Level 5:colcon.colcon_core.verb:set package 'tinyxml2' build argument 'cmake_args' from command line to 'None'
[1.169s] Level 5:colcon.colcon_core.verb:set package 'tinyxml2' build argument 'cmake_target' from command line to 'None'
[1.169s] Level 5:colcon.colcon_core.verb:set package 'tinyxml2' build argument 'cmake_target_skip_unavailable' from command line to 'False'
[1.169s] Level 5:colcon.colcon_core.verb:set package 'tinyxml2' build argument 'cmake_clean_cache' from command line to 'False'
[1.169s] Level 5:colcon.colcon_core.verb:set package 'tinyxml2' build argument 'cmake_clean_first' from command line to 'False'
[1.169s] Level 5:colcon.colcon_core.verb:set package 'tinyxml2' build argument 'cmake_force_configure' from command line to 'False'
[1.169s] Level 5:colcon.colcon_core.verb:set package 'tinyxml2' build argument 'ament_cmake_args' from command line to 'None'
[1.169s] Level 5:colcon.colcon_core.verb:set package 'tinyxml2' build argument 'catkin_cmake_args' from command line to 'None'
[1.169s] Level 5:colcon.colcon_core.verb:set package 'tinyxml2' build argument 'catkin_skip_building_tests' from command line to 'False'
[1.169s] DEBUG:colcon.colcon_core.verb:Building package 'tinyxml2' with the following arguments: {'ament_cmake_args': None, 'build_base': '/home/keime/mros2_ws/build/tinyxml2', 'catkin_cmake_args': None, 'catkin_skip_building_tests': False, 'cmake_args': None, 'cmake_clean_cache': False, 'cmake_clean_first': False, 'cmake_force_configure': False, 'cmake_target': None, 'cmake_target_skip_unavailable': False, 'install_base': '/home/keime/mros2_ws/install/tinyxml2', 'merge_install': False, 'path': '/home/keime/mros2_ws/tinyxml2', 'symlink_install': False, 'test_result_base': None}
[1.178s] Level 5:colcon.colcon_core.verb:set package 'micro_ros_agent' build argument 'cmake_args' from command line to 'None'
[1.178s] Level 5:colcon.colcon_core.verb:set package 'micro_ros_agent' build argument 'cmake_target' from command line to 'None'
[1.178s] Level 5:colcon.colcon_core.verb:set package 'micro_ros_agent' build argument 'cmake_target_skip_unavailable' from command line to 'False'
[1.178s] Level 5:colcon.colcon_core.verb:set package 'micro_ros_agent' build argument 'cmake_clean_cache' from command line to 'False'
[1.178s] Level 5:colcon.colcon_core.verb:set package 'micro_ros_agent' build argument 'cmake_clean_first' from command line to 'False'
[1.178s] Level 5:colcon.colcon_core.verb:set package 'micro_ros_agent' build argument 'cmake_force_configure' from command line to 'False'
[1.178s] Level 5:colcon.colcon_core.verb:set package 'micro_ros_agent' build argument 'ament_cmake_args' from command line to 'None'
[1.178s] Level 5:colcon.colcon_core.verb:set package 'micro_ros_agent' build argument 'catkin_cmake_args' from command line to 'None'
[1.178s] Level 5:colcon.colcon_core.verb:set package 'micro_ros_agent' build argument 'catkin_skip_building_tests' from command line to 'False'
[1.178s] DEBUG:colcon.colcon_core.verb:Building package 'micro_ros_agent' with the following arguments: {'ament_cmake_args': None, 'build_base': '/home/keime/mros2_ws/build/micro_ros_agent', 'catkin_cmake_args': None, 'catkin_skip_building_tests': False, 'cmake_args': None, 'cmake_clean_cache': False, 'cmake_clean_first': False, 'cmake_force_configure': False, 'cmake_target': None, 'cmake_target_skip_unavailable': False, 'install_base': '/home/keime/mros2_ws/install/micro_ros_agent', 'merge_install': False, 'path': '/home/keime/mros2_ws/src/uros/micro-ROS-Agent/micro_ros_agent', 'symlink_install': False, 'test_result_base': None}
[1.186s] Level 5:colcon.colcon_core.verb:set package 'micro_ros_setup' build argument 'cmake_args' from command line to 'None'
[1.186s] Level 5:colcon.colcon_core.verb:set package 'micro_ros_setup' build argument 'cmake_target' from command line to 'None'
[1.186s] Level 5:colcon.colcon_core.verb:set package 'micro_ros_setup' build argument 'cmake_target_skip_unavailable' from command line to 'False'
[1.186s] Level 5:colcon.colcon_core.verb:set package 'micro_ros_setup' build argument 'cmake_clean_cache' from command line to 'False'
[1.186s] Level 5:colcon.colcon_core.verb:set package 'micro_ros_setup' build argument 'cmake_clean_first' from command line to 'False'
[1.186s] Level 5:colcon.colcon_core.verb:set package 'micro_ros_setup' build argument 'cmake_force_configure' from command line to 'False'
[1.186s] Level 5:colcon.colcon_core.verb:set package 'micro_ros_setup' build argument 'ament_cmake_args' from command line to 'None'
[1.186s] Level 5:colcon.colcon_core.verb:set package 'micro_ros_setup' build argument 'catkin_cmake_args' from command line to 'None'
[1.186s] Level 5:colcon.colcon_core.verb:set package 'micro_ros_setup' build argument 'catkin_skip_building_tests' from command line to 'False'
[1.186s] DEBUG:colcon.colcon_core.verb:Building package 'micro_ros_setup' with the following arguments: {'ament_cmake_args': None, 'build_base': '/home/keime/mros2_ws/build/micro_ros_setup', 'catkin_cmake_args': None, 'catkin_skip_building_tests': False, 'cmake_args': None, 'cmake_clean_cache': False, 'cmake_clean_first': False, 'cmake_force_configure': False, 'cmake_target': None, 'cmake_target_skip_unavailable': False, 'install_base': '/home/keime/mros2_ws/install/micro_ros_setup', 'merge_install': False, 'path': '/home/keime/mros2_ws/src/micro_ros_setup', 'symlink_install': False, 'test_result_base': None}
[1.194s] INFO:colcon.colcon_core.executor:Executing jobs using 'parallel' executor
[1.205s] DEBUG:colcon.colcon_parallel_executor.executor.parallel:run_until_complete
[1.205s] INFO:colcon.colcon_ros.task.ament_cmake.build:Building ROS package in '/home/keime/mros2_ws/src/uros/micro_ros_msgs' with build type 'ament_cmake'
[1.205s] INFO:colcon.colcon_cmake.task.cmake.build:Building CMake package in '/home/keime/mros2_ws/src/uros/micro_ros_msgs'
[1.225s] INFO:colcon.colcon_core.plugin_system:Skipping extension 'colcon_core.shell.bat': Not used on non-Windows systems
[1.226s] INFO:colcon.colcon_core.shell:Skip shell extension 'powershell' for command environment: Not usable outside of PowerShell
[1.226s] DEBUG:colcon.colcon_core.shell:Skip shell extension 'dsv' for command environment
[1.246s] INFO:colcon.colcon_cmake.task.cmake.build:Building CMake package in '/home/keime/mros2_ws/tinyxml2'
[1.256s] INFO:colcon.colcon_core.shell:Skip shell extension 'powershell' for command environment: Not usable outside of PowerShell
[1.256s] DEBUG:colcon.colcon_core.shell:Skip shell extension 'dsv' for command environment
[1.280s] DEBUG:colcon.colcon_core.event_handler.log_command:Invoking command in '/home/keime/mros2_ws/build/micro_ros_msgs': CMAKE_PREFIX_PATH=/opt/ros/humble /usr/bin/cmake --build /home/keime/mros2_ws/build/micro_ros_msgs -- -j2 -l2
[1.284s] DEBUG:colcon.colcon_core.event_handler.log_command:Invoking command in '/home/keime/mros2_ws/build/tinyxml2': /usr/bin/cmake /home/keime/mros2_ws/tinyxml2 -DCMAKE_INSTALL_PREFIX=/home/keime/mros2_ws/install/tinyxml2
[1.711s] DEBUG:colcon.colcon_core.event_handler.log_command:Invoked command in '/home/keime/mros2_ws/build/micro_ros_msgs' returned '0': CMAKE_PREFIX_PATH=/opt/ros/humble /usr/bin/cmake --build /home/keime/mros2_ws/build/micro_ros_msgs -- -j2 -l2
[1.767s] DEBUG:colcon.colcon_core.event_handler.log_command:Invoking command in '/home/keime/mros2_ws/build/micro_ros_msgs': CMAKE_PREFIX_PATH=/opt/ros/humble /usr/bin/cmake --install /home/keime/mros2_ws/build/micro_ros_msgs
[1.835s] Level 1:colcon.colcon_core.environment:create_environment_scripts_only(micro_ros_msgs)
[1.835s] DEBUG:colcon.colcon_core.event_handler.log_command:Invoked command in '/home/keime/mros2_ws/build/micro_ros_msgs' returned '0': CMAKE_PREFIX_PATH=/opt/ros/humble /usr/bin/cmake --install /home/keime/mros2_ws/build/micro_ros_msgs
[1.851s] Level 1:colcon.colcon_core.environment:checking '/home/keime/mros2_ws/install/micro_ros_msgs' for CMake module files
[1.852s] Level 1:colcon.colcon_core.environment:checking '/home/keime/mros2_ws/install/micro_ros_msgs' for CMake config files
[1.853s] Level 1:colcon.colcon_core.shell:create_environment_hook('micro_ros_msgs', 'cmake_prefix_path')
[1.866s] INFO:colcon.colcon_core.shell:Creating environment hook '/home/keime/mros2_ws/install/micro_ros_msgs/share/micro_ros_msgs/hook/cmake_prefix_path.ps1'
[1.867s] INFO:colcon.colcon_core.shell:Creating environment descriptor '/home/keime/mros2_ws/install/micro_ros_msgs/share/micro_ros_msgs/hook/cmake_prefix_path.dsv'
[1.867s] INFO:colcon.colcon_core.shell:Creating environment hook '/home/keime/mros2_ws/install/micro_ros_msgs/share/micro_ros_msgs/hook/cmake_prefix_path.sh'
[1.868s] Level 1:colcon.colcon_core.environment:checking '/home/keime/mros2_ws/install/micro_ros_msgs/lib'
[1.868s] Level 1:colcon.colcon_core.shell:create_environment_hook('micro_ros_msgs', 'ld_library_path_lib')
[1.878s] INFO:colcon.colcon_core.shell:Creating environment hook '/home/keime/mros2_ws/install/micro_ros_msgs/share/micro_ros_msgs/hook/ld_library_path_lib.ps1'
[1.879s] INFO:colcon.colcon_core.shell:Creating environment descriptor '/home/keime/mros2_ws/install/micro_ros_msgs/share/micro_ros_msgs/hook/ld_library_path_lib.dsv'
[1.879s] INFO:colcon.colcon_core.shell:Creating environment hook '/home/keime/mros2_ws/install/micro_ros_msgs/share/micro_ros_msgs/hook/ld_library_path_lib.sh'
[1.879s] Level 1:colcon.colcon_core.environment:checking '/home/keime/mros2_ws/install/micro_ros_msgs/bin'
[1.879s] Level 1:colcon.colcon_core.environment:checking '/home/keime/mros2_ws/install/micro_ros_msgs/lib/pkgconfig/micro_ros_msgs.pc'
[1.879s] Level 1:colcon.colcon_core.environment:checking '/home/keime/mros2_ws/install/micro_ros_msgs/lib/python3.10/site-packages'
[1.879s] Level 1:colcon.colcon_core.environment:checking '/home/keime/mros2_ws/install/micro_ros_msgs/bin'
[1.890s] INFO:colcon.colcon_core.shell:Creating package script '/home/keime/mros2_ws/install/micro_ros_msgs/share/micro_ros_msgs/package.ps1'
[1.891s] INFO:colcon.colcon_core.shell:Creating package descriptor '/home/keime/mros2_ws/install/micro_ros_msgs/share/micro_ros_msgs/package.dsv'
[1.892s] INFO:colcon.colcon_core.shell:Creating package script '/home/keime/mros2_ws/install/micro_ros_msgs/share/micro_ros_msgs/package.sh'
[1.893s] INFO:colcon.colcon_core.shell:Creating package script '/home/keime/mros2_ws/install/micro_ros_msgs/share/micro_ros_msgs/package.bash'
[1.894s] INFO:colcon.colcon_core.shell:Creating package script '/home/keime/mros2_ws/install/micro_ros_msgs/share/micro_ros_msgs/package.zsh'
[1.895s] Level 1:colcon.colcon_core.environment:create_file_with_runtime_dependencies(/home/keime/mros2_ws/install/micro_ros_msgs/share/colcon-core/packages/micro_ros_msgs)
[1.962s] Level 1:colcon.colcon_core.environment:create_environment_scripts_only(micro_ros_msgs)
[1.972s] Level 1:colcon.colcon_core.environment:checking '/home/keime/mros2_ws/install/micro_ros_msgs' for CMake module files
[1.972s] Level 1:colcon.colcon_core.environment:checking '/home/keime/mros2_ws/install/micro_ros_msgs' for CMake config files
[1.972s] Level 1:colcon.colcon_core.shell:create_environment_hook('micro_ros_msgs', 'cmake_prefix_path')
[1.982s] INFO:colcon.colcon_core.shell:Creating environment hook '/home/keime/mros2_ws/install/micro_ros_msgs/share/micro_ros_msgs/hook/cmake_prefix_path.ps1'
[1.982s] INFO:colcon.colcon_core.shell:Creating environment descriptor '/home/keime/mros2_ws/install/micro_ros_msgs/share/micro_ros_msgs/hook/cmake_prefix_path.dsv'
[1.982s] INFO:colcon.colcon_core.shell:Creating environment hook '/home/keime/mros2_ws/install/micro_ros_msgs/share/micro_ros_msgs/hook/cmake_prefix_path.sh'
[1.983s] Level 1:colcon.colcon_core.environment:checking '/home/keime/mros2_ws/install/micro_ros_msgs/lib'
[1.983s] Level 1:colcon.colcon_core.shell:create_environment_hook('micro_ros_msgs', 'ld_library_path_lib')
[1.992s] INFO:colcon.colcon_core.shell:Creating environment hook '/home/keime/mros2_ws/install/micro_ros_msgs/share/micro_ros_msgs/hook/ld_library_path_lib.ps1'
[1.992s] INFO:colcon.colcon_core.shell:Creating environment descriptor '/home/keime/mros2_ws/install/micro_ros_msgs/share/micro_ros_msgs/hook/ld_library_path_lib.dsv'
[1.992s] INFO:colcon.colcon_core.shell:Creating environment hook '/home/keime/mros2_ws/install/micro_ros_msgs/share/micro_ros_msgs/hook/ld_library_path_lib.sh'
[1.992s] Level 1:colcon.colcon_core.environment:checking '/home/keime/mros2_ws/install/micro_ros_msgs/bin'
[1.993s] Level 1:colcon.colcon_core.environment:checking '/home/keime/mros2_ws/install/micro_ros_msgs/lib/pkgconfig/micro_ros_msgs.pc'
[1.993s] Level 1:colcon.colcon_core.environment:checking '/home/keime/mros2_ws/install/micro_ros_msgs/lib/python3.10/site-packages'
[1.993s] Level 1:colcon.colcon_core.environment:checking '/home/keime/mros2_ws/install/micro_ros_msgs/bin'
[2.002s] INFO:colcon.colcon_core.shell:Creating package script '/home/keime/mros2_ws/install/micro_ros_msgs/share/micro_ros_msgs/package.ps1'
[2.003s] INFO:colcon.colcon_core.shell:Creating package descriptor '/home/keime/mros2_ws/install/micro_ros_msgs/share/micro_ros_msgs/package.dsv'
[2.003s] INFO:colcon.colcon_core.shell:Creating package script '/home/keime/mros2_ws/install/micro_ros_msgs/share/micro_ros_msgs/package.sh'
[2.003s] INFO:colcon.colcon_core.shell:Creating package script '/home/keime/mros2_ws/install/micro_ros_msgs/share/micro_ros_msgs/package.bash'
[2.004s] INFO:colcon.colcon_core.shell:Creating package script '/home/keime/mros2_ws/install/micro_ros_msgs/share/micro_ros_msgs/package.zsh'
[2.004s] Level 1:colcon.colcon_core.environment:create_file_with_runtime_dependencies(/home/keime/mros2_ws/install/micro_ros_msgs/share/colcon-core/packages/micro_ros_msgs)
[2.004s] INFO:colcon.colcon_ros.task.ament_cmake.build:Building ROS package in '/home/keime/mros2_ws/src/uros/micro-ROS-Agent/micro_ros_agent' with build type 'ament_cmake'
[2.005s] INFO:colcon.colcon_cmake.task.cmake.build:Building CMake package in '/home/keime/mros2_ws/src/uros/micro-ROS-Agent/micro_ros_agent'
[2.015s] INFO:colcon.colcon_core.shell:Skip shell extension 'powershell' for command environment: Not usable outside of PowerShell
[2.015s] DEBUG:colcon.colcon_core.shell:Skip shell extension 'dsv' for command environment
[2.076s] DEBUG:colcon.colcon_core.event_handler.log_command:Invoking command in '/home/keime/mros2_ws/build/micro_ros_agent': AMENT_PREFIX_PATH=/home/keime/mros2_ws/install/micro_ros_msgs:${AMENT_PREFIX_PATH} CMAKE_PREFIX_PATH=/home/keime/mros2_ws/install/micro_ros_msgs:/opt/ros/humble LD_LIBRARY_PATH=/home/keime/mros2_ws/install/micro_ros_msgs/lib:${LD_LIBRARY_PATH} PYTHONPATH=/home/keime/mros2_ws/install/micro_ros_msgs/local/lib/python3.10/dist-packages:${PYTHONPATH} /usr/bin/cmake --build /home/keime/mros2_ws/build/micro_ros_agent -- -j2 -l2
[2.147s] DEBUG:colcon.colcon_core.event_handler.log_command:Invoked command in '/home/keime/mros2_ws/build/micro_ros_agent' returned '0': AMENT_PREFIX_PATH=/home/keime/mros2_ws/install/micro_ros_msgs:${AMENT_PREFIX_PATH} CMAKE_PREFIX_PATH=/home/keime/mros2_ws/install/micro_ros_msgs:/opt/ros/humble LD_LIBRARY_PATH=/home/keime/mros2_ws/install/micro_ros_msgs/lib:${LD_LIBRARY_PATH} PYTHONPATH=/home/keime/mros2_ws/install/micro_ros_msgs/local/lib/python3.10/dist-packages:${PYTHONPATH} /usr/bin/cmake --build /home/keime/mros2_ws/build/micro_ros_agent -- -j2 -l2
[2.167s] DEBUG:colcon.colcon_core.event_handler.log_command:Invoking command in '/home/keime/mros2_ws/build/micro_ros_agent': AMENT_PREFIX_PATH=/home/keime/mros2_ws/install/micro_ros_msgs:${AMENT_PREFIX_PATH} CMAKE_PREFIX_PATH=/home/keime/mros2_ws/install/micro_ros_msgs:/opt/ros/humble LD_LIBRARY_PATH=/home/keime/mros2_ws/install/micro_ros_msgs/lib:${LD_LIBRARY_PATH} PYTHONPATH=/home/keime/mros2_ws/install/micro_ros_msgs/local/lib/python3.10/dist-packages:${PYTHONPATH} /usr/bin/cmake --install /home/keime/mros2_ws/build/micro_ros_agent
[2.176s] Level 1:colcon.colcon_core.environment:create_environment_scripts_only(micro_ros_agent)
[2.186s] Level 1:colcon.colcon_core.environment:checking '/home/keime/mros2_ws/install/micro_ros_agent' for CMake module files
[2.187s] DEBUG:colcon.colcon_core.event_handler.log_command:Invoked command in '/home/keime/mros2_ws/build/micro_ros_agent' returned '0': AMENT_PREFIX_PATH=/home/keime/mros2_ws/install/micro_ros_msgs:${AMENT_PREFIX_PATH} CMAKE_PREFIX_PATH=/home/keime/mros2_ws/install/micro_ros_msgs:/opt/ros/humble LD_LIBRARY_PATH=/home/keime/mros2_ws/install/micro_ros_msgs/lib:${LD_LIBRARY_PATH} PYTHONPATH=/home/keime/mros2_ws/install/micro_ros_msgs/local/lib/python3.10/dist-packages:${PYTHONPATH} /usr/bin/cmake --install /home/keime/mros2_ws/build/micro_ros_agent
[2.187s] Level 1:colcon.colcon_core.environment:checking '/home/keime/mros2_ws/install/micro_ros_agent' for CMake config files
[2.190s] Level 1:colcon.colcon_core.shell:create_environment_hook('micro_ros_agent', 'cmake_prefix_path')
[2.203s] INFO:colcon.colcon_core.shell:Creating environment hook '/home/keime/mros2_ws/install/micro_ros_agent/share/micro_ros_agent/hook/cmake_prefix_path.ps1'
[2.204s] INFO:colcon.colcon_core.shell:Creating environment descriptor '/home/keime/mros2_ws/install/micro_ros_agent/share/micro_ros_agent/hook/cmake_prefix_path.dsv'
[2.204s] INFO:colcon.colcon_core.shell:Creating environment hook '/home/keime/mros2_ws/install/micro_ros_agent/share/micro_ros_agent/hook/cmake_prefix_path.sh'
[2.204s] Level 1:colcon.colcon_core.environment:checking '/home/keime/mros2_ws/install/micro_ros_agent/lib'
[2.204s] Level 1:colcon.colcon_core.shell:create_environment_hook('micro_ros_agent', 'ld_library_path_lib')
[2.217s] INFO:colcon.colcon_core.shell:Creating environment hook '/home/keime/mros2_ws/install/micro_ros_agent/share/micro_ros_agent/hook/ld_library_path_lib.ps1'
[2.217s] INFO:colcon.colcon_core.shell:Creating environment descriptor '/home/keime/mros2_ws/install/micro_ros_agent/share/micro_ros_agent/hook/ld_library_path_lib.dsv'
[2.217s] INFO:colcon.colcon_core.shell:Creating environment hook '/home/keime/mros2_ws/install/micro_ros_agent/share/micro_ros_agent/hook/ld_library_path_lib.sh'
[2.218s] Level 1:colcon.colcon_core.environment:checking '/home/keime/mros2_ws/install/micro_ros_agent/bin'
[2.218s] Level 1:colcon.colcon_core.environment:checking '/home/keime/mros2_ws/install/micro_ros_agent/lib/pkgconfig/micro_ros_agent.pc'
[2.218s] Level 1:colcon.colcon_core.environment:checking '/home/keime/mros2_ws/install/micro_ros_agent/lib/python3.10/site-packages'
[2.219s] Level 1:colcon.colcon_core.environment:checking '/home/keime/mros2_ws/install/micro_ros_agent/bin'
[2.231s] INFO:colcon.colcon_core.shell:Creating package script '/home/keime/mros2_ws/install/micro_ros_agent/share/micro_ros_agent/package.ps1'
[2.231s] INFO:colcon.colcon_core.shell:Creating package descriptor '/home/keime/mros2_ws/install/micro_ros_agent/share/micro_ros_agent/package.dsv'
[2.231s] INFO:colcon.colcon_core.shell:Creating package script '/home/keime/mros2_ws/install/micro_ros_agent/share/micro_ros_agent/package.sh'
[2.232s] INFO:colcon.colcon_core.shell:Creating package script '/home/keime/mros2_ws/install/micro_ros_agent/share/micro_ros_agent/package.bash'
[2.232s] INFO:colcon.colcon_core.shell:Creating package script '/home/keime/mros2_ws/install/micro_ros_agent/share/micro_ros_agent/package.zsh'
[2.232s] Level 1:colcon.colcon_core.environment:create_file_with_runtime_dependencies(/home/keime/mros2_ws/install/micro_ros_agent/share/colcon-core/packages/micro_ros_agent)
[2.262s] Level 1:colcon.colcon_core.environment:create_environment_scripts_only(micro_ros_agent)
[2.273s] Level 1:colcon.colcon_core.environment:checking '/home/keime/mros2_ws/install/micro_ros_agent' for CMake module files
[2.274s] Level 1:colcon.colcon_core.environment:checking '/home/keime/mros2_ws/install/micro_ros_agent' for CMake config files
[2.274s] Level 1:colcon.colcon_core.shell:create_environment_hook('micro_ros_agent', 'cmake_prefix_path')
[2.286s] INFO:colcon.colcon_core.shell:Creating environment hook '/home/keime/mros2_ws/install/micro_ros_agent/share/micro_ros_agent/hook/cmake_prefix_path.ps1'
[2.286s] INFO:colcon.colcon_core.shell:Creating environment descriptor '/home/keime/mros2_ws/install/micro_ros_agent/share/micro_ros_agent/hook/cmake_prefix_path.dsv'
[2.286s] INFO:colcon.colcon_core.shell:Creating environment hook '/home/keime/mros2_ws/install/micro_ros_agent/share/micro_ros_agent/hook/cmake_prefix_path.sh'
[2.287s] Level 1:colcon.colcon_core.environment:checking '/home/keime/mros2_ws/install/micro_ros_agent/lib'
[2.287s] Level 1:colcon.colcon_core.shell:create_environment_hook('micro_ros_agent', 'ld_library_path_lib')
[2.299s] INFO:colcon.colcon_core.shell:Creating environment hook '/home/keime/mros2_ws/install/micro_ros_agent/share/micro_ros_agent/hook/ld_library_path_lib.ps1'
[2.299s] INFO:colcon.colcon_core.shell:Creating environment descriptor '/home/keime/mros2_ws/install/micro_ros_agent/share/micro_ros_agent/hook/ld_library_path_lib.dsv'
[2.299s] INFO:colcon.colcon_core.shell:Creating environment hook '/home/keime/mros2_ws/install/micro_ros_agent/share/micro_ros_agent/hook/ld_library_path_lib.sh'
[2.300s] Level 1:colcon.colcon_core.environment:checking '/home/keime/mros2_ws/install/micro_ros_agent/bin'
[2.300s] Level 1:colcon.colcon_core.environment:checking '/home/keime/mros2_ws/install/micro_ros_agent/lib/pkgconfig/micro_ros_agent.pc'
[2.300s] Level 1:colcon.colcon_core.environment:checking '/home/keime/mros2_ws/install/micro_ros_agent/lib/python3.10/site-packages'
[2.300s] Level 1:colcon.colcon_core.environment:checking '/home/keime/mros2_ws/install/micro_ros_agent/bin'
[2.313s] INFO:colcon.colcon_core.shell:Creating package script '/home/keime/mros2_ws/install/micro_ros_agent/share/micro_ros_agent/package.ps1'
[2.313s] INFO:colcon.colcon_core.shell:Creating package descriptor '/home/keime/mros2_ws/install/micro_ros_agent/share/micro_ros_agent/package.dsv'
[2.314s] INFO:colcon.colcon_core.shell:Creating package script '/home/keime/mros2_ws/install/micro_ros_agent/share/micro_ros_agent/package.sh'
[2.314s] INFO:colcon.colcon_core.shell:Creating package script '/home/keime/mros2_ws/install/micro_ros_agent/share/micro_ros_agent/package.bash'
[2.315s] INFO:colcon.colcon_core.shell:Creating package script '/home/keime/mros2_ws/install/micro_ros_agent/share/micro_ros_agent/package.zsh'
[2.315s] Level 1:colcon.colcon_core.environment:create_file_with_runtime_dependencies(/home/keime/mros2_ws/install/micro_ros_agent/share/colcon-core/packages/micro_ros_agent)
[2.371s] DEBUG:colcon.colcon_core.event_handler.log_command:Invoked command in '/home/keime/mros2_ws/build/tinyxml2' returned '0': /usr/bin/cmake /home/keime/mros2_ws/tinyxml2 -DCMAKE_INSTALL_PREFIX=/home/keime/mros2_ws/install/tinyxml2
[2.372s] DEBUG:colcon.colcon_core.event_handler.log_command:Invoking command in '/home/keime/mros2_ws/build/tinyxml2': /usr/bin/cmake --build /home/keime/mros2_ws/build/tinyxml2 -- -j2 -l2
[3.033s] DEBUG:colcon.colcon_core.event_handler.log_command:Invoked command in '/home/keime/mros2_ws/build/tinyxml2' returned '0': /usr/bin/cmake --build /home/keime/mros2_ws/build/tinyxml2 -- -j2 -l2
[3.055s] DEBUG:colcon.colcon_core.event_handler.log_command:Invoking command in '/home/keime/mros2_ws/build/tinyxml2': /usr/bin/cmake --install /home/keime/mros2_ws/build/tinyxml2
[3.060s] Level 1:colcon.colcon_core.environment:create_environment_scripts_only(tinyxml2)
[3.061s] DEBUG:colcon.colcon_core.event_handler.log_command:Invoked command in '/home/keime/mros2_ws/build/tinyxml2' returned '0': /usr/bin/cmake --install /home/keime/mros2_ws/build/tinyxml2
[3.070s] Level 1:colcon.colcon_core.environment:checking '/home/keime/mros2_ws/install/tinyxml2' for CMake module files
[3.070s] Level 1:colcon.colcon_core.environment:checking '/home/keime/mros2_ws/install/tinyxml2' for CMake config files
[3.070s] Level 1:colcon.colcon_core.shell:create_environment_hook('tinyxml2', 'cmake_prefix_path')
[3.078s] INFO:colcon.colcon_core.shell:Creating environment hook '/home/keime/mros2_ws/install/tinyxml2/share/tinyxml2/hook/cmake_prefix_path.ps1'
[3.079s] INFO:colcon.colcon_core.shell:Creating environment descriptor '/home/keime/mros2_ws/install/tinyxml2/share/tinyxml2/hook/cmake_prefix_path.dsv'
[3.079s] INFO:colcon.colcon_core.shell:Creating environment hook '/home/keime/mros2_ws/install/tinyxml2/share/tinyxml2/hook/cmake_prefix_path.sh'
[3.079s] Level 1:colcon.colcon_core.environment:checking '/home/keime/mros2_ws/install/tinyxml2/lib'
[3.079s] Level 1:colcon.colcon_core.environment:checking '/home/keime/mros2_ws/install/tinyxml2/bin'
[3.079s] Level 1:colcon.colcon_core.environment:checking '/home/keime/mros2_ws/install/tinyxml2/lib/pkgconfig/tinyxml2.pc'
[3.079s] Level 1:colcon.colcon_core.shell:create_environment_hook('tinyxml2', 'pkg_config')
[3.087s] INFO:colcon.colcon_core.shell:Creating environment hook '/home/keime/mros2_ws/install/tinyxml2/share/tinyxml2/hook/pkg_config.ps1'
[3.088s] INFO:colcon.colcon_core.shell:Creating environment descriptor '/home/keime/mros2_ws/install/tinyxml2/share/tinyxml2/hook/pkg_config.dsv'
[3.088s] INFO:colcon.colcon_core.shell:Creating environment hook '/home/keime/mros2_ws/install/tinyxml2/share/tinyxml2/hook/pkg_config.sh'
[3.088s] Level 1:colcon.colcon_core.environment:checking '/home/keime/mros2_ws/install/tinyxml2/lib/python3.10/site-packages'
[3.088s] Level 1:colcon.colcon_core.environment:checking '/home/keime/mros2_ws/install/tinyxml2/bin'
[3.097s] INFO:colcon.colcon_core.shell:Creating package script '/home/keime/mros2_ws/install/tinyxml2/share/tinyxml2/package.ps1'
[3.097s] INFO:colcon.colcon_core.shell:Creating package descriptor '/home/keime/mros2_ws/install/tinyxml2/share/tinyxml2/package.dsv'
[3.097s] INFO:colcon.colcon_core.shell:Creating package script '/home/keime/mros2_ws/install/tinyxml2/share/tinyxml2/package.sh'
[3.097s] INFO:colcon.colcon_core.shell:Creating package script '/home/keime/mros2_ws/install/tinyxml2/share/tinyxml2/package.bash'
[3.097s] INFO:colcon.colcon_core.shell:Creating package script '/home/keime/mros2_ws/install/tinyxml2/share/tinyxml2/package.zsh'
[3.097s] Level 1:colcon.colcon_core.environment:create_file_with_runtime_dependencies(/home/keime/mros2_ws/install/tinyxml2/share/colcon-core/packages/tinyxml2)
[3.098s] INFO:colcon.colcon_ros.task.ament_cmake.build:Building ROS package in '/home/keime/mros2_ws/src/micro_ros_setup' with build type 'ament_cmake'
[3.098s] INFO:colcon.colcon_cmake.task.cmake.build:Building CMake package in '/home/keime/mros2_ws/src/micro_ros_setup'
[3.108s] INFO:colcon.colcon_core.shell:Skip shell extension 'powershell' for command environment: Not usable outside of PowerShell
[3.108s] DEBUG:colcon.colcon_core.shell:Skip shell extension 'dsv' for command environment
[3.155s] DEBUG:colcon.colcon_core.event_handler.log_command:Invoking command in '/home/keime/mros2_ws/build/micro_ros_setup': CMAKE_PREFIX_PATH=/home/keime/mros2_ws/install/tinyxml2:/opt/ros/humble PKG_CONFIG_PATH=/home/keime/mros2_ws/install/tinyxml2/lib/pkgconfig /usr/bin/cmake --build /home/keime/mros2_ws/build/micro_ros_setup -- -j2 -l2
[3.179s] DEBUG:colcon.colcon_core.event_handler.log_command:Invoked command in '/home/keime/mros2_ws/build/micro_ros_setup' returned '0': CMAKE_PREFIX_PATH=/home/keime/mros2_ws/install/tinyxml2:/opt/ros/humble PKG_CONFIG_PATH=/home/keime/mros2_ws/install/tinyxml2/lib/pkgconfig /usr/bin/cmake --build /home/keime/mros2_ws/build/micro_ros_setup -- -j2 -l2
[3.189s] DEBUG:colcon.colcon_core.event_handler.log_command:Invoking command in '/home/keime/mros2_ws/build/micro_ros_setup': CMAKE_PREFIX_PATH=/home/keime/mros2_ws/install/tinyxml2:/opt/ros/humble PKG_CONFIG_PATH=/home/keime/mros2_ws/install/tinyxml2/lib/pkgconfig /usr/bin/cmake --install /home/keime/mros2_ws/build/micro_ros_setup
[3.218s] Level 1:colcon.colcon_core.environment:create_environment_scripts_only(micro_ros_setup)
[3.226s] DEBUG:colcon.colcon_core.event_handler.log_command:Invoked command in '/home/keime/mros2_ws/build/micro_ros_setup' returned '0': CMAKE_PREFIX_PATH=/home/keime/mros2_ws/install/tinyxml2:/opt/ros/humble PKG_CONFIG_PATH=/home/keime/mros2_ws/install/tinyxml2/lib/pkgconfig /usr/bin/cmake --install /home/keime/mros2_ws/build/micro_ros_setup
[3.227s] Level 1:colcon.colcon_core.environment:checking '/home/keime/mros2_ws/install/micro_ros_setup' for CMake module files
[3.228s] Level 1:colcon.colcon_core.environment:checking '/home/keime/mros2_ws/install/micro_ros_setup' for CMake config files
[3.229s] Level 1:colcon.colcon_core.shell:create_environment_hook('micro_ros_setup', 'cmake_prefix_path')
[3.238s] INFO:colcon.colcon_core.shell:Creating environment hook '/home/keime/mros2_ws/install/micro_ros_setup/share/micro_ros_setup/hook/cmake_prefix_path.ps1'
[3.238s] INFO:colcon.colcon_core.shell:Creating environment descriptor '/home/keime/mros2_ws/install/micro_ros_setup/share/micro_ros_setup/hook/cmake_prefix_path.dsv'
[3.238s] INFO:colcon.colcon_core.shell:Creating environment hook '/home/keime/mros2_ws/install/micro_ros_setup/share/micro_ros_setup/hook/cmake_prefix_path.sh'
[3.239s] Level 1:colcon.colcon_core.environment:checking '/home/keime/mros2_ws/install/micro_ros_setup/lib'
[3.239s] Level 1:colcon.colcon_core.environment:checking '/home/keime/mros2_ws/install/micro_ros_setup/bin'
[3.239s] Level 1:colcon.colcon_core.environment:checking '/home/keime/mros2_ws/install/micro_ros_setup/lib/pkgconfig/micro_ros_setup.pc'
[3.239s] Level 1:colcon.colcon_core.environment:checking '/home/keime/mros2_ws/install/micro_ros_setup/lib/python3.10/site-packages'
[3.239s] Level 1:colcon.colcon_core.environment:checking '/home/keime/mros2_ws/install/micro_ros_setup/bin'
[3.248s] INFO:colcon.colcon_core.shell:Creating package script '/home/keime/mros2_ws/install/micro_ros_setup/share/micro_ros_setup/package.ps1'
[3.248s] INFO:colcon.colcon_core.shell:Creating package descriptor '/home/keime/mros2_ws/install/micro_ros_setup/share/micro_ros_setup/package.dsv'
[3.248s] INFO:colcon.colcon_core.shell:Creating package script '/home/keime/mros2_ws/install/micro_ros_setup/share/micro_ros_setup/package.sh'
[3.248s] INFO:colcon.colcon_core.shell:Creating package script '/home/keime/mros2_ws/install/micro_ros_setup/share/micro_ros_setup/package.bash'
[3.248s] INFO:colcon.colcon_core.shell:Creating package script '/home/keime/mros2_ws/install/micro_ros_setup/share/micro_ros_setup/package.zsh'
[3.249s] Level 1:colcon.colcon_core.environment:create_file_with_runtime_dependencies(/home/keime/mros2_ws/install/micro_ros_setup/share/colcon-core/packages/micro_ros_setup)
[3.268s] Level 1:colcon.colcon_core.environment:create_environment_scripts_only(micro_ros_setup)
[3.277s] Level 1:colcon.colcon_core.environment:checking '/home/keime/mros2_ws/install/micro_ros_setup' for CMake module files
[3.277s] Level 1:colcon.colcon_core.environment:checking '/home/keime/mros2_ws/install/micro_ros_setup' for CMake config files
[3.277s] Level 1:colcon.colcon_core.shell:create_environment_hook('micro_ros_setup', 'cmake_prefix_path')
[3.285s] INFO:colcon.colcon_core.shell:Creating environment hook '/home/keime/mros2_ws/install/micro_ros_setup/share/micro_ros_setup/hook/cmake_prefix_path.ps1'
[3.286s] INFO:colcon.colcon_core.shell:Creating environment descriptor '/home/keime/mros2_ws/install/micro_ros_setup/share/micro_ros_setup/hook/cmake_prefix_path.dsv'
[3.286s] INFO:colcon.colcon_core.shell:Creating environment hook '/home/keime/mros2_ws/install/micro_ros_setup/share/micro_ros_setup/hook/cmake_prefix_path.sh'
[3.286s] Level 1:colcon.colcon_core.environment:checking '/home/keime/mros2_ws/install/micro_ros_setup/lib'
[3.286s] Level 1:colcon.colcon_core.environment:checking '/home/keime/mros2_ws/install/micro_ros_setup/bin'
[3.286s] Level 1:colcon.colcon_core.environment:checking '/home/keime/mros2_ws/install/micro_ros_setup/lib/pkgconfig/micro_ros_setup.pc'
[3.286s] Level 1:colcon.colcon_core.environment:checking '/home/keime/mros2_ws/install/micro_ros_setup/lib/python3.10/site-packages'
[3.287s] Level 1:colcon.colcon_core.environment:checking '/home/keime/mros2_ws/install/micro_ros_setup/bin'
[3.295s] INFO:colcon.colcon_core.shell:Creating package script '/home/keime/mros2_ws/install/micro_ros_setup/share/micro_ros_setup/package.ps1'
[3.295s] INFO:colcon.colcon_core.shell:Creating package descriptor '/home/keime/mros2_ws/install/micro_ros_setup/share/micro_ros_setup/package.dsv'
[3.295s] INFO:colcon.colcon_core.shell:Creating package script '/home/keime/mros2_ws/install/micro_ros_setup/share/micro_ros_setup/package.sh'
[3.296s] INFO:colcon.colcon_core.shell:Creating package script '/home/keime/mros2_ws/install/micro_ros_setup/share/micro_ros_setup/package.bash'
[3.296s] INFO:colcon.colcon_core.shell:Creating package script '/home/keime/mros2_ws/install/micro_ros_setup/share/micro_ros_setup/package.zsh'
[3.296s] Level 1:colcon.colcon_core.environment:create_file_with_runtime_dependencies(/home/keime/mros2_ws/install/micro_ros_setup/share/colcon-core/packages/micro_ros_setup)
[3.296s] DEBUG:colcon.colcon_parallel_executor.executor.parallel:closing loop
[3.297s] DEBUG:colcon.colcon_parallel_executor.executor.parallel:loop closed
[3.297s] DEBUG:colcon.colcon_parallel_executor.executor.parallel:run_until_complete finished with '0'
[3.297s] DEBUG:colcon.colcon_core.event_reactor:joining thread
[3.326s] INFO:colcon.colcon_core.plugin_system:Skipping extension 'colcon_notification.desktop_notification.notify_send': Could not find 'notify-send'
[3.326s] INFO:colcon.colcon_core.plugin_system:Skipping extension 'colcon_notification.desktop_notification.terminal_notifier': Not used on non-Darwin systems
[3.326s] INFO:colcon.colcon_core.plugin_system:Skipping extension 'colcon_notification.desktop_notification.win32': Not used on non-Windows systems
[3.326s] INFO:colcon.colcon_notification.desktop_notification:Sending desktop notification using 'notify2'
[3.326s] DEBUG:colcon.colcon_notification.desktop_notification.notify2:Failed to initialize notify2: org.freedesktop.DBus.Error.FileNotFound: Failed to connect to socket /run/user/1000/bus: No such file or directory
[3.327s] DEBUG:colcon.colcon_core.event_reactor:joined thread
[3.336s] INFO:colcon.colcon_core.shell:Creating prefix script '/home/keime/mros2_ws/install/local_setup.ps1'
[3.337s] INFO:colcon.colcon_core.shell:Creating prefix util module '/home/keime/mros2_ws/install/_local_setup_util_ps1.py'
[3.338s] INFO:colcon.colcon_core.shell:Creating prefix chain script '/home/keime/mros2_ws/install/setup.ps1'
[3.349s] INFO:colcon.colcon_core.shell:Creating prefix script '/home/keime/mros2_ws/install/local_setup.sh'
[3.350s] INFO:colcon.colcon_core.shell:Creating prefix util module '/home/keime/mros2_ws/install/_local_setup_util_sh.py'
[3.350s] INFO:colcon.colcon_core.shell:Creating prefix chain script '/home/keime/mros2_ws/install/setup.sh'
[3.361s] INFO:colcon.colcon_core.shell:Creating prefix script '/home/keime/mros2_ws/install/local_setup.bash'
[3.362s] INFO:colcon.colcon_core.shell:Creating prefix chain script '/home/keime/mros2_ws/install/setup.bash'
[3.379s] INFO:colcon.colcon_core.shell:Creating prefix script '/home/keime/mros2_ws/install/local_setup.zsh'
[3.380s] INFO:colcon.colcon_core.shell:Creating prefix chain script '/home/keime/mros2_ws/install/setup.zsh'
