[0.104s] Invoking command in '/home/keime/mros2_ws/build/micro_ros_msgs': CMAKE_PREFIX_PATH=/opt/ros/humble /usr/bin/cmake /home/keime/mros2_ws/src/uros/micro_ros_msgs -DCMAKE_INSTALL_PREFIX=/home/keime/mros2_ws/install/micro_ros_msgs
[0.322s] -- Found ament_cmake: 1.3.8 (/opt/ros/humble/share/ament_cmake/cmake)
[0.503s] -- Found rosidl_default_generators: 1.2.0 (/opt/ros/humble/share/rosidl_default_generators/cmake)
[0.519s] -- Using all available rosidl_typesupport_c: rosidl_typesupport_fastrtps_c;rosidl_typesupport_introspection_c
[0.524s] -- Found rosidl_adapter: 3.1.5 (/opt/ros/humble/share/rosidl_adapter/cmake)
[0.656s] -- Using all available rosidl_typesupport_cpp: rosidl_typesupport_fastrtps_cpp;rosidl_typesupport_introspection_cpp
[0.679s] -- Found ament_lint_auto: 0.12.10 (/opt/ros/humble/share/ament_lint_auto/cmake)
[0.908s] -- Found ament_cmake_ros: 0.10.0 (/opt/ros/humble/share/ament_cmake_ros/cmake)
[1.069s] -- Using all available rosidl_typesupport_c: rosidl_typesupport_fastrtps_c;rosidl_typesupport_introspection_c
[1.267s] -- Using all available rosidl_typesupport_cpp: rosidl_typesupport_fastrtps_cpp;rosidl_typesupport_introspection_cpp
[1.287s] -- Found python_cmake_module: 0.10.0 (/opt/ros/humble/share/python_cmake_module/cmake)
[1.311s] -- Using PYTHON_EXECUTABLE: /usr/bin/python3
[1.311s] -- Using PYTHON_INCLUDE_DIRS: /usr/include/python3.10
[1.311s] -- Using PYTHON_LIBRARIES: /usr/lib/x86_64-linux-gnu/libpython3.10.so
[1.340s] -- Added test 'copyright' to check source files copyright and LICENSE
[1.356s] -- Added test 'lint_cmake' to check CMake code style
[1.359s] -- Added test 'xmllint' to check XML markup files
[1.382s] -- Configuring done
[1.555s] -- Generating done
[1.558s] -- Build files have been written to: /home/keime/mros2_ws/build/micro_ros_msgs
[1.567s] Invoked command in '/home/keime/mros2_ws/build/micro_ros_msgs' returned '0': CMAKE_PREFIX_PATH=/opt/ros/humble /usr/bin/cmake /home/keime/mros2_ws/src/uros/micro_ros_msgs -DCMAKE_INSTALL_PREFIX=/home/keime/mros2_ws/install/micro_ros_msgs
[1.567s] Invoking command in '/home/keime/mros2_ws/build/micro_ros_msgs': CMAKE_PREFIX_PATH=/opt/ros/humble /usr/bin/cmake --build /home/keime/mros2_ws/build/micro_ros_msgs -- -j2 -l2
[1.594s] [35m[1mConsolidate compiler generated dependencies of target micro_ros_msgs__rosidl_generator_c[0m
[1.599s] [  2%] Built target micro_ros_msgs__cpp
[1.609s] [ 12%] Built target micro_ros_msgs__rosidl_generator_c
[1.622s] [35m[1mConsolidate compiler generated dependencies of target micro_ros_msgs__rosidl_typesupport_cpp[0m
[1.635s] [ 12%] Built target ament_cmake_python_copy_micro_ros_msgs
[1.637s] [ 23%] Built target micro_ros_msgs__rosidl_typesupport_cpp
[1.643s] [35m[1mConsolidate compiler generated dependencies of target micro_ros_msgs__rosidl_typesupport_fastrtps_c[0m
[1.644s] [35m[1mConsolidate compiler generated dependencies of target micro_ros_msgs__rosidl_typesupport_introspection_c[0m
[1.653s] [ 34%] Built target micro_ros_msgs__rosidl_typesupport_introspection_c
[1.659s] [ 44%] Built target micro_ros_msgs__rosidl_typesupport_fastrtps_c
[1.661s] [35m[1mConsolidate compiler generated dependencies of target micro_ros_msgs__rosidl_typesupport_c[0m
[1.667s] [ 55%] Built target micro_ros_msgs__rosidl_typesupport_c
[1.668s] [35m[1mConsolidate compiler generated dependencies of target micro_ros_msgs__rosidl_typesupport_fastrtps_cpp[0m
[1.676s] [35m[1mConsolidate compiler generated dependencies of target micro_ros_msgs__rosidl_typesupport_introspection_cpp[0m
[1.676s] [ 65%] Built target micro_ros_msgs__rosidl_typesupport_fastrtps_cpp
[1.685s] [ 76%] Built target micro_ros_msgs__rosidl_typesupport_introspection_cpp
[1.697s] [ 76%] Built target micro_ros_msgs
[1.710s] [ 78%] Built target micro_ros_msgs__py
[1.718s] [35m[1mConsolidate compiler generated dependencies of target micro_ros_msgs__rosidl_generator_py[0m
[1.728s] [ 87%] Built target micro_ros_msgs__rosidl_generator_py
[1.736s] [35m[1mConsolidate compiler generated dependencies of target micro_ros_msgs__rosidl_typesupport_fastrtps_c__pyext[0m
[1.743s] [ 91%] Built target micro_ros_msgs__rosidl_typesupport_fastrtps_c__pyext
[1.750s] [35m[1mConsolidate compiler generated dependencies of target micro_ros_msgs__rosidl_typesupport_introspection_c__pyext[0m
[1.758s] [ 95%] Built target micro_ros_msgs__rosidl_typesupport_introspection_c__pyext
[1.765s] [35m[1mConsolidate compiler generated dependencies of target micro_ros_msgs__rosidl_typesupport_c__pyext[0m
[1.773s] [100%] Built target micro_ros_msgs__rosidl_typesupport_c__pyext
[1.893s] running egg_info
[1.893s] writing micro_ros_msgs.egg-info/PKG-INFO
[1.893s] writing dependency_links to micro_ros_msgs.egg-info/dependency_links.txt
[1.894s] writing top-level names to micro_ros_msgs.egg-info/top_level.txt
[1.897s] reading manifest file 'micro_ros_msgs.egg-info/SOURCES.txt'
[1.898s] writing manifest file 'micro_ros_msgs.egg-info/SOURCES.txt'
[1.918s] [100%] Built target ament_cmake_python_build_micro_ros_msgs_egg
[1.925s] Invoked command in '/home/keime/mros2_ws/build/micro_ros_msgs' returned '0': CMAKE_PREFIX_PATH=/opt/ros/humble /usr/bin/cmake --build /home/keime/mros2_ws/build/micro_ros_msgs -- -j2 -l2
[1.981s] Invoking command in '/home/keime/mros2_ws/build/micro_ros_msgs': CMAKE_PREFIX_PATH=/opt/ros/humble /usr/bin/cmake --install /home/keime/mros2_ws/build/micro_ros_msgs
[1.986s] -- Install configuration: ""
[1.987s] -- Up-to-date: /home/keime/mros2_ws/install/micro_ros_msgs/share/ament_index/resource_index/rosidl_interfaces/micro_ros_msgs
[1.987s] -- Up-to-date: /home/keime/mros2_ws/install/micro_ros_msgs/include/micro_ros_msgs/micro_ros_msgs
[1.988s] -- Up-to-date: /home/keime/mros2_ws/install/micro_ros_msgs/include/micro_ros_msgs/micro_ros_msgs/msg
[1.988s] -- Up-to-date: /home/keime/mros2_ws/install/micro_ros_msgs/include/micro_ros_msgs/micro_ros_msgs/msg/graph.h
[1.988s] -- Up-to-date: /home/keime/mros2_ws/install/micro_ros_msgs/include/micro_ros_msgs/micro_ros_msgs/msg/entity.h
[1.988s] -- Up-to-date: /home/keime/mros2_ws/install/micro_ros_msgs/include/micro_ros_msgs/micro_ros_msgs/msg/node.h
[1.988s] -- Up-to-date: /home/keime/mros2_ws/install/micro_ros_msgs/include/micro_ros_msgs/micro_ros_msgs/msg/detail
[1.988s] -- Up-to-date: /home/keime/mros2_ws/install/micro_ros_msgs/include/micro_ros_msgs/micro_ros_msgs/msg/detail/node__functions.c
[1.988s] -- Up-to-date: /home/keime/mros2_ws/install/micro_ros_msgs/include/micro_ros_msgs/micro_ros_msgs/msg/detail/node__functions.h
[1.988s] -- Up-to-date: /home/keime/mros2_ws/install/micro_ros_msgs/include/micro_ros_msgs/micro_ros_msgs/msg/detail/entity__struct.h
[1.988s] -- Up-to-date: /home/keime/mros2_ws/install/micro_ros_msgs/include/micro_ros_msgs/micro_ros_msgs/msg/detail/entity__functions.h
[1.988s] -- Up-to-date: /home/keime/mros2_ws/install/micro_ros_msgs/include/micro_ros_msgs/micro_ros_msgs/msg/detail/node__struct.h
[1.988s] -- Up-to-date: /home/keime/mros2_ws/install/micro_ros_msgs/include/micro_ros_msgs/micro_ros_msgs/msg/detail/entity__type_support.h
[1.989s] -- Up-to-date: /home/keime/mros2_ws/install/micro_ros_msgs/include/micro_ros_msgs/micro_ros_msgs/msg/detail/entity__functions.c
[1.989s] -- Up-to-date: /home/keime/mros2_ws/install/micro_ros_msgs/include/micro_ros_msgs/micro_ros_msgs/msg/detail/graph__functions.h
[1.989s] -- Up-to-date: /home/keime/mros2_ws/install/micro_ros_msgs/include/micro_ros_msgs/micro_ros_msgs/msg/detail/graph__struct.h
[1.989s] -- Up-to-date: /home/keime/mros2_ws/install/micro_ros_msgs/include/micro_ros_msgs/micro_ros_msgs/msg/detail/node__type_support.h
[1.989s] -- Up-to-date: /home/keime/mros2_ws/install/micro_ros_msgs/include/micro_ros_msgs/micro_ros_msgs/msg/detail/graph__functions.c
[1.989s] -- Up-to-date: /home/keime/mros2_ws/install/micro_ros_msgs/include/micro_ros_msgs/micro_ros_msgs/msg/detail/graph__type_support.h
[1.989s] -- Up-to-date: /home/keime/mros2_ws/install/micro_ros_msgs/include/micro_ros_msgs/micro_ros_msgs/msg/rosidl_generator_c__visibility_control.h
[1.989s] -- Up-to-date: /home/keime/mros2_ws/install/micro_ros_msgs/share/micro_ros_msgs/environment/library_path.sh
[1.989s] -- Installing: /home/keime/mros2_ws/install/micro_ros_msgs/share/micro_ros_msgs/environment/library_path.dsv
[1.990s] -- Up-to-date: /home/keime/mros2_ws/install/micro_ros_msgs/lib/libmicro_ros_msgs__rosidl_generator_c.so
[1.990s] -- Up-to-date: /home/keime/mros2_ws/install/micro_ros_msgs/include/micro_ros_msgs/micro_ros_msgs
[1.990s] -- Up-to-date: /home/keime/mros2_ws/install/micro_ros_msgs/include/micro_ros_msgs/micro_ros_msgs/msg
[1.990s] -- Up-to-date: /home/keime/mros2_ws/install/micro_ros_msgs/include/micro_ros_msgs/micro_ros_msgs/msg/rosidl_typesupport_fastrtps_c__visibility_control.h
[1.990s] -- Up-to-date: /home/keime/mros2_ws/install/micro_ros_msgs/include/micro_ros_msgs/micro_ros_msgs/msg/detail
[1.990s] -- Up-to-date: /home/keime/mros2_ws/install/micro_ros_msgs/include/micro_ros_msgs/micro_ros_msgs/msg/detail/node__rosidl_typesupport_fastrtps_c.h
[1.990s] -- Up-to-date: /home/keime/mros2_ws/install/micro_ros_msgs/include/micro_ros_msgs/micro_ros_msgs/msg/detail/graph__rosidl_typesupport_fastrtps_c.h
[1.990s] -- Up-to-date: /home/keime/mros2_ws/install/micro_ros_msgs/include/micro_ros_msgs/micro_ros_msgs/msg/detail/entity__rosidl_typesupport_fastrtps_c.h
[1.991s] -- Up-to-date: /home/keime/mros2_ws/install/micro_ros_msgs/lib/libmicro_ros_msgs__rosidl_typesupport_fastrtps_c.so
[1.991s] -- Up-to-date: /home/keime/mros2_ws/install/micro_ros_msgs/include/micro_ros_msgs/micro_ros_msgs
[1.991s] -- Up-to-date: /home/keime/mros2_ws/install/micro_ros_msgs/include/micro_ros_msgs/micro_ros_msgs/msg
[1.991s] -- Up-to-date: /home/keime/mros2_ws/install/micro_ros_msgs/include/micro_ros_msgs/micro_ros_msgs/msg/rosidl_typesupport_introspection_c__visibility_control.h
[1.991s] -- Up-to-date: /home/keime/mros2_ws/install/micro_ros_msgs/include/micro_ros_msgs/micro_ros_msgs/msg/detail
[1.991s] -- Up-to-date: /home/keime/mros2_ws/install/micro_ros_msgs/include/micro_ros_msgs/micro_ros_msgs/msg/detail/entity__rosidl_typesupport_introspection_c.h
[1.991s] -- Up-to-date: /home/keime/mros2_ws/install/micro_ros_msgs/include/micro_ros_msgs/micro_ros_msgs/msg/detail/node__rosidl_typesupport_introspection_c.h
[1.991s] -- Up-to-date: /home/keime/mros2_ws/install/micro_ros_msgs/include/micro_ros_msgs/micro_ros_msgs/msg/detail/graph__rosidl_typesupport_introspection_c.h
[1.991s] -- Up-to-date: /home/keime/mros2_ws/install/micro_ros_msgs/include/micro_ros_msgs/micro_ros_msgs/msg/detail/graph__type_support.c
[1.991s] -- Up-to-date: /home/keime/mros2_ws/install/micro_ros_msgs/include/micro_ros_msgs/micro_ros_msgs/msg/detail/entity__type_support.c
[1.992s] -- Up-to-date: /home/keime/mros2_ws/install/micro_ros_msgs/include/micro_ros_msgs/micro_ros_msgs/msg/detail/node__type_support.c
[1.992s] -- Up-to-date: /home/keime/mros2_ws/install/micro_ros_msgs/lib/libmicro_ros_msgs__rosidl_typesupport_introspection_c.so
[1.992s] -- Up-to-date: /home/keime/mros2_ws/install/micro_ros_msgs/lib/libmicro_ros_msgs__rosidl_typesupport_c.so
[1.993s] -- Up-to-date: /home/keime/mros2_ws/install/micro_ros_msgs/include/micro_ros_msgs/micro_ros_msgs
[1.993s] -- Up-to-date: /home/keime/mros2_ws/install/micro_ros_msgs/include/micro_ros_msgs/micro_ros_msgs/msg
[1.993s] -- Up-to-date: /home/keime/mros2_ws/install/micro_ros_msgs/include/micro_ros_msgs/micro_ros_msgs/msg/entity.hpp
[1.993s] -- Up-to-date: /home/keime/mros2_ws/install/micro_ros_msgs/include/micro_ros_msgs/micro_ros_msgs/msg/graph.hpp
[1.993s] -- Up-to-date: /home/keime/mros2_ws/install/micro_ros_msgs/include/micro_ros_msgs/micro_ros_msgs/msg/node.hpp
[1.993s] -- Up-to-date: /home/keime/mros2_ws/install/micro_ros_msgs/include/micro_ros_msgs/micro_ros_msgs/msg/detail
[1.993s] -- Up-to-date: /home/keime/mros2_ws/install/micro_ros_msgs/include/micro_ros_msgs/micro_ros_msgs/msg/detail/entity__traits.hpp
[1.993s] -- Up-to-date: /home/keime/mros2_ws/install/micro_ros_msgs/include/micro_ros_msgs/micro_ros_msgs/msg/detail/entity__builder.hpp
[1.993s] -- Up-to-date: /home/keime/mros2_ws/install/micro_ros_msgs/include/micro_ros_msgs/micro_ros_msgs/msg/detail/node__builder.hpp
[1.993s] -- Up-to-date: /home/keime/mros2_ws/install/micro_ros_msgs/include/micro_ros_msgs/micro_ros_msgs/msg/detail/node__traits.hpp
[1.993s] -- Up-to-date: /home/keime/mros2_ws/install/micro_ros_msgs/include/micro_ros_msgs/micro_ros_msgs/msg/detail/node__struct.hpp
[1.993s] -- Up-to-date: /home/keime/mros2_ws/install/micro_ros_msgs/include/micro_ros_msgs/micro_ros_msgs/msg/detail/graph__builder.hpp
[1.993s] -- Up-to-date: /home/keime/mros2_ws/install/micro_ros_msgs/include/micro_ros_msgs/micro_ros_msgs/msg/detail/entity__struct.hpp
[1.993s] -- Up-to-date: /home/keime/mros2_ws/install/micro_ros_msgs/include/micro_ros_msgs/micro_ros_msgs/msg/detail/graph__struct.hpp
[1.993s] -- Up-to-date: /home/keime/mros2_ws/install/micro_ros_msgs/include/micro_ros_msgs/micro_ros_msgs/msg/detail/graph__traits.hpp
[1.993s] -- Up-to-date: /home/keime/mros2_ws/install/micro_ros_msgs/include/micro_ros_msgs/micro_ros_msgs
[1.993s] -- Up-to-date: /home/keime/mros2_ws/install/micro_ros_msgs/include/micro_ros_msgs/micro_ros_msgs/msg
[1.994s] -- Up-to-date: /home/keime/mros2_ws/install/micro_ros_msgs/include/micro_ros_msgs/micro_ros_msgs/msg/rosidl_typesupport_fastrtps_cpp__visibility_control.h
[1.994s] -- Up-to-date: /home/keime/mros2_ws/install/micro_ros_msgs/include/micro_ros_msgs/micro_ros_msgs/msg/detail
[1.994s] -- Up-to-date: /home/keime/mros2_ws/install/micro_ros_msgs/include/micro_ros_msgs/micro_ros_msgs/msg/detail/node__rosidl_typesupport_fastrtps_cpp.hpp
[1.994s] -- Up-to-date: /home/keime/mros2_ws/install/micro_ros_msgs/include/micro_ros_msgs/micro_ros_msgs/msg/detail/entity__rosidl_typesupport_fastrtps_cpp.hpp
[1.994s] -- Up-to-date: /home/keime/mros2_ws/install/micro_ros_msgs/include/micro_ros_msgs/micro_ros_msgs/msg/detail/graph__rosidl_typesupport_fastrtps_cpp.hpp
[1.994s] -- Up-to-date: /home/keime/mros2_ws/install/micro_ros_msgs/include/micro_ros_msgs/micro_ros_msgs/msg/detail/dds_fastrtps
[1.994s] -- Up-to-date: /home/keime/mros2_ws/install/micro_ros_msgs/lib/libmicro_ros_msgs__rosidl_typesupport_fastrtps_cpp.so
[1.994s] -- Up-to-date: /home/keime/mros2_ws/install/micro_ros_msgs/include/micro_ros_msgs/micro_ros_msgs
[1.994s] -- Up-to-date: /home/keime/mros2_ws/install/micro_ros_msgs/include/micro_ros_msgs/micro_ros_msgs/msg
[1.994s] -- Up-to-date: /home/keime/mros2_ws/install/micro_ros_msgs/include/micro_ros_msgs/micro_ros_msgs/msg/detail
[1.994s] -- Up-to-date: /home/keime/mros2_ws/install/micro_ros_msgs/include/micro_ros_msgs/micro_ros_msgs/msg/detail/node__type_support.cpp
[1.994s] -- Up-to-date: /home/keime/mros2_ws/install/micro_ros_msgs/include/micro_ros_msgs/micro_ros_msgs/msg/detail/node__rosidl_typesupport_introspection_cpp.hpp
[1.994s] -- Up-to-date: /home/keime/mros2_ws/install/micro_ros_msgs/include/micro_ros_msgs/micro_ros_msgs/msg/detail/entity__rosidl_typesupport_introspection_cpp.hpp
[1.994s] -- Up-to-date: /home/keime/mros2_ws/install/micro_ros_msgs/include/micro_ros_msgs/micro_ros_msgs/msg/detail/graph__rosidl_typesupport_introspection_cpp.hpp
[1.994s] -- Up-to-date: /home/keime/mros2_ws/install/micro_ros_msgs/include/micro_ros_msgs/micro_ros_msgs/msg/detail/entity__type_support.cpp
[1.994s] -- Up-to-date: /home/keime/mros2_ws/install/micro_ros_msgs/include/micro_ros_msgs/micro_ros_msgs/msg/detail/graph__type_support.cpp
[1.995s] -- Up-to-date: /home/keime/mros2_ws/install/micro_ros_msgs/lib/libmicro_ros_msgs__rosidl_typesupport_introspection_cpp.so
[1.995s] -- Up-to-date: /home/keime/mros2_ws/install/micro_ros_msgs/lib/libmicro_ros_msgs__rosidl_typesupport_cpp.so
[1.995s] -- Up-to-date: /home/keime/mros2_ws/install/micro_ros_msgs/share/micro_ros_msgs/environment/pythonpath.sh
[1.995s] -- Installing: /home/keime/mros2_ws/install/micro_ros_msgs/share/micro_ros_msgs/environment/pythonpath.dsv
[1.996s] -- Up-to-date: /home/keime/mros2_ws/install/micro_ros_msgs/local/lib/python3.10/dist-packages/micro_ros_msgs-3.0.1-py3.10.egg-info
[1.997s] -- Installing: /home/keime/mros2_ws/install/micro_ros_msgs/local/lib/python3.10/dist-packages/micro_ros_msgs-3.0.1-py3.10.egg-info/SOURCES.txt
[1.997s] -- Installing: /home/keime/mros2_ws/install/micro_ros_msgs/local/lib/python3.10/dist-packages/micro_ros_msgs-3.0.1-py3.10.egg-info/dependency_links.txt
[1.997s] -- Installing: /home/keime/mros2_ws/install/micro_ros_msgs/local/lib/python3.10/dist-packages/micro_ros_msgs-3.0.1-py3.10.egg-info/PKG-INFO
[1.997s] -- Installing: /home/keime/mros2_ws/install/micro_ros_msgs/local/lib/python3.10/dist-packages/micro_ros_msgs-3.0.1-py3.10.egg-info/top_level.txt
[1.997s] -- Up-to-date: /home/keime/mros2_ws/install/micro_ros_msgs/local/lib/python3.10/dist-packages/micro_ros_msgs
[1.997s] -- Up-to-date: /home/keime/mros2_ws/install/micro_ros_msgs/local/lib/python3.10/dist-packages/micro_ros_msgs/micro_ros_msgs_s__rosidl_typesupport_introspection_c.cpython-310-x86_64-linux-gnu.so
[1.997s] -- Up-to-date: /home/keime/mros2_ws/install/micro_ros_msgs/local/lib/python3.10/dist-packages/micro_ros_msgs/_micro_ros_msgs_s.ep.rosidl_typesupport_c.c
[1.997s] -- Up-to-date: /home/keime/mros2_ws/install/micro_ros_msgs/local/lib/python3.10/dist-packages/micro_ros_msgs/_micro_ros_msgs_s.ep.rosidl_typesupport_fastrtps_c.c
[1.997s] -- Installing: /home/keime/mros2_ws/install/micro_ros_msgs/local/lib/python3.10/dist-packages/micro_ros_msgs/__init__.py
[1.997s] -- Up-to-date: /home/keime/mros2_ws/install/micro_ros_msgs/local/lib/python3.10/dist-packages/micro_ros_msgs/micro_ros_msgs_s__rosidl_typesupport_c.cpython-310-x86_64-linux-gnu.so
[1.997s] -- Up-to-date: /home/keime/mros2_ws/install/micro_ros_msgs/local/lib/python3.10/dist-packages/micro_ros_msgs/micro_ros_msgs_s__rosidl_typesupport_fastrtps_c.cpython-310-x86_64-linux-gnu.so
[1.997s] -- Up-to-date: /home/keime/mros2_ws/install/micro_ros_msgs/local/lib/python3.10/dist-packages/micro_ros_msgs/libmicro_ros_msgs__rosidl_generator_py.so
[1.998s] -- Up-to-date: /home/keime/mros2_ws/install/micro_ros_msgs/local/lib/python3.10/dist-packages/micro_ros_msgs/_micro_ros_msgs_s.ep.rosidl_typesupport_introspection_c.c
[1.998s] -- Up-to-date: /home/keime/mros2_ws/install/micro_ros_msgs/local/lib/python3.10/dist-packages/micro_ros_msgs/msg
[1.998s] -- Up-to-date: /home/keime/mros2_ws/install/micro_ros_msgs/local/lib/python3.10/dist-packages/micro_ros_msgs/msg/_entity_s.c
[1.998s] -- Up-to-date: /home/keime/mros2_ws/install/micro_ros_msgs/local/lib/python3.10/dist-packages/micro_ros_msgs/msg/__init__.py
[1.998s] -- Up-to-date: /home/keime/mros2_ws/install/micro_ros_msgs/local/lib/python3.10/dist-packages/micro_ros_msgs/msg/_graph_s.c
[1.998s] -- Up-to-date: /home/keime/mros2_ws/install/micro_ros_msgs/local/lib/python3.10/dist-packages/micro_ros_msgs/msg/_node.py
[1.998s] -- Up-to-date: /home/keime/mros2_ws/install/micro_ros_msgs/local/lib/python3.10/dist-packages/micro_ros_msgs/msg/_entity.py
[1.998s] -- Up-to-date: /home/keime/mros2_ws/install/micro_ros_msgs/local/lib/python3.10/dist-packages/micro_ros_msgs/msg/_graph.py
[1.998s] -- Up-to-date: /home/keime/mros2_ws/install/micro_ros_msgs/local/lib/python3.10/dist-packages/micro_ros_msgs/msg/_node_s.c
[2.026s] Listing '/home/keime/mros2_ws/install/micro_ros_msgs/local/lib/python3.10/dist-packages/micro_ros_msgs'...
[2.026s] Compiling '/home/keime/mros2_ws/install/micro_ros_msgs/local/lib/python3.10/dist-packages/micro_ros_msgs/__init__.py'...
[2.026s] Listing '/home/keime/mros2_ws/install/micro_ros_msgs/local/lib/python3.10/dist-packages/micro_ros_msgs/msg'...
[2.030s] -- Up-to-date: /home/keime/mros2_ws/install/micro_ros_msgs/local/lib/python3.10/dist-packages/micro_ros_msgs/micro_ros_msgs_s__rosidl_typesupport_fastrtps_c.cpython-310-x86_64-linux-gnu.so
[2.031s] -- Up-to-date: /home/keime/mros2_ws/install/micro_ros_msgs/local/lib/python3.10/dist-packages/micro_ros_msgs/micro_ros_msgs_s__rosidl_typesupport_introspection_c.cpython-310-x86_64-linux-gnu.so
[2.032s] -- Up-to-date: /home/keime/mros2_ws/install/micro_ros_msgs/local/lib/python3.10/dist-packages/micro_ros_msgs/micro_ros_msgs_s__rosidl_typesupport_c.cpython-310-x86_64-linux-gnu.so
[2.034s] -- Up-to-date: /home/keime/mros2_ws/install/micro_ros_msgs/lib/libmicro_ros_msgs__rosidl_generator_py.so
[2.034s] -- Up-to-date: /home/keime/mros2_ws/install/micro_ros_msgs/share/micro_ros_msgs/msg/Graph.idl
[2.034s] -- Up-to-date: /home/keime/mros2_ws/install/micro_ros_msgs/share/micro_ros_msgs/msg/Node.idl
[2.034s] -- Up-to-date: /home/keime/mros2_ws/install/micro_ros_msgs/share/micro_ros_msgs/msg/Entity.idl
[2.034s] -- Up-to-date: /home/keime/mros2_ws/install/micro_ros_msgs/share/micro_ros_msgs/msg/Graph.msg
[2.034s] -- Up-to-date: /home/keime/mros2_ws/install/micro_ros_msgs/share/micro_ros_msgs/msg/Node.msg
[2.034s] -- Up-to-date: /home/keime/mros2_ws/install/micro_ros_msgs/share/micro_ros_msgs/msg/Entity.msg
[2.035s] -- Up-to-date: /home/keime/mros2_ws/install/micro_ros_msgs/share/ament_index/resource_index/package_run_dependencies/micro_ros_msgs
[2.035s] -- Installing: /home/keime/mros2_ws/install/micro_ros_msgs/share/ament_index/resource_index/parent_prefix_path/micro_ros_msgs
[2.035s] -- Up-to-date: /home/keime/mros2_ws/install/micro_ros_msgs/share/micro_ros_msgs/environment/ament_prefix_path.sh
[2.035s] -- Installing: /home/keime/mros2_ws/install/micro_ros_msgs/share/micro_ros_msgs/environment/ament_prefix_path.dsv
[2.035s] -- Up-to-date: /home/keime/mros2_ws/install/micro_ros_msgs/share/micro_ros_msgs/environment/path.sh
[2.035s] -- Installing: /home/keime/mros2_ws/install/micro_ros_msgs/share/micro_ros_msgs/environment/path.dsv
[2.035s] -- Up-to-date: /home/keime/mros2_ws/install/micro_ros_msgs/share/micro_ros_msgs/local_setup.bash
[2.036s] -- Up-to-date: /home/keime/mros2_ws/install/micro_ros_msgs/share/micro_ros_msgs/local_setup.sh
[2.036s] -- Up-to-date: /home/keime/mros2_ws/install/micro_ros_msgs/share/micro_ros_msgs/local_setup.zsh
[2.036s] -- Installing: /home/keime/mros2_ws/install/micro_ros_msgs/share/micro_ros_msgs/local_setup.dsv
[2.036s] -- Installing: /home/keime/mros2_ws/install/micro_ros_msgs/share/micro_ros_msgs/package.dsv
[2.036s] -- Up-to-date: /home/keime/mros2_ws/install/micro_ros_msgs/share/ament_index/resource_index/packages/micro_ros_msgs
[2.037s] -- Up-to-date: /home/keime/mros2_ws/install/micro_ros_msgs/share/micro_ros_msgs/cmake/export_micro_ros_msgs__rosidl_generator_cExport.cmake
[2.037s] -- Up-to-date: /home/keime/mros2_ws/install/micro_ros_msgs/share/micro_ros_msgs/cmake/export_micro_ros_msgs__rosidl_generator_cExport-noconfig.cmake
[2.037s] -- Up-to-date: /home/keime/mros2_ws/install/micro_ros_msgs/share/micro_ros_msgs/cmake/export_micro_ros_msgs__rosidl_typesupport_fastrtps_cExport.cmake
[2.038s] -- Up-to-date: /home/keime/mros2_ws/install/micro_ros_msgs/share/micro_ros_msgs/cmake/export_micro_ros_msgs__rosidl_typesupport_fastrtps_cExport-noconfig.cmake
[2.038s] -- Up-to-date: /home/keime/mros2_ws/install/micro_ros_msgs/share/micro_ros_msgs/cmake/micro_ros_msgs__rosidl_typesupport_introspection_cExport.cmake
[2.038s] -- Up-to-date: /home/keime/mros2_ws/install/micro_ros_msgs/share/micro_ros_msgs/cmake/micro_ros_msgs__rosidl_typesupport_introspection_cExport-noconfig.cmake
[2.038s] -- Up-to-date: /home/keime/mros2_ws/install/micro_ros_msgs/share/micro_ros_msgs/cmake/micro_ros_msgs__rosidl_typesupport_cExport.cmake
[2.038s] -- Up-to-date: /home/keime/mros2_ws/install/micro_ros_msgs/share/micro_ros_msgs/cmake/micro_ros_msgs__rosidl_typesupport_cExport-noconfig.cmake
[2.039s] -- Up-to-date: /home/keime/mros2_ws/install/micro_ros_msgs/share/micro_ros_msgs/cmake/export_micro_ros_msgs__rosidl_generator_cppExport.cmake
[2.039s] -- Up-to-date: /home/keime/mros2_ws/install/micro_ros_msgs/share/micro_ros_msgs/cmake/export_micro_ros_msgs__rosidl_typesupport_fastrtps_cppExport.cmake
[2.039s] -- Up-to-date: /home/keime/mros2_ws/install/micro_ros_msgs/share/micro_ros_msgs/cmake/export_micro_ros_msgs__rosidl_typesupport_fastrtps_cppExport-noconfig.cmake
[2.040s] -- Up-to-date: /home/keime/mros2_ws/install/micro_ros_msgs/share/micro_ros_msgs/cmake/micro_ros_msgs__rosidl_typesupport_introspection_cppExport.cmake
[2.040s] -- Up-to-date: /home/keime/mros2_ws/install/micro_ros_msgs/share/micro_ros_msgs/cmake/micro_ros_msgs__rosidl_typesupport_introspection_cppExport-noconfig.cmake
[2.040s] -- Up-to-date: /home/keime/mros2_ws/install/micro_ros_msgs/share/micro_ros_msgs/cmake/micro_ros_msgs__rosidl_typesupport_cppExport.cmake
[2.040s] -- Up-to-date: /home/keime/mros2_ws/install/micro_ros_msgs/share/micro_ros_msgs/cmake/micro_ros_msgs__rosidl_typesupport_cppExport-noconfig.cmake
[2.041s] -- Up-to-date: /home/keime/mros2_ws/install/micro_ros_msgs/share/micro_ros_msgs/cmake/export_micro_ros_msgs__rosidl_generator_pyExport.cmake
[2.041s] -- Up-to-date: /home/keime/mros2_ws/install/micro_ros_msgs/share/micro_ros_msgs/cmake/export_micro_ros_msgs__rosidl_generator_pyExport-noconfig.cmake
[2.041s] -- Up-to-date: /home/keime/mros2_ws/install/micro_ros_msgs/share/micro_ros_msgs/cmake/rosidl_cmake-extras.cmake
[2.041s] -- Up-to-date: /home/keime/mros2_ws/install/micro_ros_msgs/share/micro_ros_msgs/cmake/ament_cmake_export_include_directories-extras.cmake
[2.041s] -- Up-to-date: /home/keime/mros2_ws/install/micro_ros_msgs/share/micro_ros_msgs/cmake/ament_cmake_export_libraries-extras.cmake
[2.041s] -- Up-to-date: /home/keime/mros2_ws/install/micro_ros_msgs/share/micro_ros_msgs/cmake/ament_cmake_export_targets-extras.cmake
[2.041s] -- Up-to-date: /home/keime/mros2_ws/install/micro_ros_msgs/share/micro_ros_msgs/cmake/rosidl_cmake_export_typesupport_targets-extras.cmake
[2.041s] -- Up-to-date: /home/keime/mros2_ws/install/micro_ros_msgs/share/micro_ros_msgs/cmake/ament_cmake_export_dependencies-extras.cmake
[2.041s] -- Up-to-date: /home/keime/mros2_ws/install/micro_ros_msgs/share/micro_ros_msgs/cmake/rosidl_cmake_export_typesupport_libraries-extras.cmake
[2.041s] -- Up-to-date: /home/keime/mros2_ws/install/micro_ros_msgs/share/micro_ros_msgs/cmake/micro_ros_msgsConfig.cmake
[2.041s] -- Up-to-date: /home/keime/mros2_ws/install/micro_ros_msgs/share/micro_ros_msgs/cmake/micro_ros_msgsConfig-version.cmake
[2.041s] -- Up-to-date: /home/keime/mros2_ws/install/micro_ros_msgs/share/micro_ros_msgs/package.xml
[2.043s] Invoked command in '/home/keime/mros2_ws/build/micro_ros_msgs' returned '0': CMAKE_PREFIX_PATH=/opt/ros/humble /usr/bin/cmake --install /home/keime/mros2_ws/build/micro_ros_msgs
