[0.037s] Invoking command in '/home/keime/mros2_ws/build/tinyxml2': /usr/bin/cmake /home/keime/mros2_ws/tinyxml2 -DCMAKE_INSTALL_PREFIX=/home/keime/mros2_ws/install/tinyxml2
[0.225s] -- The C compiler identification is GNU 11.4.0
[0.476s] -- The CXX compiler identification is GNU 11.4.0
[0.623s] -- Detecting C compiler ABI info
[0.698s] -- Detecting C compiler ABI info - done
[0.698s] -- Check for working C compiler: /usr/bin/cc - skipped
[0.698s] -- Detecting C compile features
[0.699s] -- Detecting C compile features - done
[0.703s] -- Detecting CXX compiler ABI info
[0.781s] -- Detecting CXX compiler ABI info - done
[0.786s] -- Check for working CXX compiler: /usr/bin/c++ - skipped
[0.786s] -- Detecting CXX compile features
[0.787s] -- Detecting CXX compile features - done
[1.113s] -- Configuring done
[1.121s] -- Generating done
[1.122s] -- Build files have been written to: /home/keime/mros2_ws/build/tinyxml2
[1.125s] Invoked command in '/home/keime/mros2_ws/build/tinyxml2' returned '0': /usr/bin/cmake /home/keime/mros2_ws/tinyxml2 -DCMAKE_INSTALL_PREFIX=/home/keime/mros2_ws/install/tinyxml2
[1.125s] Invoking command in '/home/keime/mros2_ws/build/tinyxml2': /usr/bin/cmake --build /home/keime/mros2_ws/build/tinyxml2 -- -j2 -l2
[1.147s] [ 25%] [32mBuilding CXX object CMakeFiles/tinyxml2.dir/tinyxml2.cpp.o[0m
[1.363s] [ 50%] [32m[1mLinking CXX static library libtinyxml2.a[0m
[1.501s] [ 50%] Built target tinyxml2
[1.510s] [ 75%] [32mBuilding CXX object CMakeFiles/xmltest.dir/xmltest.cpp.o[0m
[1.703s] [100%] [32m[1mLinking CXX executable xmltest[0m
[1.780s] [100%] Built target xmltest
[1.786s] Invoked command in '/home/keime/mros2_ws/build/tinyxml2' returned '0': /usr/bin/cmake --build /home/keime/mros2_ws/build/tinyxml2 -- -j2 -l2
[1.808s] Invoking command in '/home/keime/mros2_ws/build/tinyxml2': /usr/bin/cmake --install /home/keime/mros2_ws/build/tinyxml2
[1.812s] -- Install configuration: ""
[1.812s] -- Installing: /home/keime/mros2_ws/install/tinyxml2/lib/libtinyxml2.a
[1.812s] -- Installing: /home/keime/mros2_ws/install/tinyxml2/lib/cmake/tinyxml2/tinyxml2-static-targets.cmake
[1.812s] -- Installing: /home/keime/mros2_ws/install/tinyxml2/lib/cmake/tinyxml2/tinyxml2-static-targets-noconfig.cmake
[1.812s] -- Installing: /home/keime/mros2_ws/install/tinyxml2/lib/cmake/tinyxml2/tinyxml2-config.cmake
[1.812s] -- Installing: /home/keime/mros2_ws/install/tinyxml2/lib/cmake/tinyxml2/tinyxml2-config-version.cmake
[1.813s] -- Installing: /home/keime/mros2_ws/install/tinyxml2/include/tinyxml2.h
[1.813s] -- Installing: /home/keime/mros2_ws/install/tinyxml2/lib/pkgconfig/tinyxml2.pc
[1.814s] Invoked command in '/home/keime/mros2_ws/build/tinyxml2' returned '0': /usr/bin/cmake --install /home/keime/mros2_ws/build/tinyxml2
