[0.690s] DEBUG:colcon:Command line arguments: ['/usr/bin/colcon', 'build']
[0.690s] DEBUG:colcon:Parsed command line arguments: Namespace(log_base=None, log_level=None, verb_name='build', build_base='build', install_base='install', merge_install=False, symlink_install=False, test_result_base=None, continue_on_error=False, executor='parallel', parallel_workers=2, event_handlers=None, ignore_user_meta=False, metas=['./colcon.meta'], base_paths=['.'], packages_ignore=None, packages_ignore_regex=None, paths=None, packages_up_to=None, packages_up_to_regex=None, packages_above=None, packages_above_and_dependencies=None, packages_above_depth=None, packages_select_by_dep=None, packages_skip_by_dep=None, packages_skip_up_to=None, packages_select_build_failed=False, packages_skip_build_finished=False, packages_select_test_failures=False, packages_skip_test_passed=False, packages_select=None, packages_skip=None, packages_select_regex=None, packages_skip_regex=None, packages_start=None, packages_end=None, allow_overriding=[], cmake_args=None, cmake_target=None, cmake_target_skip_unavailable=False, cmake_clean_cache=False, cmake_clean_first=False, cmake_force_configure=False, ament_cmake_args=None, catkin_cmake_args=None, catkin_skip_building_tests=False, verb_parser=<colcon_defaults.argument_parser.defaults.DefaultArgumentsDecorator object at 0x7f6cd3b530d0>, verb_extension=<colcon_core.verb.build.BuildVerb object at 0x7f6cd3b3ae00>, main=<bound method BuildVerb.main of <colcon_core.verb.build.BuildVerb object at 0x7f6cd3b3ae00>>)
[0.718s] Level 1:colcon.colcon_core.package_discovery:discover_packages(colcon_meta) check parameters
[0.718s] Level 1:colcon.colcon_core.package_discovery:discover_packages(recursive) check parameters
[0.718s] Level 1:colcon.colcon_core.package_discovery:discover_packages(ignore) check parameters
[0.718s] Level 1:colcon.colcon_core.package_discovery:discover_packages(path) check parameters
[0.718s] Level 1:colcon.colcon_core.package_discovery:discover_packages(colcon_meta) discover
[0.718s] Level 1:colcon.colcon_core.package_discovery:discover_packages(recursive) discover
[0.718s] INFO:colcon.colcon_core.package_discovery:Crawling recursively for packages in '/home/keime/mros2_ws'
[0.718s] Level 1:colcon.colcon_core.package_identification:_identify(.) by extensions ['ignore', 'ignore_ament_install']
[0.718s] Level 1:colcon.colcon_core.package_identification:_identify(.) by extension 'ignore'
[0.718s] Level 1:colcon.colcon_core.package_identification:_identify(.) by extension 'ignore_ament_install'
[0.718s] Level 1:colcon.colcon_core.package_identification:_identify(.) by extensions ['colcon_pkg']
[0.718s] Level 1:colcon.colcon_core.package_identification:_identify(.) by extension 'colcon_pkg'
[0.718s] Level 1:colcon.colcon_core.package_identification:_identify(.) by extensions ['colcon_meta']
[0.718s] Level 1:colcon.colcon_core.package_identification:_identify(.) by extension 'colcon_meta'
[0.718s] Level 1:colcon.colcon_core.package_identification:_identify(.) by extensions ['ros']
[0.718s] Level 1:colcon.colcon_core.package_identification:_identify(.) by extension 'ros'
[0.726s] Level 1:colcon.colcon_core.package_identification:_identify(.) by extensions ['cmake', 'python']
[0.726s] Level 1:colcon.colcon_core.package_identification:_identify(.) by extension 'cmake'
[0.726s] Level 1:colcon.colcon_core.package_identification:_identify(.) by extension 'python'
[0.726s] Level 1:colcon.colcon_core.package_identification:_identify(.) by extensions ['python_setup_py']
[0.726s] Level 1:colcon.colcon_core.package_identification:_identify(.) by extension 'python_setup_py'
[0.726s] Level 1:colcon.colcon_core.package_identification:_identify(build) by extensions ['ignore', 'ignore_ament_install']
[0.726s] Level 1:colcon.colcon_core.package_identification:_identify(build) by extension 'ignore'
[0.726s] Level 1:colcon.colcon_core.package_identification:_identify(build) ignored
[0.726s] Level 1:colcon.colcon_core.package_identification:_identify(install) by extensions ['ignore', 'ignore_ament_install']
[0.726s] Level 1:colcon.colcon_core.package_identification:_identify(install) by extension 'ignore'
[0.726s] Level 1:colcon.colcon_core.package_identification:_identify(install) ignored
[0.726s] Level 1:colcon.colcon_core.package_identification:_identify(log) by extensions ['ignore', 'ignore_ament_install']
[0.726s] Level 1:colcon.colcon_core.package_identification:_identify(log) by extension 'ignore'
[0.726s] Level 1:colcon.colcon_core.package_identification:_identify(log) ignored
[0.726s] Level 1:colcon.colcon_core.package_identification:_identify(src) by extensions ['ignore', 'ignore_ament_install']
[0.726s] Level 1:colcon.colcon_core.package_identification:_identify(src) by extension 'ignore'
[0.726s] Level 1:colcon.colcon_core.package_identification:_identify(src) by extension 'ignore_ament_install'
[0.726s] Level 1:colcon.colcon_core.package_identification:_identify(src) by extensions ['colcon_pkg']
[0.726s] Level 1:colcon.colcon_core.package_identification:_identify(src) by extension 'colcon_pkg'
[0.726s] Level 1:colcon.colcon_core.package_identification:_identify(src) by extensions ['colcon_meta']
[0.726s] Level 1:colcon.colcon_core.package_identification:_identify(src) by extension 'colcon_meta'
[0.726s] Level 1:colcon.colcon_core.package_identification:_identify(src) by extensions ['ros']
[0.726s] Level 1:colcon.colcon_core.package_identification:_identify(src) by extension 'ros'
[0.726s] Level 1:colcon.colcon_core.package_identification:_identify(src) by extensions ['cmake', 'python']
[0.726s] Level 1:colcon.colcon_core.package_identification:_identify(src) by extension 'cmake'
[0.726s] Level 1:colcon.colcon_core.package_identification:_identify(src) by extension 'python'
[0.726s] Level 1:colcon.colcon_core.package_identification:_identify(src) by extensions ['python_setup_py']
[0.726s] Level 1:colcon.colcon_core.package_identification:_identify(src) by extension 'python_setup_py'
[0.727s] Level 1:colcon.colcon_core.package_identification:_identify(src/micro_ros_setup) by extensions ['ignore', 'ignore_ament_install']
[0.727s] Level 1:colcon.colcon_core.package_identification:_identify(src/micro_ros_setup) by extension 'ignore'
[0.727s] Level 1:colcon.colcon_core.package_identification:_identify(src/micro_ros_setup) by extension 'ignore_ament_install'
[0.727s] Level 1:colcon.colcon_core.package_identification:_identify(src/micro_ros_setup) by extensions ['colcon_pkg']
[0.727s] Level 1:colcon.colcon_core.package_identification:_identify(src/micro_ros_setup) by extension 'colcon_pkg'
[0.727s] Level 1:colcon.colcon_core.package_identification:_identify(src/micro_ros_setup) by extensions ['colcon_meta']
[0.727s] Level 1:colcon.colcon_core.package_identification:_identify(src/micro_ros_setup) by extension 'colcon_meta'
[0.727s] Level 1:colcon.colcon_core.package_identification:_identify(src/micro_ros_setup) by extensions ['ros']
[0.727s] Level 1:colcon.colcon_core.package_identification:_identify(src/micro_ros_setup) by extension 'ros'
[0.729s] DEBUG:colcon.colcon_core.package_identification:Package 'src/micro_ros_setup' with type 'ros.ament_cmake' and name 'micro_ros_setup'
[0.729s] Level 1:colcon.colcon_core.package_identification:_identify(src/uros) by extensions ['ignore', 'ignore_ament_install']
[0.729s] Level 1:colcon.colcon_core.package_identification:_identify(src/uros) by extension 'ignore'
[0.729s] Level 1:colcon.colcon_core.package_identification:_identify(src/uros) by extension 'ignore_ament_install'
[0.729s] Level 1:colcon.colcon_core.package_identification:_identify(src/uros) by extensions ['colcon_pkg']
[0.729s] Level 1:colcon.colcon_core.package_identification:_identify(src/uros) by extension 'colcon_pkg'
[0.729s] Level 1:colcon.colcon_core.package_identification:_identify(src/uros) by extensions ['colcon_meta']
[0.729s] Level 1:colcon.colcon_core.package_identification:_identify(src/uros) by extension 'colcon_meta'
[0.729s] Level 1:colcon.colcon_core.package_identification:_identify(src/uros) by extensions ['ros']
[0.729s] Level 1:colcon.colcon_core.package_identification:_identify(src/uros) by extension 'ros'
[0.729s] Level 1:colcon.colcon_core.package_identification:_identify(src/uros) by extensions ['cmake', 'python']
[0.729s] Level 1:colcon.colcon_core.package_identification:_identify(src/uros) by extension 'cmake'
[0.729s] Level 1:colcon.colcon_core.package_identification:_identify(src/uros) by extension 'python'
[0.729s] Level 1:colcon.colcon_core.package_identification:_identify(src/uros) by extensions ['python_setup_py']
[0.729s] Level 1:colcon.colcon_core.package_identification:_identify(src/uros) by extension 'python_setup_py'
[0.729s] Level 1:colcon.colcon_core.package_identification:_identify(src/uros/micro-ROS-Agent) by extensions ['ignore', 'ignore_ament_install']
[0.729s] Level 1:colcon.colcon_core.package_identification:_identify(src/uros/micro-ROS-Agent) by extension 'ignore'
[0.729s] Level 1:colcon.colcon_core.package_identification:_identify(src/uros/micro-ROS-Agent) by extension 'ignore_ament_install'
[0.729s] Level 1:colcon.colcon_core.package_identification:_identify(src/uros/micro-ROS-Agent) by extensions ['colcon_pkg']
[0.729s] Level 1:colcon.colcon_core.package_identification:_identify(src/uros/micro-ROS-Agent) by extension 'colcon_pkg'
[0.729s] Level 1:colcon.colcon_core.package_identification:_identify(src/uros/micro-ROS-Agent) by extensions ['colcon_meta']
[0.729s] Level 1:colcon.colcon_core.package_identification:_identify(src/uros/micro-ROS-Agent) by extension 'colcon_meta'
[0.729s] Level 1:colcon.colcon_core.package_identification:_identify(src/uros/micro-ROS-Agent) by extensions ['ros']
[0.729s] Level 1:colcon.colcon_core.package_identification:_identify(src/uros/micro-ROS-Agent) by extension 'ros'
[0.729s] Level 1:colcon.colcon_core.package_identification:_identify(src/uros/micro-ROS-Agent) by extensions ['cmake', 'python']
[0.729s] Level 1:colcon.colcon_core.package_identification:_identify(src/uros/micro-ROS-Agent) by extension 'cmake'
[0.729s] Level 1:colcon.colcon_core.package_identification:_identify(src/uros/micro-ROS-Agent) by extension 'python'
[0.729s] Level 1:colcon.colcon_core.package_identification:_identify(src/uros/micro-ROS-Agent) by extensions ['python_setup_py']
[0.729s] Level 1:colcon.colcon_core.package_identification:_identify(src/uros/micro-ROS-Agent) by extension 'python_setup_py'
[0.730s] Level 1:colcon.colcon_core.package_identification:_identify(src/uros/micro-ROS-Agent/micro_ros_agent) by extensions ['ignore', 'ignore_ament_install']
[0.730s] Level 1:colcon.colcon_core.package_identification:_identify(src/uros/micro-ROS-Agent/micro_ros_agent) by extension 'ignore'
[0.730s] Level 1:colcon.colcon_core.package_identification:_identify(src/uros/micro-ROS-Agent/micro_ros_agent) by extension 'ignore_ament_install'
[0.730s] Level 1:colcon.colcon_core.package_identification:_identify(src/uros/micro-ROS-Agent/micro_ros_agent) by extensions ['colcon_pkg']
[0.730s] Level 1:colcon.colcon_core.package_identification:_identify(src/uros/micro-ROS-Agent/micro_ros_agent) by extension 'colcon_pkg'
[0.730s] Level 1:colcon.colcon_core.package_identification:_identify(src/uros/micro-ROS-Agent/micro_ros_agent) by extensions ['colcon_meta']
[0.730s] Level 1:colcon.colcon_core.package_identification:_identify(src/uros/micro-ROS-Agent/micro_ros_agent) by extension 'colcon_meta'
[0.730s] Level 1:colcon.colcon_core.package_identification:_identify(src/uros/micro-ROS-Agent/micro_ros_agent) by extensions ['ros']
[0.730s] Level 1:colcon.colcon_core.package_identification:_identify(src/uros/micro-ROS-Agent/micro_ros_agent) by extension 'ros'
[0.730s] DEBUG:colcon.colcon_core.package_identification:Package 'src/uros/micro-ROS-Agent/micro_ros_agent' with type 'ros.ament_cmake' and name 'micro_ros_agent'
[0.730s] Level 1:colcon.colcon_core.package_identification:_identify(src/uros/micro-ROS-Agent/snap) by extensions ['ignore', 'ignore_ament_install']
[0.730s] Level 1:colcon.colcon_core.package_identification:_identify(src/uros/micro-ROS-Agent/snap) by extension 'ignore'
[0.731s] Level 1:colcon.colcon_core.package_identification:_identify(src/uros/micro-ROS-Agent/snap) by extension 'ignore_ament_install'
[0.731s] Level 1:colcon.colcon_core.package_identification:_identify(src/uros/micro-ROS-Agent/snap) by extensions ['colcon_pkg']
[0.731s] Level 1:colcon.colcon_core.package_identification:_identify(src/uros/micro-ROS-Agent/snap) by extension 'colcon_pkg'
[0.731s] Level 1:colcon.colcon_core.package_identification:_identify(src/uros/micro-ROS-Agent/snap) by extensions ['colcon_meta']
[0.731s] Level 1:colcon.colcon_core.package_identification:_identify(src/uros/micro-ROS-Agent/snap) by extension 'colcon_meta'
[0.731s] Level 1:colcon.colcon_core.package_identification:_identify(src/uros/micro-ROS-Agent/snap) by extensions ['ros']
[0.731s] Level 1:colcon.colcon_core.package_identification:_identify(src/uros/micro-ROS-Agent/snap) by extension 'ros'
[0.731s] Level 1:colcon.colcon_core.package_identification:_identify(src/uros/micro-ROS-Agent/snap) by extensions ['cmake', 'python']
[0.731s] Level 1:colcon.colcon_core.package_identification:_identify(src/uros/micro-ROS-Agent/snap) by extension 'cmake'
[0.731s] Level 1:colcon.colcon_core.package_identification:_identify(src/uros/micro-ROS-Agent/snap) by extension 'python'
[0.731s] Level 1:colcon.colcon_core.package_identification:_identify(src/uros/micro-ROS-Agent/snap) by extensions ['python_setup_py']
[0.731s] Level 1:colcon.colcon_core.package_identification:_identify(src/uros/micro-ROS-Agent/snap) by extension 'python_setup_py'
[0.731s] Level 1:colcon.colcon_core.package_identification:_identify(src/uros/micro-ROS-Agent/snap/hooks) by extensions ['ignore', 'ignore_ament_install']
[0.731s] Level 1:colcon.colcon_core.package_identification:_identify(src/uros/micro-ROS-Agent/snap/hooks) by extension 'ignore'
[0.731s] Level 1:colcon.colcon_core.package_identification:_identify(src/uros/micro-ROS-Agent/snap/hooks) by extension 'ignore_ament_install'
[0.731s] Level 1:colcon.colcon_core.package_identification:_identify(src/uros/micro-ROS-Agent/snap/hooks) by extensions ['colcon_pkg']
[0.731s] Level 1:colcon.colcon_core.package_identification:_identify(src/uros/micro-ROS-Agent/snap/hooks) by extension 'colcon_pkg'
[0.731s] Level 1:colcon.colcon_core.package_identification:_identify(src/uros/micro-ROS-Agent/snap/hooks) by extensions ['colcon_meta']
[0.731s] Level 1:colcon.colcon_core.package_identification:_identify(src/uros/micro-ROS-Agent/snap/hooks) by extension 'colcon_meta'
[0.731s] Level 1:colcon.colcon_core.package_identification:_identify(src/uros/micro-ROS-Agent/snap/hooks) by extensions ['ros']
[0.731s] Level 1:colcon.colcon_core.package_identification:_identify(src/uros/micro-ROS-Agent/snap/hooks) by extension 'ros'
[0.731s] Level 1:colcon.colcon_core.package_identification:_identify(src/uros/micro-ROS-Agent/snap/hooks) by extensions ['cmake', 'python']
[0.731s] Level 1:colcon.colcon_core.package_identification:_identify(src/uros/micro-ROS-Agent/snap/hooks) by extension 'cmake'
[0.731s] Level 1:colcon.colcon_core.package_identification:_identify(src/uros/micro-ROS-Agent/snap/hooks) by extension 'python'
[0.731s] Level 1:colcon.colcon_core.package_identification:_identify(src/uros/micro-ROS-Agent/snap/hooks) by extensions ['python_setup_py']
[0.731s] Level 1:colcon.colcon_core.package_identification:_identify(src/uros/micro-ROS-Agent/snap/hooks) by extension 'python_setup_py'
[0.731s] Level 1:colcon.colcon_core.package_identification:_identify(src/uros/micro-ROS-Agent/snap/local) by extensions ['ignore', 'ignore_ament_install']
[0.731s] Level 1:colcon.colcon_core.package_identification:_identify(src/uros/micro-ROS-Agent/snap/local) by extension 'ignore'
[0.731s] Level 1:colcon.colcon_core.package_identification:_identify(src/uros/micro-ROS-Agent/snap/local) by extension 'ignore_ament_install'
[0.731s] Level 1:colcon.colcon_core.package_identification:_identify(src/uros/micro-ROS-Agent/snap/local) by extensions ['colcon_pkg']
[0.731s] Level 1:colcon.colcon_core.package_identification:_identify(src/uros/micro-ROS-Agent/snap/local) by extension 'colcon_pkg'
[0.731s] Level 1:colcon.colcon_core.package_identification:_identify(src/uros/micro-ROS-Agent/snap/local) by extensions ['colcon_meta']
[0.731s] Level 1:colcon.colcon_core.package_identification:_identify(src/uros/micro-ROS-Agent/snap/local) by extension 'colcon_meta'
[0.731s] Level 1:colcon.colcon_core.package_identification:_identify(src/uros/micro-ROS-Agent/snap/local) by extensions ['ros']
[0.731s] Level 1:colcon.colcon_core.package_identification:_identify(src/uros/micro-ROS-Agent/snap/local) by extension 'ros'
[0.732s] Level 1:colcon.colcon_core.package_identification:_identify(src/uros/micro-ROS-Agent/snap/local) by extensions ['cmake', 'python']
[0.732s] Level 1:colcon.colcon_core.package_identification:_identify(src/uros/micro-ROS-Agent/snap/local) by extension 'cmake'
[0.732s] Level 1:colcon.colcon_core.package_identification:_identify(src/uros/micro-ROS-Agent/snap/local) by extension 'python'
[0.732s] Level 1:colcon.colcon_core.package_identification:_identify(src/uros/micro-ROS-Agent/snap/local) by extensions ['python_setup_py']
[0.732s] Level 1:colcon.colcon_core.package_identification:_identify(src/uros/micro-ROS-Agent/snap/local) by extension 'python_setup_py'
[0.732s] Level 1:colcon.colcon_core.package_identification:_identify(src/uros/micro_ros_msgs) by extensions ['ignore', 'ignore_ament_install']
[0.732s] Level 1:colcon.colcon_core.package_identification:_identify(src/uros/micro_ros_msgs) by extension 'ignore'
[0.732s] Level 1:colcon.colcon_core.package_identification:_identify(src/uros/micro_ros_msgs) by extension 'ignore_ament_install'
[0.732s] Level 1:colcon.colcon_core.package_identification:_identify(src/uros/micro_ros_msgs) by extensions ['colcon_pkg']
[0.732s] Level 1:colcon.colcon_core.package_identification:_identify(src/uros/micro_ros_msgs) by extension 'colcon_pkg'
[0.732s] Level 1:colcon.colcon_core.package_identification:_identify(src/uros/micro_ros_msgs) by extensions ['colcon_meta']
[0.732s] Level 1:colcon.colcon_core.package_identification:_identify(src/uros/micro_ros_msgs) by extension 'colcon_meta'
[0.732s] Level 1:colcon.colcon_core.package_identification:_identify(src/uros/micro_ros_msgs) by extensions ['ros']
[0.732s] Level 1:colcon.colcon_core.package_identification:_identify(src/uros/micro_ros_msgs) by extension 'ros'
[0.732s] DEBUG:colcon.colcon_core.package_identification:Package 'src/uros/micro_ros_msgs' with type 'ros.ament_cmake' and name 'micro_ros_msgs'
[0.732s] Level 1:colcon.colcon_core.package_identification:_identify(tinyxml2) by extensions ['ignore', 'ignore_ament_install']
[0.732s] Level 1:colcon.colcon_core.package_identification:_identify(tinyxml2) by extension 'ignore'
[0.732s] Level 1:colcon.colcon_core.package_identification:_identify(tinyxml2) by extension 'ignore_ament_install'
[0.732s] Level 1:colcon.colcon_core.package_identification:_identify(tinyxml2) by extensions ['colcon_pkg']
[0.732s] Level 1:colcon.colcon_core.package_identification:_identify(tinyxml2) by extension 'colcon_pkg'
[0.732s] Level 1:colcon.colcon_core.package_identification:_identify(tinyxml2) by extensions ['colcon_meta']
[0.732s] Level 1:colcon.colcon_core.package_identification:_identify(tinyxml2) by extension 'colcon_meta'
[0.732s] Level 1:colcon.colcon_core.package_identification:_identify(tinyxml2) by extensions ['ros']
[0.732s] Level 1:colcon.colcon_core.package_identification:_identify(tinyxml2) by extension 'ros'
[0.733s] Level 1:colcon.colcon_core.package_identification:_identify(tinyxml2) by extensions ['cmake', 'python']
[0.733s] Level 1:colcon.colcon_core.package_identification:_identify(tinyxml2) by extension 'cmake'
[0.734s] Level 1:colcon.colcon_core.package_identification:_identify(tinyxml2) by extension 'python'
[0.734s] DEBUG:colcon.colcon_core.package_identification:Package 'tinyxml2' with type 'cmake' and name 'tinyxml2'
[0.734s] Level 1:colcon.colcon_core.package_discovery:discover_packages(recursive) using defaults
[0.734s] Level 1:colcon.colcon_core.package_discovery:discover_packages(ignore) discover
[0.734s] Level 1:colcon.colcon_core.package_discovery:discover_packages(ignore) using defaults
[0.734s] Level 1:colcon.colcon_core.package_discovery:discover_packages(path) discover
[0.734s] Level 1:colcon.colcon_core.package_discovery:discover_packages(path) using defaults
[0.791s] Level 1:colcon.colcon_core.package_discovery:discover_packages(prefix_path) check parameters
[0.791s] Level 1:colcon.colcon_core.package_discovery:discover_packages(prefix_path) discover
[0.808s] DEBUG:colcon.colcon_installed_package_information.package_discovery:Found 346 installed packages in /opt/ros/humble
[0.810s] Level 1:colcon.colcon_core.package_discovery:discover_packages(prefix_path) using defaults
[0.894s] Level 5:colcon.colcon_core.verb:set package 'micro_ros_msgs' build argument 'cmake_args' from command line to 'None'
[0.894s] Level 5:colcon.colcon_core.verb:set package 'micro_ros_msgs' build argument 'cmake_target' from command line to 'None'
[0.894s] Level 5:colcon.colcon_core.verb:set package 'micro_ros_msgs' build argument 'cmake_target_skip_unavailable' from command line to 'False'
[0.894s] Level 5:colcon.colcon_core.verb:set package 'micro_ros_msgs' build argument 'cmake_clean_cache' from command line to 'False'
[0.894s] Level 5:colcon.colcon_core.verb:set package 'micro_ros_msgs' build argument 'cmake_clean_first' from command line to 'False'
[0.894s] Level 5:colcon.colcon_core.verb:set package 'micro_ros_msgs' build argument 'cmake_force_configure' from command line to 'False'
[0.894s] Level 5:colcon.colcon_core.verb:set package 'micro_ros_msgs' build argument 'ament_cmake_args' from command line to 'None'
[0.894s] Level 5:colcon.colcon_core.verb:set package 'micro_ros_msgs' build argument 'catkin_cmake_args' from command line to 'None'
[0.894s] Level 5:colcon.colcon_core.verb:set package 'micro_ros_msgs' build argument 'catkin_skip_building_tests' from command line to 'False'
[0.894s] DEBUG:colcon.colcon_core.verb:Building package 'micro_ros_msgs' with the following arguments: {'ament_cmake_args': None, 'build_base': '/home/keime/mros2_ws/build/micro_ros_msgs', 'catkin_cmake_args': None, 'catkin_skip_building_tests': False, 'cmake_args': None, 'cmake_clean_cache': False, 'cmake_clean_first': False, 'cmake_force_configure': False, 'cmake_target': None, 'cmake_target_skip_unavailable': False, 'install_base': '/home/keime/mros2_ws/install/micro_ros_msgs', 'merge_install': False, 'path': '/home/keime/mros2_ws/src/uros/micro_ros_msgs', 'symlink_install': False, 'test_result_base': None}
[0.903s] Level 5:colcon.colcon_core.verb:set package 'tinyxml2' build argument 'cmake_args' from command line to 'None'
[0.903s] Level 5:colcon.colcon_core.verb:set package 'tinyxml2' build argument 'cmake_target' from command line to 'None'
[0.903s] Level 5:colcon.colcon_core.verb:set package 'tinyxml2' build argument 'cmake_target_skip_unavailable' from command line to 'False'
[0.903s] Level 5:colcon.colcon_core.verb:set package 'tinyxml2' build argument 'cmake_clean_cache' from command line to 'False'
[0.903s] Level 5:colcon.colcon_core.verb:set package 'tinyxml2' build argument 'cmake_clean_first' from command line to 'False'
[0.903s] Level 5:colcon.colcon_core.verb:set package 'tinyxml2' build argument 'cmake_force_configure' from command line to 'False'
[0.903s] Level 5:colcon.colcon_core.verb:set package 'tinyxml2' build argument 'ament_cmake_args' from command line to 'None'
[0.903s] Level 5:colcon.colcon_core.verb:set package 'tinyxml2' build argument 'catkin_cmake_args' from command line to 'None'
[0.903s] Level 5:colcon.colcon_core.verb:set package 'tinyxml2' build argument 'catkin_skip_building_tests' from command line to 'False'
[0.903s] DEBUG:colcon.colcon_core.verb:Building package 'tinyxml2' with the following arguments: {'ament_cmake_args': None, 'build_base': '/home/keime/mros2_ws/build/tinyxml2', 'catkin_cmake_args': None, 'catkin_skip_building_tests': False, 'cmake_args': None, 'cmake_clean_cache': False, 'cmake_clean_first': False, 'cmake_force_configure': False, 'cmake_target': None, 'cmake_target_skip_unavailable': False, 'install_base': '/home/keime/mros2_ws/install/tinyxml2', 'merge_install': False, 'path': '/home/keime/mros2_ws/tinyxml2', 'symlink_install': False, 'test_result_base': None}
[0.912s] Level 5:colcon.colcon_core.verb:set package 'micro_ros_agent' build argument 'cmake_args' from command line to 'None'
[0.912s] Level 5:colcon.colcon_core.verb:set package 'micro_ros_agent' build argument 'cmake_target' from command line to 'None'
[0.912s] Level 5:colcon.colcon_core.verb:set package 'micro_ros_agent' build argument 'cmake_target_skip_unavailable' from command line to 'False'
[0.912s] Level 5:colcon.colcon_core.verb:set package 'micro_ros_agent' build argument 'cmake_clean_cache' from command line to 'False'
[0.912s] Level 5:colcon.colcon_core.verb:set package 'micro_ros_agent' build argument 'cmake_clean_first' from command line to 'False'
[0.912s] Level 5:colcon.colcon_core.verb:set package 'micro_ros_agent' build argument 'cmake_force_configure' from command line to 'False'
[0.912s] Level 5:colcon.colcon_core.verb:set package 'micro_ros_agent' build argument 'ament_cmake_args' from command line to 'None'
[0.912s] Level 5:colcon.colcon_core.verb:set package 'micro_ros_agent' build argument 'catkin_cmake_args' from command line to 'None'
[0.912s] Level 5:colcon.colcon_core.verb:set package 'micro_ros_agent' build argument 'catkin_skip_building_tests' from command line to 'False'
[0.913s] DEBUG:colcon.colcon_core.verb:Building package 'micro_ros_agent' with the following arguments: {'ament_cmake_args': None, 'build_base': '/home/keime/mros2_ws/build/micro_ros_agent', 'catkin_cmake_args': None, 'catkin_skip_building_tests': False, 'cmake_args': None, 'cmake_clean_cache': False, 'cmake_clean_first': False, 'cmake_force_configure': False, 'cmake_target': None, 'cmake_target_skip_unavailable': False, 'install_base': '/home/keime/mros2_ws/install/micro_ros_agent', 'merge_install': False, 'path': '/home/keime/mros2_ws/src/uros/micro-ROS-Agent/micro_ros_agent', 'symlink_install': False, 'test_result_base': None}
[0.921s] Level 5:colcon.colcon_core.verb:set package 'micro_ros_setup' build argument 'cmake_args' from command line to 'None'
[0.921s] Level 5:colcon.colcon_core.verb:set package 'micro_ros_setup' build argument 'cmake_target' from command line to 'None'
[0.921s] Level 5:colcon.colcon_core.verb:set package 'micro_ros_setup' build argument 'cmake_target_skip_unavailable' from command line to 'False'
[0.921s] Level 5:colcon.colcon_core.verb:set package 'micro_ros_setup' build argument 'cmake_clean_cache' from command line to 'False'
[0.921s] Level 5:colcon.colcon_core.verb:set package 'micro_ros_setup' build argument 'cmake_clean_first' from command line to 'False'
[0.921s] Level 5:colcon.colcon_core.verb:set package 'micro_ros_setup' build argument 'cmake_force_configure' from command line to 'False'
[0.921s] Level 5:colcon.colcon_core.verb:set package 'micro_ros_setup' build argument 'ament_cmake_args' from command line to 'None'
[0.921s] Level 5:colcon.colcon_core.verb:set package 'micro_ros_setup' build argument 'catkin_cmake_args' from command line to 'None'
[0.921s] Level 5:colcon.colcon_core.verb:set package 'micro_ros_setup' build argument 'catkin_skip_building_tests' from command line to 'False'
[0.921s] DEBUG:colcon.colcon_core.verb:Building package 'micro_ros_setup' with the following arguments: {'ament_cmake_args': None, 'build_base': '/home/keime/mros2_ws/build/micro_ros_setup', 'catkin_cmake_args': None, 'catkin_skip_building_tests': False, 'cmake_args': None, 'cmake_clean_cache': False, 'cmake_clean_first': False, 'cmake_force_configure': False, 'cmake_target': None, 'cmake_target_skip_unavailable': False, 'install_base': '/home/keime/mros2_ws/install/micro_ros_setup', 'merge_install': False, 'path': '/home/keime/mros2_ws/src/micro_ros_setup', 'symlink_install': False, 'test_result_base': None}
[0.930s] INFO:colcon.colcon_core.executor:Executing jobs using 'parallel' executor
[0.940s] DEBUG:colcon.colcon_parallel_executor.executor.parallel:run_until_complete
[0.940s] INFO:colcon.colcon_ros.task.ament_cmake.build:Building ROS package in '/home/keime/mros2_ws/src/uros/micro_ros_msgs' with build type 'ament_cmake'
[0.940s] INFO:colcon.colcon_cmake.task.cmake.build:Building CMake package in '/home/keime/mros2_ws/src/uros/micro_ros_msgs'
[0.953s] INFO:colcon.colcon_core.plugin_system:Skipping extension 'colcon_core.shell.bat': Not used on non-Windows systems
[0.953s] INFO:colcon.colcon_core.shell:Skip shell extension 'powershell' for command environment: Not usable outside of PowerShell
[0.953s] DEBUG:colcon.colcon_core.shell:Skip shell extension 'dsv' for command environment
[0.979s] INFO:colcon.colcon_cmake.task.cmake.build:Building CMake package in '/home/keime/mros2_ws/tinyxml2'
[0.990s] INFO:colcon.colcon_core.shell:Skip shell extension 'powershell' for command environment: Not usable outside of PowerShell
[0.990s] DEBUG:colcon.colcon_core.shell:Skip shell extension 'dsv' for command environment
[1.018s] DEBUG:colcon.colcon_core.event_handler.log_command:Invoking command in '/home/keime/mros2_ws/build/micro_ros_msgs': CMAKE_PREFIX_PATH=/opt/ros/humble /usr/bin/cmake --build /home/keime/mros2_ws/build/micro_ros_msgs -- -j2 -l2
[1.030s] DEBUG:colcon.colcon_core.event_handler.log_command:Invoking command in '/home/keime/mros2_ws/build/tinyxml2': /usr/bin/cmake --build /home/keime/mros2_ws/build/tinyxml2 -- -j2 -l2
[1.091s] DEBUG:colcon.colcon_core.event_handler.log_command:Invoked command in '/home/keime/mros2_ws/build/tinyxml2' returned '0': /usr/bin/cmake --build /home/keime/mros2_ws/build/tinyxml2 -- -j2 -l2
[1.136s] DEBUG:colcon.colcon_core.event_handler.log_command:Invoking command in '/home/keime/mros2_ws/build/tinyxml2': /usr/bin/cmake --install /home/keime/mros2_ws/build/tinyxml2
[1.142s] Level 1:colcon.colcon_core.environment:create_environment_scripts_only(tinyxml2)
[1.148s] DEBUG:colcon.colcon_core.event_handler.log_command:Invoked command in '/home/keime/mros2_ws/build/tinyxml2' returned '0': /usr/bin/cmake --install /home/keime/mros2_ws/build/tinyxml2
[1.154s] Level 1:colcon.colcon_core.environment:checking '/home/keime/mros2_ws/install/tinyxml2' for CMake module files
[1.154s] Level 1:colcon.colcon_core.environment:checking '/home/keime/mros2_ws/install/tinyxml2' for CMake config files
[1.154s] Level 1:colcon.colcon_core.shell:create_environment_hook('tinyxml2', 'cmake_prefix_path')
[1.169s] INFO:colcon.colcon_core.shell:Creating environment hook '/home/keime/mros2_ws/install/tinyxml2/share/tinyxml2/hook/cmake_prefix_path.ps1'
[1.169s] INFO:colcon.colcon_core.shell:Creating environment descriptor '/home/keime/mros2_ws/install/tinyxml2/share/tinyxml2/hook/cmake_prefix_path.dsv'
[1.169s] INFO:colcon.colcon_core.shell:Creating environment hook '/home/keime/mros2_ws/install/tinyxml2/share/tinyxml2/hook/cmake_prefix_path.sh'
[1.170s] Level 1:colcon.colcon_core.environment:checking '/home/keime/mros2_ws/install/tinyxml2/lib'
[1.170s] Level 1:colcon.colcon_core.environment:checking '/home/keime/mros2_ws/install/tinyxml2/bin'
[1.170s] Level 1:colcon.colcon_core.environment:checking '/home/keime/mros2_ws/install/tinyxml2/lib/pkgconfig/tinyxml2.pc'
[1.170s] Level 1:colcon.colcon_core.shell:create_environment_hook('tinyxml2', 'pkg_config')
[1.180s] INFO:colcon.colcon_core.shell:Creating environment hook '/home/keime/mros2_ws/install/tinyxml2/share/tinyxml2/hook/pkg_config.ps1'
[1.180s] INFO:colcon.colcon_core.shell:Creating environment descriptor '/home/keime/mros2_ws/install/tinyxml2/share/tinyxml2/hook/pkg_config.dsv'
[1.180s] INFO:colcon.colcon_core.shell:Creating environment hook '/home/keime/mros2_ws/install/tinyxml2/share/tinyxml2/hook/pkg_config.sh'
[1.181s] Level 1:colcon.colcon_core.environment:checking '/home/keime/mros2_ws/install/tinyxml2/lib/python3.10/site-packages'
[1.181s] Level 1:colcon.colcon_core.environment:checking '/home/keime/mros2_ws/install/tinyxml2/bin'
[1.191s] INFO:colcon.colcon_core.shell:Creating package script '/home/keime/mros2_ws/install/tinyxml2/share/tinyxml2/package.ps1'
[1.192s] INFO:colcon.colcon_core.shell:Creating package descriptor '/home/keime/mros2_ws/install/tinyxml2/share/tinyxml2/package.dsv'
[1.192s] INFO:colcon.colcon_core.shell:Creating package script '/home/keime/mros2_ws/install/tinyxml2/share/tinyxml2/package.sh'
[1.192s] INFO:colcon.colcon_core.shell:Creating package script '/home/keime/mros2_ws/install/tinyxml2/share/tinyxml2/package.bash'
[1.193s] INFO:colcon.colcon_core.shell:Creating package script '/home/keime/mros2_ws/install/tinyxml2/share/tinyxml2/package.zsh'
[1.194s] Level 1:colcon.colcon_core.environment:create_file_with_runtime_dependencies(/home/keime/mros2_ws/install/tinyxml2/share/colcon-core/packages/tinyxml2)
[1.195s] INFO:colcon.colcon_ros.task.ament_cmake.build:Building ROS package in '/home/keime/mros2_ws/src/micro_ros_setup' with build type 'ament_cmake'
[1.195s] INFO:colcon.colcon_cmake.task.cmake.build:Building CMake package in '/home/keime/mros2_ws/src/micro_ros_setup'
[1.209s] INFO:colcon.colcon_core.shell:Skip shell extension 'powershell' for command environment: Not usable outside of PowerShell
[1.209s] DEBUG:colcon.colcon_core.shell:Skip shell extension 'dsv' for command environment
[1.296s] DEBUG:colcon.colcon_core.event_handler.log_command:Invoking command in '/home/keime/mros2_ws/build/micro_ros_setup': CMAKE_PREFIX_PATH=/home/keime/mros2_ws/install/tinyxml2:/opt/ros/humble PKG_CONFIG_PATH=/home/keime/mros2_ws/install/tinyxml2/lib/pkgconfig /usr/bin/cmake --build /home/keime/mros2_ws/build/micro_ros_setup -- -j2 -l2
[1.318s] DEBUG:colcon.colcon_core.event_handler.log_command:Invoked command in '/home/keime/mros2_ws/build/micro_ros_setup' returned '0': CMAKE_PREFIX_PATH=/home/keime/mros2_ws/install/tinyxml2:/opt/ros/humble PKG_CONFIG_PATH=/home/keime/mros2_ws/install/tinyxml2/lib/pkgconfig /usr/bin/cmake --build /home/keime/mros2_ws/build/micro_ros_setup -- -j2 -l2
[1.329s] DEBUG:colcon.colcon_core.event_handler.log_command:Invoking command in '/home/keime/mros2_ws/build/micro_ros_setup': CMAKE_PREFIX_PATH=/home/keime/mros2_ws/install/tinyxml2:/opt/ros/humble PKG_CONFIG_PATH=/home/keime/mros2_ws/install/tinyxml2/lib/pkgconfig /usr/bin/cmake --install /home/keime/mros2_ws/build/micro_ros_setup
[1.342s] DEBUG:colcon.colcon_core.event_handler.log_command:Invoked command in '/home/keime/mros2_ws/build/micro_ros_msgs' returned '0': CMAKE_PREFIX_PATH=/opt/ros/humble /usr/bin/cmake --build /home/keime/mros2_ws/build/micro_ros_msgs -- -j2 -l2
[1.344s] Level 1:colcon.colcon_core.environment:create_environment_scripts_only(micro_ros_setup)
[1.353s] Level 1:colcon.colcon_core.environment:checking '/home/keime/mros2_ws/install/micro_ros_setup' for CMake module files
[1.354s] DEBUG:colcon.colcon_core.event_handler.log_command:Invoked command in '/home/keime/mros2_ws/build/micro_ros_setup' returned '0': CMAKE_PREFIX_PATH=/home/keime/mros2_ws/install/tinyxml2:/opt/ros/humble PKG_CONFIG_PATH=/home/keime/mros2_ws/install/tinyxml2/lib/pkgconfig /usr/bin/cmake --install /home/keime/mros2_ws/build/micro_ros_setup
[1.354s] Level 1:colcon.colcon_core.environment:checking '/home/keime/mros2_ws/install/micro_ros_setup' for CMake config files
[1.354s] Level 1:colcon.colcon_core.shell:create_environment_hook('micro_ros_setup', 'cmake_prefix_path')
[1.364s] INFO:colcon.colcon_core.shell:Creating environment hook '/home/keime/mros2_ws/install/micro_ros_setup/share/micro_ros_setup/hook/cmake_prefix_path.ps1'
[1.365s] INFO:colcon.colcon_core.shell:Creating environment descriptor '/home/keime/mros2_ws/install/micro_ros_setup/share/micro_ros_setup/hook/cmake_prefix_path.dsv'
[1.365s] INFO:colcon.colcon_core.shell:Creating environment hook '/home/keime/mros2_ws/install/micro_ros_setup/share/micro_ros_setup/hook/cmake_prefix_path.sh'
[1.365s] Level 1:colcon.colcon_core.environment:checking '/home/keime/mros2_ws/install/micro_ros_setup/lib'
[1.366s] Level 1:colcon.colcon_core.environment:checking '/home/keime/mros2_ws/install/micro_ros_setup/bin'
[1.366s] Level 1:colcon.colcon_core.environment:checking '/home/keime/mros2_ws/install/micro_ros_setup/lib/pkgconfig/micro_ros_setup.pc'
[1.366s] Level 1:colcon.colcon_core.environment:checking '/home/keime/mros2_ws/install/micro_ros_setup/lib/python3.10/site-packages'
[1.366s] Level 1:colcon.colcon_core.environment:checking '/home/keime/mros2_ws/install/micro_ros_setup/bin'
[1.377s] INFO:colcon.colcon_core.shell:Creating package script '/home/keime/mros2_ws/install/micro_ros_setup/share/micro_ros_setup/package.ps1'
[1.377s] INFO:colcon.colcon_core.shell:Creating package descriptor '/home/keime/mros2_ws/install/micro_ros_setup/share/micro_ros_setup/package.dsv'
[1.377s] INFO:colcon.colcon_core.shell:Creating package script '/home/keime/mros2_ws/install/micro_ros_setup/share/micro_ros_setup/package.sh'
[1.378s] INFO:colcon.colcon_core.shell:Creating package script '/home/keime/mros2_ws/install/micro_ros_setup/share/micro_ros_setup/package.bash'
[1.378s] INFO:colcon.colcon_core.shell:Creating package script '/home/keime/mros2_ws/install/micro_ros_setup/share/micro_ros_setup/package.zsh'
[1.378s] Level 1:colcon.colcon_core.environment:create_file_with_runtime_dependencies(/home/keime/mros2_ws/install/micro_ros_setup/share/colcon-core/packages/micro_ros_setup)
[1.380s] DEBUG:colcon.colcon_core.event_handler.log_command:Invoking command in '/home/keime/mros2_ws/build/micro_ros_msgs': CMAKE_PREFIX_PATH=/opt/ros/humble /usr/bin/cmake --install /home/keime/mros2_ws/build/micro_ros_msgs
[1.407s] Level 1:colcon.colcon_core.environment:create_environment_scripts_only(micro_ros_setup)
[1.417s] Level 1:colcon.colcon_core.environment:checking '/home/keime/mros2_ws/install/micro_ros_setup' for CMake module files
[1.423s] Level 1:colcon.colcon_core.environment:checking '/home/keime/mros2_ws/install/micro_ros_setup' for CMake config files
[1.423s] Level 1:colcon.colcon_core.shell:create_environment_hook('micro_ros_setup', 'cmake_prefix_path')
[1.432s] INFO:colcon.colcon_core.shell:Creating environment hook '/home/keime/mros2_ws/install/micro_ros_setup/share/micro_ros_setup/hook/cmake_prefix_path.ps1'
[1.432s] INFO:colcon.colcon_core.shell:Creating environment descriptor '/home/keime/mros2_ws/install/micro_ros_setup/share/micro_ros_setup/hook/cmake_prefix_path.dsv'
[1.433s] INFO:colcon.colcon_core.shell:Creating environment hook '/home/keime/mros2_ws/install/micro_ros_setup/share/micro_ros_setup/hook/cmake_prefix_path.sh'
[1.433s] Level 1:colcon.colcon_core.environment:checking '/home/keime/mros2_ws/install/micro_ros_setup/lib'
[1.433s] Level 1:colcon.colcon_core.environment:checking '/home/keime/mros2_ws/install/micro_ros_setup/bin'
[1.433s] Level 1:colcon.colcon_core.environment:checking '/home/keime/mros2_ws/install/micro_ros_setup/lib/pkgconfig/micro_ros_setup.pc'
[1.433s] Level 1:colcon.colcon_core.environment:checking '/home/keime/mros2_ws/install/micro_ros_setup/lib/python3.10/site-packages'
[1.434s] Level 1:colcon.colcon_core.environment:checking '/home/keime/mros2_ws/install/micro_ros_setup/bin'
[1.443s] INFO:colcon.colcon_core.shell:Creating package script '/home/keime/mros2_ws/install/micro_ros_setup/share/micro_ros_setup/package.ps1'
[1.444s] INFO:colcon.colcon_core.shell:Creating package descriptor '/home/keime/mros2_ws/install/micro_ros_setup/share/micro_ros_setup/package.dsv'
[1.444s] INFO:colcon.colcon_core.shell:Creating package script '/home/keime/mros2_ws/install/micro_ros_setup/share/micro_ros_setup/package.sh'
[1.444s] INFO:colcon.colcon_core.shell:Creating package script '/home/keime/mros2_ws/install/micro_ros_setup/share/micro_ros_setup/package.bash'
[1.444s] INFO:colcon.colcon_core.shell:Creating package script '/home/keime/mros2_ws/install/micro_ros_setup/share/micro_ros_setup/package.zsh'
[1.445s] Level 1:colcon.colcon_core.environment:create_file_with_runtime_dependencies(/home/keime/mros2_ws/install/micro_ros_setup/share/colcon-core/packages/micro_ros_setup)
[1.446s] Level 1:colcon.colcon_core.environment:create_environment_scripts_only(micro_ros_msgs)
[1.446s] DEBUG:colcon.colcon_core.event_handler.log_command:Invoked command in '/home/keime/mros2_ws/build/micro_ros_msgs' returned '0': CMAKE_PREFIX_PATH=/opt/ros/humble /usr/bin/cmake --install /home/keime/mros2_ws/build/micro_ros_msgs
[1.455s] Level 1:colcon.colcon_core.environment:checking '/home/keime/mros2_ws/install/micro_ros_msgs' for CMake module files
[1.456s] Level 1:colcon.colcon_core.environment:checking '/home/keime/mros2_ws/install/micro_ros_msgs' for CMake config files
[1.456s] Level 1:colcon.colcon_core.shell:create_environment_hook('micro_ros_msgs', 'cmake_prefix_path')
[1.465s] INFO:colcon.colcon_core.shell:Creating environment hook '/home/keime/mros2_ws/install/micro_ros_msgs/share/micro_ros_msgs/hook/cmake_prefix_path.ps1'
[1.466s] INFO:colcon.colcon_core.shell:Creating environment descriptor '/home/keime/mros2_ws/install/micro_ros_msgs/share/micro_ros_msgs/hook/cmake_prefix_path.dsv'
[1.466s] INFO:colcon.colcon_core.shell:Creating environment hook '/home/keime/mros2_ws/install/micro_ros_msgs/share/micro_ros_msgs/hook/cmake_prefix_path.sh'
[1.466s] Level 1:colcon.colcon_core.environment:checking '/home/keime/mros2_ws/install/micro_ros_msgs/lib'
[1.466s] Level 1:colcon.colcon_core.shell:create_environment_hook('micro_ros_msgs', 'ld_library_path_lib')
[1.475s] INFO:colcon.colcon_core.shell:Creating environment hook '/home/keime/mros2_ws/install/micro_ros_msgs/share/micro_ros_msgs/hook/ld_library_path_lib.ps1'
[1.475s] INFO:colcon.colcon_core.shell:Creating environment descriptor '/home/keime/mros2_ws/install/micro_ros_msgs/share/micro_ros_msgs/hook/ld_library_path_lib.dsv'
[1.476s] INFO:colcon.colcon_core.shell:Creating environment hook '/home/keime/mros2_ws/install/micro_ros_msgs/share/micro_ros_msgs/hook/ld_library_path_lib.sh'
[1.476s] Level 1:colcon.colcon_core.environment:checking '/home/keime/mros2_ws/install/micro_ros_msgs/bin'
[1.476s] Level 1:colcon.colcon_core.environment:checking '/home/keime/mros2_ws/install/micro_ros_msgs/lib/pkgconfig/micro_ros_msgs.pc'
[1.476s] Level 1:colcon.colcon_core.environment:checking '/home/keime/mros2_ws/install/micro_ros_msgs/lib/python3.10/site-packages'
[1.476s] Level 1:colcon.colcon_core.environment:checking '/home/keime/mros2_ws/install/micro_ros_msgs/bin'
[1.485s] INFO:colcon.colcon_core.shell:Creating package script '/home/keime/mros2_ws/install/micro_ros_msgs/share/micro_ros_msgs/package.ps1'
[1.485s] INFO:colcon.colcon_core.shell:Creating package descriptor '/home/keime/mros2_ws/install/micro_ros_msgs/share/micro_ros_msgs/package.dsv'
[1.485s] INFO:colcon.colcon_core.shell:Creating package script '/home/keime/mros2_ws/install/micro_ros_msgs/share/micro_ros_msgs/package.sh'
[1.486s] INFO:colcon.colcon_core.shell:Creating package script '/home/keime/mros2_ws/install/micro_ros_msgs/share/micro_ros_msgs/package.bash'
[1.486s] INFO:colcon.colcon_core.shell:Creating package script '/home/keime/mros2_ws/install/micro_ros_msgs/share/micro_ros_msgs/package.zsh'
[1.486s] Level 1:colcon.colcon_core.environment:create_file_with_runtime_dependencies(/home/keime/mros2_ws/install/micro_ros_msgs/share/colcon-core/packages/micro_ros_msgs)
[1.540s] Level 1:colcon.colcon_core.environment:create_environment_scripts_only(micro_ros_msgs)
[1.552s] Level 1:colcon.colcon_core.environment:checking '/home/keime/mros2_ws/install/micro_ros_msgs' for CMake module files
[1.553s] Level 1:colcon.colcon_core.environment:checking '/home/keime/mros2_ws/install/micro_ros_msgs' for CMake config files
[1.553s] Level 1:colcon.colcon_core.shell:create_environment_hook('micro_ros_msgs', 'cmake_prefix_path')
[1.562s] INFO:colcon.colcon_core.shell:Creating environment hook '/home/keime/mros2_ws/install/micro_ros_msgs/share/micro_ros_msgs/hook/cmake_prefix_path.ps1'
[1.562s] INFO:colcon.colcon_core.shell:Creating environment descriptor '/home/keime/mros2_ws/install/micro_ros_msgs/share/micro_ros_msgs/hook/cmake_prefix_path.dsv'
[1.563s] INFO:colcon.colcon_core.shell:Creating environment hook '/home/keime/mros2_ws/install/micro_ros_msgs/share/micro_ros_msgs/hook/cmake_prefix_path.sh'
[1.563s] Level 1:colcon.colcon_core.environment:checking '/home/keime/mros2_ws/install/micro_ros_msgs/lib'
[1.563s] Level 1:colcon.colcon_core.shell:create_environment_hook('micro_ros_msgs', 'ld_library_path_lib')
[1.572s] INFO:colcon.colcon_core.shell:Creating environment hook '/home/keime/mros2_ws/install/micro_ros_msgs/share/micro_ros_msgs/hook/ld_library_path_lib.ps1'
[1.572s] INFO:colcon.colcon_core.shell:Creating environment descriptor '/home/keime/mros2_ws/install/micro_ros_msgs/share/micro_ros_msgs/hook/ld_library_path_lib.dsv'
[1.572s] INFO:colcon.colcon_core.shell:Creating environment hook '/home/keime/mros2_ws/install/micro_ros_msgs/share/micro_ros_msgs/hook/ld_library_path_lib.sh'
[1.572s] Level 1:colcon.colcon_core.environment:checking '/home/keime/mros2_ws/install/micro_ros_msgs/bin'
[1.572s] Level 1:colcon.colcon_core.environment:checking '/home/keime/mros2_ws/install/micro_ros_msgs/lib/pkgconfig/micro_ros_msgs.pc'
[1.573s] Level 1:colcon.colcon_core.environment:checking '/home/keime/mros2_ws/install/micro_ros_msgs/lib/python3.10/site-packages'
[1.573s] Level 1:colcon.colcon_core.environment:checking '/home/keime/mros2_ws/install/micro_ros_msgs/bin'
[1.582s] INFO:colcon.colcon_core.shell:Creating package script '/home/keime/mros2_ws/install/micro_ros_msgs/share/micro_ros_msgs/package.ps1'
[1.583s] INFO:colcon.colcon_core.shell:Creating package descriptor '/home/keime/mros2_ws/install/micro_ros_msgs/share/micro_ros_msgs/package.dsv'
[1.583s] INFO:colcon.colcon_core.shell:Creating package script '/home/keime/mros2_ws/install/micro_ros_msgs/share/micro_ros_msgs/package.sh'
[1.583s] INFO:colcon.colcon_core.shell:Creating package script '/home/keime/mros2_ws/install/micro_ros_msgs/share/micro_ros_msgs/package.bash'
[1.583s] INFO:colcon.colcon_core.shell:Creating package script '/home/keime/mros2_ws/install/micro_ros_msgs/share/micro_ros_msgs/package.zsh'
[1.583s] Level 1:colcon.colcon_core.environment:create_file_with_runtime_dependencies(/home/keime/mros2_ws/install/micro_ros_msgs/share/colcon-core/packages/micro_ros_msgs)
[1.584s] INFO:colcon.colcon_ros.task.ament_cmake.build:Building ROS package in '/home/keime/mros2_ws/src/uros/micro-ROS-Agent/micro_ros_agent' with build type 'ament_cmake'
[1.584s] INFO:colcon.colcon_cmake.task.cmake.build:Building CMake package in '/home/keime/mros2_ws/src/uros/micro-ROS-Agent/micro_ros_agent'
[1.593s] INFO:colcon.colcon_core.shell:Skip shell extension 'powershell' for command environment: Not usable outside of PowerShell
[1.594s] DEBUG:colcon.colcon_core.shell:Skip shell extension 'dsv' for command environment
[1.666s] DEBUG:colcon.colcon_core.event_handler.log_command:Invoking command in '/home/keime/mros2_ws/build/micro_ros_agent': AMENT_PREFIX_PATH=/home/keime/mros2_ws/install/micro_ros_msgs:${AMENT_PREFIX_PATH} CMAKE_PREFIX_PATH=/home/keime/mros2_ws/install/micro_ros_msgs:/opt/ros/humble LD_LIBRARY_PATH=/home/keime/mros2_ws/install/micro_ros_msgs/lib:${LD_LIBRARY_PATH} PYTHONPATH=/home/keime/mros2_ws/install/micro_ros_msgs/local/lib/python3.10/dist-packages:${PYTHONPATH} /usr/bin/cmake --build /home/keime/mros2_ws/build/micro_ros_agent -- -j2 -l2
[1.705s] DEBUG:colcon.colcon_core.event_handler.log_command:Invoked command in '/home/keime/mros2_ws/build/micro_ros_agent' returned '0': AMENT_PREFIX_PATH=/home/keime/mros2_ws/install/micro_ros_msgs:${AMENT_PREFIX_PATH} CMAKE_PREFIX_PATH=/home/keime/mros2_ws/install/micro_ros_msgs:/opt/ros/humble LD_LIBRARY_PATH=/home/keime/mros2_ws/install/micro_ros_msgs/lib:${LD_LIBRARY_PATH} PYTHONPATH=/home/keime/mros2_ws/install/micro_ros_msgs/local/lib/python3.10/dist-packages:${PYTHONPATH} /usr/bin/cmake --build /home/keime/mros2_ws/build/micro_ros_agent -- -j2 -l2
[1.722s] DEBUG:colcon.colcon_core.event_handler.log_command:Invoking command in '/home/keime/mros2_ws/build/micro_ros_agent': AMENT_PREFIX_PATH=/home/keime/mros2_ws/install/micro_ros_msgs:${AMENT_PREFIX_PATH} CMAKE_PREFIX_PATH=/home/keime/mros2_ws/install/micro_ros_msgs:/opt/ros/humble LD_LIBRARY_PATH=/home/keime/mros2_ws/install/micro_ros_msgs/lib:${LD_LIBRARY_PATH} PYTHONPATH=/home/keime/mros2_ws/install/micro_ros_msgs/local/lib/python3.10/dist-packages:${PYTHONPATH} /usr/bin/cmake --install /home/keime/mros2_ws/build/micro_ros_agent
[1.729s] Level 1:colcon.colcon_core.environment:create_environment_scripts_only(micro_ros_agent)
[1.730s] DEBUG:colcon.colcon_core.event_handler.log_command:Invoked command in '/home/keime/mros2_ws/build/micro_ros_agent' returned '0': AMENT_PREFIX_PATH=/home/keime/mros2_ws/install/micro_ros_msgs:${AMENT_PREFIX_PATH} CMAKE_PREFIX_PATH=/home/keime/mros2_ws/install/micro_ros_msgs:/opt/ros/humble LD_LIBRARY_PATH=/home/keime/mros2_ws/install/micro_ros_msgs/lib:${LD_LIBRARY_PATH} PYTHONPATH=/home/keime/mros2_ws/install/micro_ros_msgs/local/lib/python3.10/dist-packages:${PYTHONPATH} /usr/bin/cmake --install /home/keime/mros2_ws/build/micro_ros_agent
[1.738s] Level 1:colcon.colcon_core.environment:checking '/home/keime/mros2_ws/install/micro_ros_agent' for CMake module files
[1.739s] Level 1:colcon.colcon_core.environment:checking '/home/keime/mros2_ws/install/micro_ros_agent' for CMake config files
[1.739s] Level 1:colcon.colcon_core.shell:create_environment_hook('micro_ros_agent', 'cmake_prefix_path')
[1.748s] INFO:colcon.colcon_core.shell:Creating environment hook '/home/keime/mros2_ws/install/micro_ros_agent/share/micro_ros_agent/hook/cmake_prefix_path.ps1'
[1.749s] INFO:colcon.colcon_core.shell:Creating environment descriptor '/home/keime/mros2_ws/install/micro_ros_agent/share/micro_ros_agent/hook/cmake_prefix_path.dsv'
[1.749s] INFO:colcon.colcon_core.shell:Creating environment hook '/home/keime/mros2_ws/install/micro_ros_agent/share/micro_ros_agent/hook/cmake_prefix_path.sh'
[1.749s] Level 1:colcon.colcon_core.environment:checking '/home/keime/mros2_ws/install/micro_ros_agent/lib'
[1.749s] Level 1:colcon.colcon_core.shell:create_environment_hook('micro_ros_agent', 'ld_library_path_lib')
[1.758s] INFO:colcon.colcon_core.shell:Creating environment hook '/home/keime/mros2_ws/install/micro_ros_agent/share/micro_ros_agent/hook/ld_library_path_lib.ps1'
[1.758s] INFO:colcon.colcon_core.shell:Creating environment descriptor '/home/keime/mros2_ws/install/micro_ros_agent/share/micro_ros_agent/hook/ld_library_path_lib.dsv'
[1.758s] INFO:colcon.colcon_core.shell:Creating environment hook '/home/keime/mros2_ws/install/micro_ros_agent/share/micro_ros_agent/hook/ld_library_path_lib.sh'
[1.758s] Level 1:colcon.colcon_core.environment:checking '/home/keime/mros2_ws/install/micro_ros_agent/bin'
[1.758s] Level 1:colcon.colcon_core.environment:checking '/home/keime/mros2_ws/install/micro_ros_agent/lib/pkgconfig/micro_ros_agent.pc'
[1.759s] Level 1:colcon.colcon_core.environment:checking '/home/keime/mros2_ws/install/micro_ros_agent/lib/python3.10/site-packages'
[1.759s] Level 1:colcon.colcon_core.environment:checking '/home/keime/mros2_ws/install/micro_ros_agent/bin'
[1.767s] INFO:colcon.colcon_core.shell:Creating package script '/home/keime/mros2_ws/install/micro_ros_agent/share/micro_ros_agent/package.ps1'
[1.768s] INFO:colcon.colcon_core.shell:Creating package descriptor '/home/keime/mros2_ws/install/micro_ros_agent/share/micro_ros_agent/package.dsv'
[1.768s] INFO:colcon.colcon_core.shell:Creating package script '/home/keime/mros2_ws/install/micro_ros_agent/share/micro_ros_agent/package.sh'
[1.768s] INFO:colcon.colcon_core.shell:Creating package script '/home/keime/mros2_ws/install/micro_ros_agent/share/micro_ros_agent/package.bash'
[1.768s] INFO:colcon.colcon_core.shell:Creating package script '/home/keime/mros2_ws/install/micro_ros_agent/share/micro_ros_agent/package.zsh'
[1.769s] Level 1:colcon.colcon_core.environment:create_file_with_runtime_dependencies(/home/keime/mros2_ws/install/micro_ros_agent/share/colcon-core/packages/micro_ros_agent)
[1.796s] Level 1:colcon.colcon_core.environment:create_environment_scripts_only(micro_ros_agent)
[1.804s] Level 1:colcon.colcon_core.environment:checking '/home/keime/mros2_ws/install/micro_ros_agent' for CMake module files
[1.805s] Level 1:colcon.colcon_core.environment:checking '/home/keime/mros2_ws/install/micro_ros_agent' for CMake config files
[1.805s] Level 1:colcon.colcon_core.shell:create_environment_hook('micro_ros_agent', 'cmake_prefix_path')
[1.814s] INFO:colcon.colcon_core.shell:Creating environment hook '/home/keime/mros2_ws/install/micro_ros_agent/share/micro_ros_agent/hook/cmake_prefix_path.ps1'
[1.814s] INFO:colcon.colcon_core.shell:Creating environment descriptor '/home/keime/mros2_ws/install/micro_ros_agent/share/micro_ros_agent/hook/cmake_prefix_path.dsv'
[1.814s] INFO:colcon.colcon_core.shell:Creating environment hook '/home/keime/mros2_ws/install/micro_ros_agent/share/micro_ros_agent/hook/cmake_prefix_path.sh'
[1.814s] Level 1:colcon.colcon_core.environment:checking '/home/keime/mros2_ws/install/micro_ros_agent/lib'
[1.815s] Level 1:colcon.colcon_core.shell:create_environment_hook('micro_ros_agent', 'ld_library_path_lib')
[1.823s] INFO:colcon.colcon_core.shell:Creating environment hook '/home/keime/mros2_ws/install/micro_ros_agent/share/micro_ros_agent/hook/ld_library_path_lib.ps1'
[1.823s] INFO:colcon.colcon_core.shell:Creating environment descriptor '/home/keime/mros2_ws/install/micro_ros_agent/share/micro_ros_agent/hook/ld_library_path_lib.dsv'
[1.823s] INFO:colcon.colcon_core.shell:Creating environment hook '/home/keime/mros2_ws/install/micro_ros_agent/share/micro_ros_agent/hook/ld_library_path_lib.sh'
[1.823s] Level 1:colcon.colcon_core.environment:checking '/home/keime/mros2_ws/install/micro_ros_agent/bin'
[1.824s] Level 1:colcon.colcon_core.environment:checking '/home/keime/mros2_ws/install/micro_ros_agent/lib/pkgconfig/micro_ros_agent.pc'
[1.824s] Level 1:colcon.colcon_core.environment:checking '/home/keime/mros2_ws/install/micro_ros_agent/lib/python3.10/site-packages'
[1.824s] Level 1:colcon.colcon_core.environment:checking '/home/keime/mros2_ws/install/micro_ros_agent/bin'
[1.832s] INFO:colcon.colcon_core.shell:Creating package script '/home/keime/mros2_ws/install/micro_ros_agent/share/micro_ros_agent/package.ps1'
[1.833s] INFO:colcon.colcon_core.shell:Creating package descriptor '/home/keime/mros2_ws/install/micro_ros_agent/share/micro_ros_agent/package.dsv'
[1.833s] INFO:colcon.colcon_core.shell:Creating package script '/home/keime/mros2_ws/install/micro_ros_agent/share/micro_ros_agent/package.sh'
[1.833s] INFO:colcon.colcon_core.shell:Creating package script '/home/keime/mros2_ws/install/micro_ros_agent/share/micro_ros_agent/package.bash'
[1.834s] INFO:colcon.colcon_core.shell:Creating package script '/home/keime/mros2_ws/install/micro_ros_agent/share/micro_ros_agent/package.zsh'
[1.834s] Level 1:colcon.colcon_core.environment:create_file_with_runtime_dependencies(/home/keime/mros2_ws/install/micro_ros_agent/share/colcon-core/packages/micro_ros_agent)
[1.834s] DEBUG:colcon.colcon_parallel_executor.executor.parallel:closing loop
[1.835s] DEBUG:colcon.colcon_parallel_executor.executor.parallel:loop closed
[1.835s] DEBUG:colcon.colcon_parallel_executor.executor.parallel:run_until_complete finished with '0'
[1.835s] DEBUG:colcon.colcon_core.event_reactor:joining thread
[1.871s] INFO:colcon.colcon_core.plugin_system:Skipping extension 'colcon_notification.desktop_notification.notify_send': Could not find 'notify-send'
[1.871s] INFO:colcon.colcon_core.plugin_system:Skipping extension 'colcon_notification.desktop_notification.terminal_notifier': Not used on non-Darwin systems
[1.871s] INFO:colcon.colcon_core.plugin_system:Skipping extension 'colcon_notification.desktop_notification.win32': Not used on non-Windows systems
[1.871s] INFO:colcon.colcon_notification.desktop_notification:Sending desktop notification using 'notify2'
[1.871s] DEBUG:colcon.colcon_notification.desktop_notification.notify2:Failed to initialize notify2: org.freedesktop.DBus.Error.FileNotFound: Failed to connect to socket /run/user/1000/bus: No such file or directory
[1.871s] DEBUG:colcon.colcon_core.event_reactor:joined thread
[1.881s] INFO:colcon.colcon_core.shell:Creating prefix script '/home/keime/mros2_ws/install/local_setup.ps1'
[1.881s] INFO:colcon.colcon_core.shell:Creating prefix util module '/home/keime/mros2_ws/install/_local_setup_util_ps1.py'
[1.883s] INFO:colcon.colcon_core.shell:Creating prefix chain script '/home/keime/mros2_ws/install/setup.ps1'
[1.892s] INFO:colcon.colcon_core.shell:Creating prefix script '/home/keime/mros2_ws/install/local_setup.sh'
[1.892s] INFO:colcon.colcon_core.shell:Creating prefix util module '/home/keime/mros2_ws/install/_local_setup_util_sh.py'
[1.892s] INFO:colcon.colcon_core.shell:Creating prefix chain script '/home/keime/mros2_ws/install/setup.sh'
[1.902s] INFO:colcon.colcon_core.shell:Creating prefix script '/home/keime/mros2_ws/install/local_setup.bash'
[1.902s] INFO:colcon.colcon_core.shell:Creating prefix chain script '/home/keime/mros2_ws/install/setup.bash'
[1.922s] INFO:colcon.colcon_core.shell:Creating prefix script '/home/keime/mros2_ws/install/local_setup.zsh'
[1.922s] INFO:colcon.colcon_core.shell:Creating prefix chain script '/home/keime/mros2_ws/install/setup.zsh'
