[0.971s] DEBUG:colcon:Command line arguments: ['/usr/bin/colcon', 'build']
[0.971s] DEBUG:colcon:Parsed command line arguments: Namespace(log_base=None, log_level=None, verb_name='build', build_base='build', install_base='install', merge_install=False, symlink_install=False, test_result_base=None, continue_on_error=False, executor='parallel', parallel_workers=2, event_handlers=None, ignore_user_meta=False, metas=['./colcon.meta'], base_paths=['.'], packages_ignore=None, packages_ignore_regex=None, paths=None, packages_up_to=None, packages_up_to_regex=None, packages_above=None, packages_above_and_dependencies=None, packages_above_depth=None, packages_select_by_dep=None, packages_skip_by_dep=None, packages_skip_up_to=None, packages_select_build_failed=False, packages_skip_build_finished=False, packages_select_test_failures=False, packages_skip_test_passed=False, packages_select=None, packages_skip=None, packages_select_regex=None, packages_skip_regex=None, packages_start=None, packages_end=None, allow_overriding=[], cmake_args=None, cmake_target=None, cmake_target_skip_unavailable=False, cmake_clean_cache=False, cmake_clean_first=False, cmake_force_configure=False, ament_cmake_args=None, catkin_cmake_args=None, catkin_skip_building_tests=False, verb_parser=<colcon_defaults.argument_parser.defaults.DefaultArgumentsDecorator object at 0x7f28fce5f6d0>, verb_extension=<colcon_core.verb.build.BuildVerb object at 0x7f28fce44940>, main=<bound method BuildVerb.main of <colcon_core.verb.build.BuildVerb object at 0x7f28fce44940>>)
[1.024s] Level 1:colcon.colcon_core.package_discovery:discover_packages(colcon_meta) check parameters
[1.024s] Level 1:colcon.colcon_core.package_discovery:discover_packages(recursive) check parameters
[1.025s] Level 1:colcon.colcon_core.package_discovery:discover_packages(ignore) check parameters
[1.025s] Level 1:colcon.colcon_core.package_discovery:discover_packages(path) check parameters
[1.025s] Level 1:colcon.colcon_core.package_discovery:discover_packages(colcon_meta) discover
[1.025s] Level 1:colcon.colcon_core.package_discovery:discover_packages(recursive) discover
[1.025s] INFO:colcon.colcon_core.package_discovery:Crawling recursively for packages in '/home/keime/mros2_ws'
[1.025s] Level 1:colcon.colcon_core.package_identification:_identify(.) by extensions ['ignore', 'ignore_ament_install']
[1.025s] Level 1:colcon.colcon_core.package_identification:_identify(.) by extension 'ignore'
[1.025s] Level 1:colcon.colcon_core.package_identification:_identify(.) by extension 'ignore_ament_install'
[1.025s] Level 1:colcon.colcon_core.package_identification:_identify(.) by extensions ['colcon_pkg']
[1.025s] Level 1:colcon.colcon_core.package_identification:_identify(.) by extension 'colcon_pkg'
[1.025s] Level 1:colcon.colcon_core.package_identification:_identify(.) by extensions ['colcon_meta']
[1.025s] Level 1:colcon.colcon_core.package_identification:_identify(.) by extension 'colcon_meta'
[1.025s] Level 1:colcon.colcon_core.package_identification:_identify(.) by extensions ['ros']
[1.025s] Level 1:colcon.colcon_core.package_identification:_identify(.) by extension 'ros'
[1.038s] Level 1:colcon.colcon_core.package_identification:_identify(.) by extensions ['cmake', 'python']
[1.038s] Level 1:colcon.colcon_core.package_identification:_identify(.) by extension 'cmake'
[1.038s] Level 1:colcon.colcon_core.package_identification:_identify(.) by extension 'python'
[1.038s] Level 1:colcon.colcon_core.package_identification:_identify(.) by extensions ['python_setup_py']
[1.038s] Level 1:colcon.colcon_core.package_identification:_identify(.) by extension 'python_setup_py'
[1.038s] Level 1:colcon.colcon_core.package_identification:_identify(build) by extensions ['ignore', 'ignore_ament_install']
[1.038s] Level 1:colcon.colcon_core.package_identification:_identify(build) by extension 'ignore'
[1.038s] Level 1:colcon.colcon_core.package_identification:_identify(build) ignored
[1.038s] Level 1:colcon.colcon_core.package_identification:_identify(install) by extensions ['ignore', 'ignore_ament_install']
[1.038s] Level 1:colcon.colcon_core.package_identification:_identify(install) by extension 'ignore'
[1.038s] Level 1:colcon.colcon_core.package_identification:_identify(install) ignored
[1.038s] Level 1:colcon.colcon_core.package_identification:_identify(log) by extensions ['ignore', 'ignore_ament_install']
[1.038s] Level 1:colcon.colcon_core.package_identification:_identify(log) by extension 'ignore'
[1.038s] Level 1:colcon.colcon_core.package_identification:_identify(log) ignored
[1.039s] Level 1:colcon.colcon_core.package_identification:_identify(src) by extensions ['ignore', 'ignore_ament_install']
[1.039s] Level 1:colcon.colcon_core.package_identification:_identify(src) by extension 'ignore'
[1.039s] Level 1:colcon.colcon_core.package_identification:_identify(src) by extension 'ignore_ament_install'
[1.039s] Level 1:colcon.colcon_core.package_identification:_identify(src) by extensions ['colcon_pkg']
[1.039s] Level 1:colcon.colcon_core.package_identification:_identify(src) by extension 'colcon_pkg'
[1.039s] Level 1:colcon.colcon_core.package_identification:_identify(src) by extensions ['colcon_meta']
[1.039s] Level 1:colcon.colcon_core.package_identification:_identify(src) by extension 'colcon_meta'
[1.039s] Level 1:colcon.colcon_core.package_identification:_identify(src) by extensions ['ros']
[1.039s] Level 1:colcon.colcon_core.package_identification:_identify(src) by extension 'ros'
[1.039s] Level 1:colcon.colcon_core.package_identification:_identify(src) by extensions ['cmake', 'python']
[1.039s] Level 1:colcon.colcon_core.package_identification:_identify(src) by extension 'cmake'
[1.039s] Level 1:colcon.colcon_core.package_identification:_identify(src) by extension 'python'
[1.039s] Level 1:colcon.colcon_core.package_identification:_identify(src) by extensions ['python_setup_py']
[1.039s] Level 1:colcon.colcon_core.package_identification:_identify(src) by extension 'python_setup_py'
[1.039s] Level 1:colcon.colcon_core.package_identification:_identify(src/micro_ros_setup) by extensions ['ignore', 'ignore_ament_install']
[1.039s] Level 1:colcon.colcon_core.package_identification:_identify(src/micro_ros_setup) by extension 'ignore'
[1.039s] Level 1:colcon.colcon_core.package_identification:_identify(src/micro_ros_setup) by extension 'ignore_ament_install'
[1.039s] Level 1:colcon.colcon_core.package_identification:_identify(src/micro_ros_setup) by extensions ['colcon_pkg']
[1.039s] Level 1:colcon.colcon_core.package_identification:_identify(src/micro_ros_setup) by extension 'colcon_pkg'
[1.039s] Level 1:colcon.colcon_core.package_identification:_identify(src/micro_ros_setup) by extensions ['colcon_meta']
[1.039s] Level 1:colcon.colcon_core.package_identification:_identify(src/micro_ros_setup) by extension 'colcon_meta'
[1.039s] Level 1:colcon.colcon_core.package_identification:_identify(src/micro_ros_setup) by extensions ['ros']
[1.039s] Level 1:colcon.colcon_core.package_identification:_identify(src/micro_ros_setup) by extension 'ros'
[1.043s] DEBUG:colcon.colcon_core.package_identification:Package 'src/micro_ros_setup' with type 'ros.ament_cmake' and name 'micro_ros_setup'
[1.043s] Level 1:colcon.colcon_core.package_identification:_identify(src/uros) by extensions ['ignore', 'ignore_ament_install']
[1.043s] Level 1:colcon.colcon_core.package_identification:_identify(src/uros) by extension 'ignore'
[1.043s] Level 1:colcon.colcon_core.package_identification:_identify(src/uros) by extension 'ignore_ament_install'
[1.043s] Level 1:colcon.colcon_core.package_identification:_identify(src/uros) by extensions ['colcon_pkg']
[1.043s] Level 1:colcon.colcon_core.package_identification:_identify(src/uros) by extension 'colcon_pkg'
[1.043s] Level 1:colcon.colcon_core.package_identification:_identify(src/uros) by extensions ['colcon_meta']
[1.043s] Level 1:colcon.colcon_core.package_identification:_identify(src/uros) by extension 'colcon_meta'
[1.043s] Level 1:colcon.colcon_core.package_identification:_identify(src/uros) by extensions ['ros']
[1.043s] Level 1:colcon.colcon_core.package_identification:_identify(src/uros) by extension 'ros'
[1.043s] Level 1:colcon.colcon_core.package_identification:_identify(src/uros) by extensions ['cmake', 'python']
[1.043s] Level 1:colcon.colcon_core.package_identification:_identify(src/uros) by extension 'cmake'
[1.043s] Level 1:colcon.colcon_core.package_identification:_identify(src/uros) by extension 'python'
[1.043s] Level 1:colcon.colcon_core.package_identification:_identify(src/uros) by extensions ['python_setup_py']
[1.043s] Level 1:colcon.colcon_core.package_identification:_identify(src/uros) by extension 'python_setup_py'
[1.043s] Level 1:colcon.colcon_core.package_identification:_identify(src/uros/micro-ROS-Agent) by extensions ['ignore', 'ignore_ament_install']
[1.043s] Level 1:colcon.colcon_core.package_identification:_identify(src/uros/micro-ROS-Agent) by extension 'ignore'
[1.043s] Level 1:colcon.colcon_core.package_identification:_identify(src/uros/micro-ROS-Agent) by extension 'ignore_ament_install'
[1.043s] Level 1:colcon.colcon_core.package_identification:_identify(src/uros/micro-ROS-Agent) by extensions ['colcon_pkg']
[1.043s] Level 1:colcon.colcon_core.package_identification:_identify(src/uros/micro-ROS-Agent) by extension 'colcon_pkg'
[1.043s] Level 1:colcon.colcon_core.package_identification:_identify(src/uros/micro-ROS-Agent) by extensions ['colcon_meta']
[1.043s] Level 1:colcon.colcon_core.package_identification:_identify(src/uros/micro-ROS-Agent) by extension 'colcon_meta'
[1.043s] Level 1:colcon.colcon_core.package_identification:_identify(src/uros/micro-ROS-Agent) by extensions ['ros']
[1.043s] Level 1:colcon.colcon_core.package_identification:_identify(src/uros/micro-ROS-Agent) by extension 'ros'
[1.043s] Level 1:colcon.colcon_core.package_identification:_identify(src/uros/micro-ROS-Agent) by extensions ['cmake', 'python']
[1.043s] Level 1:colcon.colcon_core.package_identification:_identify(src/uros/micro-ROS-Agent) by extension 'cmake'
[1.043s] Level 1:colcon.colcon_core.package_identification:_identify(src/uros/micro-ROS-Agent) by extension 'python'
[1.043s] Level 1:colcon.colcon_core.package_identification:_identify(src/uros/micro-ROS-Agent) by extensions ['python_setup_py']
[1.043s] Level 1:colcon.colcon_core.package_identification:_identify(src/uros/micro-ROS-Agent) by extension 'python_setup_py'
[1.043s] Level 1:colcon.colcon_core.package_identification:_identify(src/uros/micro-ROS-Agent/micro_ros_agent) by extensions ['ignore', 'ignore_ament_install']
[1.044s] Level 1:colcon.colcon_core.package_identification:_identify(src/uros/micro-ROS-Agent/micro_ros_agent) by extension 'ignore'
[1.044s] Level 1:colcon.colcon_core.package_identification:_identify(src/uros/micro-ROS-Agent/micro_ros_agent) by extension 'ignore_ament_install'
[1.044s] Level 1:colcon.colcon_core.package_identification:_identify(src/uros/micro-ROS-Agent/micro_ros_agent) by extensions ['colcon_pkg']
[1.044s] Level 1:colcon.colcon_core.package_identification:_identify(src/uros/micro-ROS-Agent/micro_ros_agent) by extension 'colcon_pkg'
[1.044s] Level 1:colcon.colcon_core.package_identification:_identify(src/uros/micro-ROS-Agent/micro_ros_agent) by extensions ['colcon_meta']
[1.044s] Level 1:colcon.colcon_core.package_identification:_identify(src/uros/micro-ROS-Agent/micro_ros_agent) by extension 'colcon_meta'
[1.044s] Level 1:colcon.colcon_core.package_identification:_identify(src/uros/micro-ROS-Agent/micro_ros_agent) by extensions ['ros']
[1.044s] Level 1:colcon.colcon_core.package_identification:_identify(src/uros/micro-ROS-Agent/micro_ros_agent) by extension 'ros'
[1.045s] DEBUG:colcon.colcon_core.package_identification:Package 'src/uros/micro-ROS-Agent/micro_ros_agent' with type 'ros.ament_cmake' and name 'micro_ros_agent'
[1.045s] Level 1:colcon.colcon_core.package_identification:_identify(src/uros/micro-ROS-Agent/snap) by extensions ['ignore', 'ignore_ament_install']
[1.045s] Level 1:colcon.colcon_core.package_identification:_identify(src/uros/micro-ROS-Agent/snap) by extension 'ignore'
[1.045s] Level 1:colcon.colcon_core.package_identification:_identify(src/uros/micro-ROS-Agent/snap) by extension 'ignore_ament_install'
[1.045s] Level 1:colcon.colcon_core.package_identification:_identify(src/uros/micro-ROS-Agent/snap) by extensions ['colcon_pkg']
[1.045s] Level 1:colcon.colcon_core.package_identification:_identify(src/uros/micro-ROS-Agent/snap) by extension 'colcon_pkg'
[1.045s] Level 1:colcon.colcon_core.package_identification:_identify(src/uros/micro-ROS-Agent/snap) by extensions ['colcon_meta']
[1.045s] Level 1:colcon.colcon_core.package_identification:_identify(src/uros/micro-ROS-Agent/snap) by extension 'colcon_meta'
[1.045s] Level 1:colcon.colcon_core.package_identification:_identify(src/uros/micro-ROS-Agent/snap) by extensions ['ros']
[1.045s] Level 1:colcon.colcon_core.package_identification:_identify(src/uros/micro-ROS-Agent/snap) by extension 'ros'
[1.045s] Level 1:colcon.colcon_core.package_identification:_identify(src/uros/micro-ROS-Agent/snap) by extensions ['cmake', 'python']
[1.045s] Level 1:colcon.colcon_core.package_identification:_identify(src/uros/micro-ROS-Agent/snap) by extension 'cmake'
[1.045s] Level 1:colcon.colcon_core.package_identification:_identify(src/uros/micro-ROS-Agent/snap) by extension 'python'
[1.045s] Level 1:colcon.colcon_core.package_identification:_identify(src/uros/micro-ROS-Agent/snap) by extensions ['python_setup_py']
[1.045s] Level 1:colcon.colcon_core.package_identification:_identify(src/uros/micro-ROS-Agent/snap) by extension 'python_setup_py'
[1.045s] Level 1:colcon.colcon_core.package_identification:_identify(src/uros/micro-ROS-Agent/snap/hooks) by extensions ['ignore', 'ignore_ament_install']
[1.045s] Level 1:colcon.colcon_core.package_identification:_identify(src/uros/micro-ROS-Agent/snap/hooks) by extension 'ignore'
[1.045s] Level 1:colcon.colcon_core.package_identification:_identify(src/uros/micro-ROS-Agent/snap/hooks) by extension 'ignore_ament_install'
[1.045s] Level 1:colcon.colcon_core.package_identification:_identify(src/uros/micro-ROS-Agent/snap/hooks) by extensions ['colcon_pkg']
[1.045s] Level 1:colcon.colcon_core.package_identification:_identify(src/uros/micro-ROS-Agent/snap/hooks) by extension 'colcon_pkg'
[1.045s] Level 1:colcon.colcon_core.package_identification:_identify(src/uros/micro-ROS-Agent/snap/hooks) by extensions ['colcon_meta']
[1.045s] Level 1:colcon.colcon_core.package_identification:_identify(src/uros/micro-ROS-Agent/snap/hooks) by extension 'colcon_meta'
[1.045s] Level 1:colcon.colcon_core.package_identification:_identify(src/uros/micro-ROS-Agent/snap/hooks) by extensions ['ros']
[1.045s] Level 1:colcon.colcon_core.package_identification:_identify(src/uros/micro-ROS-Agent/snap/hooks) by extension 'ros'
[1.045s] Level 1:colcon.colcon_core.package_identification:_identify(src/uros/micro-ROS-Agent/snap/hooks) by extensions ['cmake', 'python']
[1.046s] Level 1:colcon.colcon_core.package_identification:_identify(src/uros/micro-ROS-Agent/snap/hooks) by extension 'cmake'
[1.046s] Level 1:colcon.colcon_core.package_identification:_identify(src/uros/micro-ROS-Agent/snap/hooks) by extension 'python'
[1.046s] Level 1:colcon.colcon_core.package_identification:_identify(src/uros/micro-ROS-Agent/snap/hooks) by extensions ['python_setup_py']
[1.046s] Level 1:colcon.colcon_core.package_identification:_identify(src/uros/micro-ROS-Agent/snap/hooks) by extension 'python_setup_py'
[1.046s] Level 1:colcon.colcon_core.package_identification:_identify(src/uros/micro-ROS-Agent/snap/local) by extensions ['ignore', 'ignore_ament_install']
[1.046s] Level 1:colcon.colcon_core.package_identification:_identify(src/uros/micro-ROS-Agent/snap/local) by extension 'ignore'
[1.046s] Level 1:colcon.colcon_core.package_identification:_identify(src/uros/micro-ROS-Agent/snap/local) by extension 'ignore_ament_install'
[1.046s] Level 1:colcon.colcon_core.package_identification:_identify(src/uros/micro-ROS-Agent/snap/local) by extensions ['colcon_pkg']
[1.046s] Level 1:colcon.colcon_core.package_identification:_identify(src/uros/micro-ROS-Agent/snap/local) by extension 'colcon_pkg'
[1.046s] Level 1:colcon.colcon_core.package_identification:_identify(src/uros/micro-ROS-Agent/snap/local) by extensions ['colcon_meta']
[1.046s] Level 1:colcon.colcon_core.package_identification:_identify(src/uros/micro-ROS-Agent/snap/local) by extension 'colcon_meta'
[1.046s] Level 1:colcon.colcon_core.package_identification:_identify(src/uros/micro-ROS-Agent/snap/local) by extensions ['ros']
[1.046s] Level 1:colcon.colcon_core.package_identification:_identify(src/uros/micro-ROS-Agent/snap/local) by extension 'ros'
[1.046s] Level 1:colcon.colcon_core.package_identification:_identify(src/uros/micro-ROS-Agent/snap/local) by extensions ['cmake', 'python']
[1.046s] Level 1:colcon.colcon_core.package_identification:_identify(src/uros/micro-ROS-Agent/snap/local) by extension 'cmake'
[1.046s] Level 1:colcon.colcon_core.package_identification:_identify(src/uros/micro-ROS-Agent/snap/local) by extension 'python'
[1.046s] Level 1:colcon.colcon_core.package_identification:_identify(src/uros/micro-ROS-Agent/snap/local) by extensions ['python_setup_py']
[1.046s] Level 1:colcon.colcon_core.package_identification:_identify(src/uros/micro-ROS-Agent/snap/local) by extension 'python_setup_py'
[1.046s] Level 1:colcon.colcon_core.package_identification:_identify(src/uros/micro_ros_msgs) by extensions ['ignore', 'ignore_ament_install']
[1.046s] Level 1:colcon.colcon_core.package_identification:_identify(src/uros/micro_ros_msgs) by extension 'ignore'
[1.046s] Level 1:colcon.colcon_core.package_identification:_identify(src/uros/micro_ros_msgs) by extension 'ignore_ament_install'
[1.046s] Level 1:colcon.colcon_core.package_identification:_identify(src/uros/micro_ros_msgs) by extensions ['colcon_pkg']
[1.046s] Level 1:colcon.colcon_core.package_identification:_identify(src/uros/micro_ros_msgs) by extension 'colcon_pkg'
[1.046s] Level 1:colcon.colcon_core.package_identification:_identify(src/uros/micro_ros_msgs) by extensions ['colcon_meta']
[1.046s] Level 1:colcon.colcon_core.package_identification:_identify(src/uros/micro_ros_msgs) by extension 'colcon_meta'
[1.046s] Level 1:colcon.colcon_core.package_identification:_identify(src/uros/micro_ros_msgs) by extensions ['ros']
[1.046s] Level 1:colcon.colcon_core.package_identification:_identify(src/uros/micro_ros_msgs) by extension 'ros'
[1.047s] DEBUG:colcon.colcon_core.package_identification:Package 'src/uros/micro_ros_msgs' with type 'ros.ament_cmake' and name 'micro_ros_msgs'
[1.047s] Level 1:colcon.colcon_core.package_discovery:discover_packages(recursive) using defaults
[1.047s] Level 1:colcon.colcon_core.package_discovery:discover_packages(ignore) discover
[1.047s] Level 1:colcon.colcon_core.package_discovery:discover_packages(ignore) using defaults
[1.047s] Level 1:colcon.colcon_core.package_discovery:discover_packages(path) discover
[1.047s] Level 1:colcon.colcon_core.package_discovery:discover_packages(path) using defaults
[1.126s] Level 1:colcon.colcon_core.package_discovery:discover_packages(prefix_path) check parameters
[1.126s] Level 1:colcon.colcon_core.package_discovery:discover_packages(prefix_path) discover
[1.149s] DEBUG:colcon.colcon_installed_package_information.package_discovery:Found 346 installed packages in /opt/ros/humble
[1.150s] Level 1:colcon.colcon_core.package_discovery:discover_packages(prefix_path) using defaults
[1.232s] Level 5:colcon.colcon_core.verb:set package 'micro_ros_msgs' build argument 'cmake_args' from command line to 'None'
[1.232s] Level 5:colcon.colcon_core.verb:set package 'micro_ros_msgs' build argument 'cmake_target' from command line to 'None'
[1.232s] Level 5:colcon.colcon_core.verb:set package 'micro_ros_msgs' build argument 'cmake_target_skip_unavailable' from command line to 'False'
[1.232s] Level 5:colcon.colcon_core.verb:set package 'micro_ros_msgs' build argument 'cmake_clean_cache' from command line to 'False'
[1.232s] Level 5:colcon.colcon_core.verb:set package 'micro_ros_msgs' build argument 'cmake_clean_first' from command line to 'False'
[1.232s] Level 5:colcon.colcon_core.verb:set package 'micro_ros_msgs' build argument 'cmake_force_configure' from command line to 'False'
[1.232s] Level 5:colcon.colcon_core.verb:set package 'micro_ros_msgs' build argument 'ament_cmake_args' from command line to 'None'
[1.232s] Level 5:colcon.colcon_core.verb:set package 'micro_ros_msgs' build argument 'catkin_cmake_args' from command line to 'None'
[1.232s] Level 5:colcon.colcon_core.verb:set package 'micro_ros_msgs' build argument 'catkin_skip_building_tests' from command line to 'False'
[1.232s] DEBUG:colcon.colcon_core.verb:Building package 'micro_ros_msgs' with the following arguments: {'ament_cmake_args': None, 'build_base': '/home/keime/mros2_ws/build/micro_ros_msgs', 'catkin_cmake_args': None, 'catkin_skip_building_tests': False, 'cmake_args': None, 'cmake_clean_cache': False, 'cmake_clean_first': False, 'cmake_force_configure': False, 'cmake_target': None, 'cmake_target_skip_unavailable': False, 'install_base': '/home/keime/mros2_ws/install/micro_ros_msgs', 'merge_install': False, 'path': '/home/keime/mros2_ws/src/uros/micro_ros_msgs', 'symlink_install': False, 'test_result_base': None}
[1.240s] Level 5:colcon.colcon_core.verb:set package 'micro_ros_setup' build argument 'cmake_args' from command line to 'None'
[1.240s] Level 5:colcon.colcon_core.verb:set package 'micro_ros_setup' build argument 'cmake_target' from command line to 'None'
[1.240s] Level 5:colcon.colcon_core.verb:set package 'micro_ros_setup' build argument 'cmake_target_skip_unavailable' from command line to 'False'
[1.240s] Level 5:colcon.colcon_core.verb:set package 'micro_ros_setup' build argument 'cmake_clean_cache' from command line to 'False'
[1.240s] Level 5:colcon.colcon_core.verb:set package 'micro_ros_setup' build argument 'cmake_clean_first' from command line to 'False'
[1.240s] Level 5:colcon.colcon_core.verb:set package 'micro_ros_setup' build argument 'cmake_force_configure' from command line to 'False'
[1.240s] Level 5:colcon.colcon_core.verb:set package 'micro_ros_setup' build argument 'ament_cmake_args' from command line to 'None'
[1.240s] Level 5:colcon.colcon_core.verb:set package 'micro_ros_setup' build argument 'catkin_cmake_args' from command line to 'None'
[1.240s] Level 5:colcon.colcon_core.verb:set package 'micro_ros_setup' build argument 'catkin_skip_building_tests' from command line to 'False'
[1.240s] DEBUG:colcon.colcon_core.verb:Building package 'micro_ros_setup' with the following arguments: {'ament_cmake_args': None, 'build_base': '/home/keime/mros2_ws/build/micro_ros_setup', 'catkin_cmake_args': None, 'catkin_skip_building_tests': False, 'cmake_args': None, 'cmake_clean_cache': False, 'cmake_clean_first': False, 'cmake_force_configure': False, 'cmake_target': None, 'cmake_target_skip_unavailable': False, 'install_base': '/home/keime/mros2_ws/install/micro_ros_setup', 'merge_install': False, 'path': '/home/keime/mros2_ws/src/micro_ros_setup', 'symlink_install': False, 'test_result_base': None}
[1.249s] Level 5:colcon.colcon_core.verb:set package 'micro_ros_agent' build argument 'cmake_args' from command line to 'None'
[1.249s] Level 5:colcon.colcon_core.verb:set package 'micro_ros_agent' build argument 'cmake_target' from command line to 'None'
[1.249s] Level 5:colcon.colcon_core.verb:set package 'micro_ros_agent' build argument 'cmake_target_skip_unavailable' from command line to 'False'
[1.249s] Level 5:colcon.colcon_core.verb:set package 'micro_ros_agent' build argument 'cmake_clean_cache' from command line to 'False'
[1.249s] Level 5:colcon.colcon_core.verb:set package 'micro_ros_agent' build argument 'cmake_clean_first' from command line to 'False'
[1.249s] Level 5:colcon.colcon_core.verb:set package 'micro_ros_agent' build argument 'cmake_force_configure' from command line to 'False'
[1.249s] Level 5:colcon.colcon_core.verb:set package 'micro_ros_agent' build argument 'ament_cmake_args' from command line to 'None'
[1.249s] Level 5:colcon.colcon_core.verb:set package 'micro_ros_agent' build argument 'catkin_cmake_args' from command line to 'None'
[1.249s] Level 5:colcon.colcon_core.verb:set package 'micro_ros_agent' build argument 'catkin_skip_building_tests' from command line to 'False'
[1.249s] DEBUG:colcon.colcon_core.verb:Building package 'micro_ros_agent' with the following arguments: {'ament_cmake_args': None, 'build_base': '/home/keime/mros2_ws/build/micro_ros_agent', 'catkin_cmake_args': None, 'catkin_skip_building_tests': False, 'cmake_args': None, 'cmake_clean_cache': False, 'cmake_clean_first': False, 'cmake_force_configure': False, 'cmake_target': None, 'cmake_target_skip_unavailable': False, 'install_base': '/home/keime/mros2_ws/install/micro_ros_agent', 'merge_install': False, 'path': '/home/keime/mros2_ws/src/uros/micro-ROS-Agent/micro_ros_agent', 'symlink_install': False, 'test_result_base': None}
[1.257s] INFO:colcon.colcon_core.executor:Executing jobs using 'parallel' executor
[1.266s] DEBUG:colcon.colcon_parallel_executor.executor.parallel:run_until_complete
[1.266s] INFO:colcon.colcon_ros.task.ament_cmake.build:Building ROS package in '/home/keime/mros2_ws/src/uros/micro_ros_msgs' with build type 'ament_cmake'
[1.266s] INFO:colcon.colcon_cmake.task.cmake.build:Building CMake package in '/home/keime/mros2_ws/src/uros/micro_ros_msgs'
[1.282s] INFO:colcon.colcon_core.plugin_system:Skipping extension 'colcon_core.shell.bat': Not used on non-Windows systems
[1.282s] INFO:colcon.colcon_core.shell:Skip shell extension 'powershell' for command environment: Not usable outside of PowerShell
[1.282s] DEBUG:colcon.colcon_core.shell:Skip shell extension 'dsv' for command environment
[1.302s] INFO:colcon.colcon_ros.task.ament_cmake.build:Building ROS package in '/home/keime/mros2_ws/src/micro_ros_setup' with build type 'ament_cmake'
[1.303s] INFO:colcon.colcon_cmake.task.cmake.build:Building CMake package in '/home/keime/mros2_ws/src/micro_ros_setup'
[1.312s] INFO:colcon.colcon_core.shell:Skip shell extension 'powershell' for command environment: Not usable outside of PowerShell
[1.312s] DEBUG:colcon.colcon_core.shell:Skip shell extension 'dsv' for command environment
[1.335s] DEBUG:colcon.colcon_core.event_handler.log_command:Invoking command in '/home/keime/mros2_ws/build/micro_ros_msgs': CMAKE_PREFIX_PATH=/opt/ros/humble /usr/bin/cmake /home/keime/mros2_ws/src/uros/micro_ros_msgs -DCMAKE_INSTALL_PREFIX=/home/keime/mros2_ws/install/micro_ros_msgs
[1.341s] DEBUG:colcon.colcon_core.event_handler.log_command:Invoking command in '/home/keime/mros2_ws/build/micro_ros_setup': CMAKE_PREFIX_PATH=/opt/ros/humble /usr/bin/cmake --build /home/keime/mros2_ws/build/micro_ros_setup -- -j2 -l2
[1.394s] DEBUG:colcon.colcon_core.event_handler.log_command:Invoked command in '/home/keime/mros2_ws/build/micro_ros_setup' returned '0': CMAKE_PREFIX_PATH=/opt/ros/humble /usr/bin/cmake --build /home/keime/mros2_ws/build/micro_ros_setup -- -j2 -l2
[1.416s] DEBUG:colcon.colcon_core.event_handler.log_command:Invoking command in '/home/keime/mros2_ws/build/micro_ros_setup': CMAKE_PREFIX_PATH=/opt/ros/humble /usr/bin/cmake --install /home/keime/mros2_ws/build/micro_ros_setup
[1.437s] Level 1:colcon.colcon_core.environment:create_environment_scripts_only(micro_ros_setup)
[1.446s] DEBUG:colcon.colcon_core.event_handler.log_command:Invoked command in '/home/keime/mros2_ws/build/micro_ros_setup' returned '0': CMAKE_PREFIX_PATH=/opt/ros/humble /usr/bin/cmake --install /home/keime/mros2_ws/build/micro_ros_setup
[1.455s] Level 1:colcon.colcon_core.environment:checking '/home/keime/mros2_ws/install/micro_ros_setup' for CMake module files
[1.456s] Level 1:colcon.colcon_core.environment:checking '/home/keime/mros2_ws/install/micro_ros_setup' for CMake config files
[1.456s] Level 1:colcon.colcon_core.shell:create_environment_hook('micro_ros_setup', 'cmake_prefix_path')
[1.464s] INFO:colcon.colcon_core.shell:Creating environment hook '/home/keime/mros2_ws/install/micro_ros_setup/share/micro_ros_setup/hook/cmake_prefix_path.ps1'
[1.466s] INFO:colcon.colcon_core.shell:Creating environment descriptor '/home/keime/mros2_ws/install/micro_ros_setup/share/micro_ros_setup/hook/cmake_prefix_path.dsv'
[1.467s] INFO:colcon.colcon_core.shell:Creating environment hook '/home/keime/mros2_ws/install/micro_ros_setup/share/micro_ros_setup/hook/cmake_prefix_path.sh'
[1.468s] Level 1:colcon.colcon_core.environment:checking '/home/keime/mros2_ws/install/micro_ros_setup/lib'
[1.468s] Level 1:colcon.colcon_core.environment:checking '/home/keime/mros2_ws/install/micro_ros_setup/bin'
[1.468s] Level 1:colcon.colcon_core.environment:checking '/home/keime/mros2_ws/install/micro_ros_setup/lib/pkgconfig/micro_ros_setup.pc'
[1.468s] Level 1:colcon.colcon_core.environment:checking '/home/keime/mros2_ws/install/micro_ros_setup/lib/python3.10/site-packages'
[1.469s] Level 1:colcon.colcon_core.environment:checking '/home/keime/mros2_ws/install/micro_ros_setup/bin'
[1.477s] INFO:colcon.colcon_core.shell:Creating package script '/home/keime/mros2_ws/install/micro_ros_setup/share/micro_ros_setup/package.ps1'
[1.478s] INFO:colcon.colcon_core.shell:Creating package descriptor '/home/keime/mros2_ws/install/micro_ros_setup/share/micro_ros_setup/package.dsv'
[1.479s] INFO:colcon.colcon_core.shell:Creating package script '/home/keime/mros2_ws/install/micro_ros_setup/share/micro_ros_setup/package.sh'
[1.480s] INFO:colcon.colcon_core.shell:Creating package script '/home/keime/mros2_ws/install/micro_ros_setup/share/micro_ros_setup/package.bash'
[1.481s] INFO:colcon.colcon_core.shell:Creating package script '/home/keime/mros2_ws/install/micro_ros_setup/share/micro_ros_setup/package.zsh'
[1.482s] Level 1:colcon.colcon_core.environment:create_file_with_runtime_dependencies(/home/keime/mros2_ws/install/micro_ros_setup/share/colcon-core/packages/micro_ros_setup)
[1.503s] Level 1:colcon.colcon_core.environment:create_environment_scripts_only(micro_ros_setup)
[1.513s] Level 1:colcon.colcon_core.environment:checking '/home/keime/mros2_ws/install/micro_ros_setup' for CMake module files
[1.513s] Level 1:colcon.colcon_core.environment:checking '/home/keime/mros2_ws/install/micro_ros_setup' for CMake config files
[1.514s] Level 1:colcon.colcon_core.shell:create_environment_hook('micro_ros_setup', 'cmake_prefix_path')
[1.523s] INFO:colcon.colcon_core.shell:Creating environment hook '/home/keime/mros2_ws/install/micro_ros_setup/share/micro_ros_setup/hook/cmake_prefix_path.ps1'
[1.523s] INFO:colcon.colcon_core.shell:Creating environment descriptor '/home/keime/mros2_ws/install/micro_ros_setup/share/micro_ros_setup/hook/cmake_prefix_path.dsv'
[1.523s] INFO:colcon.colcon_core.shell:Creating environment hook '/home/keime/mros2_ws/install/micro_ros_setup/share/micro_ros_setup/hook/cmake_prefix_path.sh'
[1.524s] Level 1:colcon.colcon_core.environment:checking '/home/keime/mros2_ws/install/micro_ros_setup/lib'
[1.524s] Level 1:colcon.colcon_core.environment:checking '/home/keime/mros2_ws/install/micro_ros_setup/bin'
[1.524s] Level 1:colcon.colcon_core.environment:checking '/home/keime/mros2_ws/install/micro_ros_setup/lib/pkgconfig/micro_ros_setup.pc'
[1.524s] Level 1:colcon.colcon_core.environment:checking '/home/keime/mros2_ws/install/micro_ros_setup/lib/python3.10/site-packages'
[1.524s] Level 1:colcon.colcon_core.environment:checking '/home/keime/mros2_ws/install/micro_ros_setup/bin'
[1.533s] INFO:colcon.colcon_core.shell:Creating package script '/home/keime/mros2_ws/install/micro_ros_setup/share/micro_ros_setup/package.ps1'
[1.534s] INFO:colcon.colcon_core.shell:Creating package descriptor '/home/keime/mros2_ws/install/micro_ros_setup/share/micro_ros_setup/package.dsv'
[1.534s] INFO:colcon.colcon_core.shell:Creating package script '/home/keime/mros2_ws/install/micro_ros_setup/share/micro_ros_setup/package.sh'
[1.534s] INFO:colcon.colcon_core.shell:Creating package script '/home/keime/mros2_ws/install/micro_ros_setup/share/micro_ros_setup/package.bash'
[1.534s] INFO:colcon.colcon_core.shell:Creating package script '/home/keime/mros2_ws/install/micro_ros_setup/share/micro_ros_setup/package.zsh'
[1.535s] Level 1:colcon.colcon_core.environment:create_file_with_runtime_dependencies(/home/keime/mros2_ws/install/micro_ros_setup/share/colcon-core/packages/micro_ros_setup)
[2.225s] DEBUG:colcon.colcon_core.event_handler.log_command:Invoked command in '/home/keime/mros2_ws/build/micro_ros_msgs' returned '0': CMAKE_PREFIX_PATH=/opt/ros/humble /usr/bin/cmake /home/keime/mros2_ws/src/uros/micro_ros_msgs -DCMAKE_INSTALL_PREFIX=/home/keime/mros2_ws/install/micro_ros_msgs
[2.226s] DEBUG:colcon.colcon_core.event_handler.log_command:Invoking command in '/home/keime/mros2_ws/build/micro_ros_msgs': CMAKE_PREFIX_PATH=/opt/ros/humble /usr/bin/cmake --build /home/keime/mros2_ws/build/micro_ros_msgs -- -j2 -l2
[2.509s] DEBUG:colcon.colcon_core.event_handler.log_command:Invoked command in '/home/keime/mros2_ws/build/micro_ros_msgs' returned '0': CMAKE_PREFIX_PATH=/opt/ros/humble /usr/bin/cmake --build /home/keime/mros2_ws/build/micro_ros_msgs -- -j2 -l2
[2.552s] DEBUG:colcon.colcon_core.event_handler.log_command:Invoking command in '/home/keime/mros2_ws/build/micro_ros_msgs': CMAKE_PREFIX_PATH=/opt/ros/humble /usr/bin/cmake --install /home/keime/mros2_ws/build/micro_ros_msgs
[2.599s] Level 1:colcon.colcon_core.environment:create_environment_scripts_only(micro_ros_msgs)
[2.600s] DEBUG:colcon.colcon_core.event_handler.log_command:Invoked command in '/home/keime/mros2_ws/build/micro_ros_msgs' returned '0': CMAKE_PREFIX_PATH=/opt/ros/humble /usr/bin/cmake --install /home/keime/mros2_ws/build/micro_ros_msgs
[2.608s] Level 1:colcon.colcon_core.environment:checking '/home/keime/mros2_ws/install/micro_ros_msgs' for CMake module files
[2.608s] Level 1:colcon.colcon_core.environment:checking '/home/keime/mros2_ws/install/micro_ros_msgs' for CMake config files
[2.609s] Level 1:colcon.colcon_core.shell:create_environment_hook('micro_ros_msgs', 'cmake_prefix_path')
[2.617s] INFO:colcon.colcon_core.shell:Creating environment hook '/home/keime/mros2_ws/install/micro_ros_msgs/share/micro_ros_msgs/hook/cmake_prefix_path.ps1'
[2.617s] INFO:colcon.colcon_core.shell:Creating environment descriptor '/home/keime/mros2_ws/install/micro_ros_msgs/share/micro_ros_msgs/hook/cmake_prefix_path.dsv'
[2.617s] INFO:colcon.colcon_core.shell:Creating environment hook '/home/keime/mros2_ws/install/micro_ros_msgs/share/micro_ros_msgs/hook/cmake_prefix_path.sh'
[2.618s] Level 1:colcon.colcon_core.environment:checking '/home/keime/mros2_ws/install/micro_ros_msgs/lib'
[2.618s] Level 1:colcon.colcon_core.shell:create_environment_hook('micro_ros_msgs', 'ld_library_path_lib')
[2.626s] INFO:colcon.colcon_core.shell:Creating environment hook '/home/keime/mros2_ws/install/micro_ros_msgs/share/micro_ros_msgs/hook/ld_library_path_lib.ps1'
[2.626s] INFO:colcon.colcon_core.shell:Creating environment descriptor '/home/keime/mros2_ws/install/micro_ros_msgs/share/micro_ros_msgs/hook/ld_library_path_lib.dsv'
[2.626s] INFO:colcon.colcon_core.shell:Creating environment hook '/home/keime/mros2_ws/install/micro_ros_msgs/share/micro_ros_msgs/hook/ld_library_path_lib.sh'
[2.627s] Level 1:colcon.colcon_core.environment:checking '/home/keime/mros2_ws/install/micro_ros_msgs/bin'
[2.627s] Level 1:colcon.colcon_core.environment:checking '/home/keime/mros2_ws/install/micro_ros_msgs/lib/pkgconfig/micro_ros_msgs.pc'
[2.627s] Level 1:colcon.colcon_core.environment:checking '/home/keime/mros2_ws/install/micro_ros_msgs/lib/python3.10/site-packages'
[2.627s] Level 1:colcon.colcon_core.environment:checking '/home/keime/mros2_ws/install/micro_ros_msgs/bin'
[2.635s] INFO:colcon.colcon_core.shell:Creating package script '/home/keime/mros2_ws/install/micro_ros_msgs/share/micro_ros_msgs/package.ps1'
[2.635s] INFO:colcon.colcon_core.shell:Creating package descriptor '/home/keime/mros2_ws/install/micro_ros_msgs/share/micro_ros_msgs/package.dsv'
[2.636s] INFO:colcon.colcon_core.shell:Creating package script '/home/keime/mros2_ws/install/micro_ros_msgs/share/micro_ros_msgs/package.sh'
[2.636s] INFO:colcon.colcon_core.shell:Creating package script '/home/keime/mros2_ws/install/micro_ros_msgs/share/micro_ros_msgs/package.bash'
[2.636s] INFO:colcon.colcon_core.shell:Creating package script '/home/keime/mros2_ws/install/micro_ros_msgs/share/micro_ros_msgs/package.zsh'
[2.636s] Level 1:colcon.colcon_core.environment:create_file_with_runtime_dependencies(/home/keime/mros2_ws/install/micro_ros_msgs/share/colcon-core/packages/micro_ros_msgs)
[2.695s] Level 1:colcon.colcon_core.environment:create_environment_scripts_only(micro_ros_msgs)
[2.704s] Level 1:colcon.colcon_core.environment:checking '/home/keime/mros2_ws/install/micro_ros_msgs' for CMake module files
[2.704s] Level 1:colcon.colcon_core.environment:checking '/home/keime/mros2_ws/install/micro_ros_msgs' for CMake config files
[2.704s] Level 1:colcon.colcon_core.shell:create_environment_hook('micro_ros_msgs', 'cmake_prefix_path')
[2.713s] INFO:colcon.colcon_core.shell:Creating environment hook '/home/keime/mros2_ws/install/micro_ros_msgs/share/micro_ros_msgs/hook/cmake_prefix_path.ps1'
[2.713s] INFO:colcon.colcon_core.shell:Creating environment descriptor '/home/keime/mros2_ws/install/micro_ros_msgs/share/micro_ros_msgs/hook/cmake_prefix_path.dsv'
[2.713s] INFO:colcon.colcon_core.shell:Creating environment hook '/home/keime/mros2_ws/install/micro_ros_msgs/share/micro_ros_msgs/hook/cmake_prefix_path.sh'
[2.713s] Level 1:colcon.colcon_core.environment:checking '/home/keime/mros2_ws/install/micro_ros_msgs/lib'
[2.713s] Level 1:colcon.colcon_core.shell:create_environment_hook('micro_ros_msgs', 'ld_library_path_lib')
[2.722s] INFO:colcon.colcon_core.shell:Creating environment hook '/home/keime/mros2_ws/install/micro_ros_msgs/share/micro_ros_msgs/hook/ld_library_path_lib.ps1'
[2.723s] INFO:colcon.colcon_core.shell:Creating environment descriptor '/home/keime/mros2_ws/install/micro_ros_msgs/share/micro_ros_msgs/hook/ld_library_path_lib.dsv'
[2.723s] INFO:colcon.colcon_core.shell:Creating environment hook '/home/keime/mros2_ws/install/micro_ros_msgs/share/micro_ros_msgs/hook/ld_library_path_lib.sh'
[2.723s] Level 1:colcon.colcon_core.environment:checking '/home/keime/mros2_ws/install/micro_ros_msgs/bin'
[2.723s] Level 1:colcon.colcon_core.environment:checking '/home/keime/mros2_ws/install/micro_ros_msgs/lib/pkgconfig/micro_ros_msgs.pc'
[2.723s] Level 1:colcon.colcon_core.environment:checking '/home/keime/mros2_ws/install/micro_ros_msgs/lib/python3.10/site-packages'
[2.723s] Level 1:colcon.colcon_core.environment:checking '/home/keime/mros2_ws/install/micro_ros_msgs/bin'
[2.732s] INFO:colcon.colcon_core.shell:Creating package script '/home/keime/mros2_ws/install/micro_ros_msgs/share/micro_ros_msgs/package.ps1'
[2.732s] INFO:colcon.colcon_core.shell:Creating package descriptor '/home/keime/mros2_ws/install/micro_ros_msgs/share/micro_ros_msgs/package.dsv'
[2.732s] INFO:colcon.colcon_core.shell:Creating package script '/home/keime/mros2_ws/install/micro_ros_msgs/share/micro_ros_msgs/package.sh'
[2.732s] INFO:colcon.colcon_core.shell:Creating package script '/home/keime/mros2_ws/install/micro_ros_msgs/share/micro_ros_msgs/package.bash'
[2.733s] INFO:colcon.colcon_core.shell:Creating package script '/home/keime/mros2_ws/install/micro_ros_msgs/share/micro_ros_msgs/package.zsh'
[2.733s] Level 1:colcon.colcon_core.environment:create_file_with_runtime_dependencies(/home/keime/mros2_ws/install/micro_ros_msgs/share/colcon-core/packages/micro_ros_msgs)
[2.733s] INFO:colcon.colcon_ros.task.ament_cmake.build:Building ROS package in '/home/keime/mros2_ws/src/uros/micro-ROS-Agent/micro_ros_agent' with build type 'ament_cmake'
[2.733s] INFO:colcon.colcon_cmake.task.cmake.build:Building CMake package in '/home/keime/mros2_ws/src/uros/micro-ROS-Agent/micro_ros_agent'
[2.743s] INFO:colcon.colcon_core.shell:Skip shell extension 'powershell' for command environment: Not usable outside of PowerShell
[2.743s] DEBUG:colcon.colcon_core.shell:Skip shell extension 'dsv' for command environment
[2.820s] DEBUG:colcon.colcon_core.event_handler.log_command:Invoking command in '/home/keime/mros2_ws/build/micro_ros_agent': AMENT_PREFIX_PATH=/home/keime/mros2_ws/install/micro_ros_msgs:${AMENT_PREFIX_PATH} CMAKE_PREFIX_PATH=/home/keime/mros2_ws/install/micro_ros_msgs:/opt/ros/humble LD_LIBRARY_PATH=/home/keime/mros2_ws/install/micro_ros_msgs/lib:${LD_LIBRARY_PATH} PYTHONPATH=/home/keime/mros2_ws/install/micro_ros_msgs/local/lib/python3.10/dist-packages:${PYTHONPATH} /usr/bin/cmake /home/keime/mros2_ws/src/uros/micro-ROS-Agent/micro_ros_agent -DCMAKE_INSTALL_PREFIX=/home/keime/mros2_ws/install/micro_ros_agent
[5.274s] DEBUG:colcon.colcon_core.event_handler.log_command:Invoked command in '/home/keime/mros2_ws/build/micro_ros_agent' returned '0': AMENT_PREFIX_PATH=/home/keime/mros2_ws/install/micro_ros_msgs:${AMENT_PREFIX_PATH} CMAKE_PREFIX_PATH=/home/keime/mros2_ws/install/micro_ros_msgs:/opt/ros/humble LD_LIBRARY_PATH=/home/keime/mros2_ws/install/micro_ros_msgs/lib:${LD_LIBRARY_PATH} PYTHONPATH=/home/keime/mros2_ws/install/micro_ros_msgs/local/lib/python3.10/dist-packages:${PYTHONPATH} /usr/bin/cmake /home/keime/mros2_ws/src/uros/micro-ROS-Agent/micro_ros_agent -DCMAKE_INSTALL_PREFIX=/home/keime/mros2_ws/install/micro_ros_agent
[5.275s] DEBUG:colcon.colcon_core.event_handler.log_command:Invoking command in '/home/keime/mros2_ws/build/micro_ros_agent': AMENT_PREFIX_PATH=/home/keime/mros2_ws/install/micro_ros_msgs:${AMENT_PREFIX_PATH} CMAKE_PREFIX_PATH=/home/keime/mros2_ws/install/micro_ros_msgs:/opt/ros/humble LD_LIBRARY_PATH=/home/keime/mros2_ws/install/micro_ros_msgs/lib:${LD_LIBRARY_PATH} PYTHONPATH=/home/keime/mros2_ws/install/micro_ros_msgs/local/lib/python3.10/dist-packages:${PYTHONPATH} /usr/bin/cmake --build /home/keime/mros2_ws/build/micro_ros_agent -- -j2 -l2
[5.332s] DEBUG:colcon.colcon_core.event_handler.log_command:Invoked command in '/home/keime/mros2_ws/build/micro_ros_agent' returned '0': AMENT_PREFIX_PATH=/home/keime/mros2_ws/install/micro_ros_msgs:${AMENT_PREFIX_PATH} CMAKE_PREFIX_PATH=/home/keime/mros2_ws/install/micro_ros_msgs:/opt/ros/humble LD_LIBRARY_PATH=/home/keime/mros2_ws/install/micro_ros_msgs/lib:${LD_LIBRARY_PATH} PYTHONPATH=/home/keime/mros2_ws/install/micro_ros_msgs/local/lib/python3.10/dist-packages:${PYTHONPATH} /usr/bin/cmake --build /home/keime/mros2_ws/build/micro_ros_agent -- -j2 -l2
[5.347s] DEBUG:colcon.colcon_core.event_handler.log_command:Invoking command in '/home/keime/mros2_ws/build/micro_ros_agent': AMENT_PREFIX_PATH=/home/keime/mros2_ws/install/micro_ros_msgs:${AMENT_PREFIX_PATH} CMAKE_PREFIX_PATH=/home/keime/mros2_ws/install/micro_ros_msgs:/opt/ros/humble LD_LIBRARY_PATH=/home/keime/mros2_ws/install/micro_ros_msgs/lib:${LD_LIBRARY_PATH} PYTHONPATH=/home/keime/mros2_ws/install/micro_ros_msgs/local/lib/python3.10/dist-packages:${PYTHONPATH} /usr/bin/cmake --install /home/keime/mros2_ws/build/micro_ros_agent
[5.354s] Level 1:colcon.colcon_core.environment:create_environment_scripts_only(micro_ros_agent)
[5.355s] DEBUG:colcon.colcon_core.event_handler.log_command:Invoked command in '/home/keime/mros2_ws/build/micro_ros_agent' returned '0': AMENT_PREFIX_PATH=/home/keime/mros2_ws/install/micro_ros_msgs:${AMENT_PREFIX_PATH} CMAKE_PREFIX_PATH=/home/keime/mros2_ws/install/micro_ros_msgs:/opt/ros/humble LD_LIBRARY_PATH=/home/keime/mros2_ws/install/micro_ros_msgs/lib:${LD_LIBRARY_PATH} PYTHONPATH=/home/keime/mros2_ws/install/micro_ros_msgs/local/lib/python3.10/dist-packages:${PYTHONPATH} /usr/bin/cmake --install /home/keime/mros2_ws/build/micro_ros_agent
[5.363s] Level 1:colcon.colcon_core.environment:checking '/home/keime/mros2_ws/install/micro_ros_agent' for CMake module files
[5.363s] Level 1:colcon.colcon_core.environment:checking '/home/keime/mros2_ws/install/micro_ros_agent' for CMake config files
[5.364s] Level 1:colcon.colcon_core.shell:create_environment_hook('micro_ros_agent', 'cmake_prefix_path')
[5.372s] INFO:colcon.colcon_core.shell:Creating environment hook '/home/keime/mros2_ws/install/micro_ros_agent/share/micro_ros_agent/hook/cmake_prefix_path.ps1'
[5.372s] INFO:colcon.colcon_core.shell:Creating environment descriptor '/home/keime/mros2_ws/install/micro_ros_agent/share/micro_ros_agent/hook/cmake_prefix_path.dsv'
[5.372s] INFO:colcon.colcon_core.shell:Creating environment hook '/home/keime/mros2_ws/install/micro_ros_agent/share/micro_ros_agent/hook/cmake_prefix_path.sh'
[5.373s] Level 1:colcon.colcon_core.environment:checking '/home/keime/mros2_ws/install/micro_ros_agent/lib'
[5.373s] Level 1:colcon.colcon_core.shell:create_environment_hook('micro_ros_agent', 'ld_library_path_lib')
[5.382s] INFO:colcon.colcon_core.shell:Creating environment hook '/home/keime/mros2_ws/install/micro_ros_agent/share/micro_ros_agent/hook/ld_library_path_lib.ps1'
[5.382s] INFO:colcon.colcon_core.shell:Creating environment descriptor '/home/keime/mros2_ws/install/micro_ros_agent/share/micro_ros_agent/hook/ld_library_path_lib.dsv'
[5.382s] INFO:colcon.colcon_core.shell:Creating environment hook '/home/keime/mros2_ws/install/micro_ros_agent/share/micro_ros_agent/hook/ld_library_path_lib.sh'
[5.382s] Level 1:colcon.colcon_core.environment:checking '/home/keime/mros2_ws/install/micro_ros_agent/bin'
[5.382s] Level 1:colcon.colcon_core.environment:checking '/home/keime/mros2_ws/install/micro_ros_agent/lib/pkgconfig/micro_ros_agent.pc'
[5.383s] Level 1:colcon.colcon_core.environment:checking '/home/keime/mros2_ws/install/micro_ros_agent/lib/python3.10/site-packages'
[5.383s] Level 1:colcon.colcon_core.environment:checking '/home/keime/mros2_ws/install/micro_ros_agent/bin'
[5.391s] INFO:colcon.colcon_core.shell:Creating package script '/home/keime/mros2_ws/install/micro_ros_agent/share/micro_ros_agent/package.ps1'
[5.391s] INFO:colcon.colcon_core.shell:Creating package descriptor '/home/keime/mros2_ws/install/micro_ros_agent/share/micro_ros_agent/package.dsv'
[5.392s] INFO:colcon.colcon_core.shell:Creating package script '/home/keime/mros2_ws/install/micro_ros_agent/share/micro_ros_agent/package.sh'
[5.392s] INFO:colcon.colcon_core.shell:Creating package script '/home/keime/mros2_ws/install/micro_ros_agent/share/micro_ros_agent/package.bash'
[5.392s] INFO:colcon.colcon_core.shell:Creating package script '/home/keime/mros2_ws/install/micro_ros_agent/share/micro_ros_agent/package.zsh'
[5.392s] Level 1:colcon.colcon_core.environment:create_file_with_runtime_dependencies(/home/keime/mros2_ws/install/micro_ros_agent/share/colcon-core/packages/micro_ros_agent)
[5.417s] Level 1:colcon.colcon_core.environment:create_environment_scripts_only(micro_ros_agent)
[5.425s] Level 1:colcon.colcon_core.environment:checking '/home/keime/mros2_ws/install/micro_ros_agent' for CMake module files
[5.425s] Level 1:colcon.colcon_core.environment:checking '/home/keime/mros2_ws/install/micro_ros_agent' for CMake config files
[5.426s] Level 1:colcon.colcon_core.shell:create_environment_hook('micro_ros_agent', 'cmake_prefix_path')
[5.434s] INFO:colcon.colcon_core.shell:Creating environment hook '/home/keime/mros2_ws/install/micro_ros_agent/share/micro_ros_agent/hook/cmake_prefix_path.ps1'
[5.434s] INFO:colcon.colcon_core.shell:Creating environment descriptor '/home/keime/mros2_ws/install/micro_ros_agent/share/micro_ros_agent/hook/cmake_prefix_path.dsv'
[5.435s] INFO:colcon.colcon_core.shell:Creating environment hook '/home/keime/mros2_ws/install/micro_ros_agent/share/micro_ros_agent/hook/cmake_prefix_path.sh'
[5.435s] Level 1:colcon.colcon_core.environment:checking '/home/keime/mros2_ws/install/micro_ros_agent/lib'
[5.435s] Level 1:colcon.colcon_core.shell:create_environment_hook('micro_ros_agent', 'ld_library_path_lib')
[5.443s] INFO:colcon.colcon_core.shell:Creating environment hook '/home/keime/mros2_ws/install/micro_ros_agent/share/micro_ros_agent/hook/ld_library_path_lib.ps1'
[5.444s] INFO:colcon.colcon_core.shell:Creating environment descriptor '/home/keime/mros2_ws/install/micro_ros_agent/share/micro_ros_agent/hook/ld_library_path_lib.dsv'
[5.444s] INFO:colcon.colcon_core.shell:Creating environment hook '/home/keime/mros2_ws/install/micro_ros_agent/share/micro_ros_agent/hook/ld_library_path_lib.sh'
[5.444s] Level 1:colcon.colcon_core.environment:checking '/home/keime/mros2_ws/install/micro_ros_agent/bin'
[5.444s] Level 1:colcon.colcon_core.environment:checking '/home/keime/mros2_ws/install/micro_ros_agent/lib/pkgconfig/micro_ros_agent.pc'
[5.444s] Level 1:colcon.colcon_core.environment:checking '/home/keime/mros2_ws/install/micro_ros_agent/lib/python3.10/site-packages'
[5.444s] Level 1:colcon.colcon_core.environment:checking '/home/keime/mros2_ws/install/micro_ros_agent/bin'
[5.453s] INFO:colcon.colcon_core.shell:Creating package script '/home/keime/mros2_ws/install/micro_ros_agent/share/micro_ros_agent/package.ps1'
[5.453s] INFO:colcon.colcon_core.shell:Creating package descriptor '/home/keime/mros2_ws/install/micro_ros_agent/share/micro_ros_agent/package.dsv'
[5.453s] INFO:colcon.colcon_core.shell:Creating package script '/home/keime/mros2_ws/install/micro_ros_agent/share/micro_ros_agent/package.sh'
[5.454s] INFO:colcon.colcon_core.shell:Creating package script '/home/keime/mros2_ws/install/micro_ros_agent/share/micro_ros_agent/package.bash'
[5.454s] INFO:colcon.colcon_core.shell:Creating package script '/home/keime/mros2_ws/install/micro_ros_agent/share/micro_ros_agent/package.zsh'
[5.454s] Level 1:colcon.colcon_core.environment:create_file_with_runtime_dependencies(/home/keime/mros2_ws/install/micro_ros_agent/share/colcon-core/packages/micro_ros_agent)
[5.454s] DEBUG:colcon.colcon_parallel_executor.executor.parallel:closing loop
[5.454s] DEBUG:colcon.colcon_parallel_executor.executor.parallel:loop closed
[5.454s] DEBUG:colcon.colcon_parallel_executor.executor.parallel:run_until_complete finished with '0'
[5.454s] DEBUG:colcon.colcon_core.event_reactor:joining thread
[5.493s] INFO:colcon.colcon_core.plugin_system:Skipping extension 'colcon_notification.desktop_notification.notify_send': Could not find 'notify-send'
[5.493s] INFO:colcon.colcon_core.plugin_system:Skipping extension 'colcon_notification.desktop_notification.terminal_notifier': Not used on non-Darwin systems
[5.493s] INFO:colcon.colcon_core.plugin_system:Skipping extension 'colcon_notification.desktop_notification.win32': Not used on non-Windows systems
[5.493s] INFO:colcon.colcon_notification.desktop_notification:Sending desktop notification using 'notify2'
[5.493s] DEBUG:colcon.colcon_notification.desktop_notification.notify2:Failed to initialize notify2: org.freedesktop.DBus.Error.FileNotFound: Failed to connect to socket /run/user/1000/bus: No such file or directory
[5.494s] DEBUG:colcon.colcon_core.event_reactor:joined thread
[5.503s] INFO:colcon.colcon_core.shell:Creating prefix script '/home/keime/mros2_ws/install/local_setup.ps1'
[5.504s] INFO:colcon.colcon_core.shell:Creating prefix util module '/home/keime/mros2_ws/install/_local_setup_util_ps1.py'
[5.506s] INFO:colcon.colcon_core.shell:Creating prefix chain script '/home/keime/mros2_ws/install/setup.ps1'
[5.516s] INFO:colcon.colcon_core.shell:Creating prefix script '/home/keime/mros2_ws/install/local_setup.sh'
[5.517s] INFO:colcon.colcon_core.shell:Creating prefix util module '/home/keime/mros2_ws/install/_local_setup_util_sh.py'
[5.517s] INFO:colcon.colcon_core.shell:Creating prefix chain script '/home/keime/mros2_ws/install/setup.sh'
[5.527s] INFO:colcon.colcon_core.shell:Creating prefix script '/home/keime/mros2_ws/install/local_setup.bash'
[5.528s] INFO:colcon.colcon_core.shell:Creating prefix chain script '/home/keime/mros2_ws/install/setup.bash'
[5.538s] INFO:colcon.colcon_core.shell:Creating prefix script '/home/keime/mros2_ws/install/local_setup.zsh'
[5.539s] INFO:colcon.colcon_core.shell:Creating prefix chain script '/home/keime/mros2_ws/install/setup.zsh'
